[2020-02-15 17:21:12] local.ERROR: PDOException: SQLSTATE[HY000] [1040] Too many connections in /home/yeajobesk/public_html/backend/vendor/illuminate/database/Connectors/Connector.php:70
Stack trace:
#0 /home/yeajobesk/public_html/backend/vendor/illuminate/database/Connectors/Connector.php(70): PDO->__construct('mysql:host=127....', 'yeajobesk_devec...', 'Gmail@me123', Array)
#1 /home/yeajobesk/public_html/backend/vendor/illuminate/database/Connectors/Connector.php(46): Illuminate\Database\Connectors\Connector->createPdoConnection('mysql:host=127....', 'yeajobesk_devec...', 'Gmail@me123', Array)
#2 /home/yeajobesk/public_html/backend/vendor/illuminate/database/Connectors/MySqlConnector.php(24): Illuminate\Database\Connectors\Connector->createConnection('mysql:host=127....', Array, Array)
#3 /home/yeajobesk/public_html/backend/vendor/illuminate/database/Connectors/ConnectionFactory.php(182): Illuminate\Database\Connectors\MySqlConnector->connect(Array)
#4 [internal function]: Illuminate\Database\Connectors\ConnectionFactory->Illuminate\Database\Connectors\{closure}()
#5 /home/yeajobesk/public_html/backend/vendor/illuminate/database/Connection.php(918): call_user_func(Object(Closure))
#6 /home/yeajobesk/public_html/backend/vendor/illuminate/database/Connection.php(943): Illuminate\Database\Connection->getPdo()
#7 /home/yeajobesk/public_html/backend/vendor/illuminate/database/Connection.php(399): Illuminate\Database\Connection->getReadPdo()
#8 /home/yeajobesk/public_html/backend/vendor/illuminate/database/Connection.php(325): Illuminate\Database\Connection->getPdoForSelect(true)
#9 /home/yeajobesk/public_html/backend/vendor/illuminate/database/Connection.php(657): Illuminate\Database\Connection->Illuminate\Database\{closure}('select * from `...', Array)
#10 /home/yeajobesk/public_html/backend/vendor/illuminate/database/Connection.php(624): Illuminate\Database\Connection->runQueryCallback('select * from `...', Array, Object(Closure))
#11 /home/yeajobesk/public_html/backend/vendor/illuminate/database/Connection.php(333): Illuminate\Database\Connection->run('select * from `...', Array, Object(Closure))
#12 /home/yeajobesk/public_html/backend/vendor/illuminate/database/Query/Builder.php(2095): Illuminate\Database\Connection->select('select * from `...', Array, true)
#13 /home/yeajobesk/public_html/backend/vendor/illuminate/database/Query/Builder.php(2083): Illuminate\Database\Query\Builder->runSelect()
#14 /home/yeajobesk/public_html/backend/vendor/illuminate/database/Query/Builder.php(2569): Illuminate\Database\Query\Builder->Illuminate\Database\Query\{closure}()
#15 /home/yeajobesk/public_html/backend/vendor/illuminate/database/Query/Builder.php(2084): Illuminate\Database\Query\Builder->onceWithColumns(Array, Object(Closure))
#16 /home/yeajobesk/public_html/backend/vendor/illuminate/database/Eloquent/Builder.php(519): Illuminate\Database\Query\Builder->get(Array)
#17 /home/yeajobesk/public_html/backend/vendor/illuminate/database/Eloquent/Builder.php(503): Illuminate\Database\Eloquent\Builder->getModels(Array)
#18 /home/yeajobesk/public_html/backend/vendor/illuminate/database/Concerns/BuildsQueries.php(77): Illuminate\Database\Eloquent\Builder->get(Array)
#19 /home/yeajobesk/public_html/backend/app/Http/Controllers/userController.php(505): Illuminate\Database\Eloquent\Builder->first()
#20 [internal function]: App\Http\Controllers\userController->forgotPassword(Object(Laravel\Lumen\Http\Request))
#21 /home/yeajobesk/public_html/backend/vendor/illuminate/container/BoundMethod.php(29): call_user_func_array(Array, Array)
#22 /home/yeajobesk/public_html/backend/vendor/illuminate/container/BoundMethod.php(87): Illuminate\Container\BoundMethod::Illuminate\Container\{closure}()
#23 /home/yeajobesk/public_html/backend/vendor/illuminate/container/BoundMethod.php(31): Illuminate\Container\BoundMethod::callBoundMethod(Object(Laravel\Lumen\Application), Array, Object(Closure))
#24 /home/yeajobesk/public_html/backend/vendor/illuminate/container/Container.php(572): Illuminate\Container\BoundMethod::call(Object(Laravel\Lumen\Application), Array, Array, NULL)
#25 /home/yeajobesk/public_html/backend/vendor/laravel/lumen-framework/src/Concerns/RoutesRequests.php(378): Illuminate\Container\Container->call(Array, Array)
#26 /home/yeajobesk/public_html/backend/vendor/laravel/lumen-framework/src/Concerns/RoutesRequests.php(344): Laravel\Lumen\Application->callControllerCallable(Array, Array)
#27 /home/yeajobesk/public_html/backend/vendor/laravel/lumen-framework/src/Concerns/RoutesRequests.php(318): Laravel\Lumen\Application->callLumenController(Object(App\Http\Controllers\userController), 'forgotPassword', Array)
#28 /home/yeajobesk/public_html/backend/vendor/laravel/lumen-framework/src/Concerns/RoutesRequests.php(280): Laravel\Lumen\Application->callControllerAction(Array)
#29 /home/yeajobesk/public_html/backend/vendor/laravel/lumen-framework/src/Concerns/RoutesRequests.php(265): Laravel\Lumen\Application->callActionOnArrayBasedRoute(Array)
#30 /home/yeajobesk/public_html/backend/vendor/laravel/lumen-framework/src/Concerns/RoutesRequests.php(165): Laravel\Lumen\Application->handleFoundRoute(Array)
#31 [internal function]: Laravel\Lumen\Application->Laravel\Lumen\Concerns\{closure}(Object(Laravel\Lumen\Http\Request))
#32 /home/yeajobesk/public_html/backend/vendor/laravel/lumen-framework/src/Routing/Pipeline.php(52): call_user_func(Object(Closure), Object(Laravel\Lumen\Http\Request))
#33 /home/yeajobesk/public_html/backend/app/Http/Middleware/PreflightResponse.php(32): Laravel\Lumen\Routing\Pipeline->Laravel\Lumen\Routing\{closure}(Object(Laravel\Lumen\Http\Request))
#34 /home/yeajobesk/public_html/backend/vendor/illuminate/pipeline/Pipeline.php(163): App\Http\Middleware\PreflightResponse->handle(Object(Laravel\Lumen\Http\Request), Object(Closure))
#35 [internal function]: Illuminate\Pipeline\Pipeline->Illuminate\Pipeline\{closure}(Object(Laravel\Lumen\Http\Request))
#36 /home/yeajobesk/public_html/backend/vendor/laravel/lumen-framework/src/Routing/Pipeline.php(32): call_user_func(Object(Closure), Object(Laravel\Lumen\Http\Request))
#37 /home/yeajobesk/public_html/backend/vendor/illuminate/pipeline/Pipeline.php(104): Laravel\Lumen\Routing\Pipeline->Laravel\Lumen\Routing\{closure}(Object(Laravel\Lumen\Http\Request))
#38 /home/yeajobesk/public_html/backend/vendor/laravel/lumen-framework/src/Concerns/RoutesRequests.php(415): Illuminate\Pipeline\Pipeline->then(Object(Closure))
#39 /home/yeajobesk/public_html/backend/vendor/laravel/lumen-framework/src/Concerns/RoutesRequests.php(171): Laravel\Lumen\Application->sendThroughPipeline(Array, Object(Closure))
#40 /home/yeajobesk/public_html/backend/vendor/laravel/lumen-framework/src/Concerns/RoutesRequests.php(108): Laravel\Lumen\Application->dispatch(NULL)
#41 /home/yeajobesk/public_html/backend/public/index.php(28): Laravel\Lumen\Application->run()
#42 {main}

Next Illuminate\Database\QueryException: SQLSTATE[HY000] [1040] Too many connections (SQL: select * from `users` where `email` = franciscaamevor2@gmail.com limit 1) in /home/yeajobesk/public_html/backend/vendor/illuminate/database/Connection.php:664
Stack trace:
#0 /home/yeajobesk/public_html/backend/vendor/illuminate/database/Connection.php(624): Illuminate\Database\Connection->runQueryCallback('select * from `...', Array, Object(Closure))
#1 /home/yeajobesk/public_html/backend/vendor/illuminate/database/Connection.php(333): Illuminate\Database\Connection->run('select * from `...', Array, Object(Closure))
#2 /home/yeajobesk/public_html/backend/vendor/illuminate/database/Query/Builder.php(2095): Illuminate\Database\Connection->select('select * from `...', Array, true)
#3 /home/yeajobesk/public_html/backend/vendor/illuminate/database/Query/Builder.php(2083): Illuminate\Database\Query\Builder->runSelect()
#4 /home/yeajobesk/public_html/backend/vendor/illuminate/database/Query/Builder.php(2569): Illuminate\Database\Query\Builder->Illuminate\Database\Query\{closure}()
#5 /home/yeajobesk/public_html/backend/vendor/illuminate/database/Query/Builder.php(2084): Illuminate\Database\Query\Builder->onceWithColumns(Array, Object(Closure))
#6 /home/yeajobesk/public_html/backend/vendor/illuminate/database/Eloquent/Builder.php(519): Illuminate\Database\Query\Builder->get(Array)
#7 /home/yeajobesk/public_html/backend/vendor/illuminate/database/Eloquent/Builder.php(503): Illuminate\Database\Eloquent\Builder->getModels(Array)
#8 /home/yeajobesk/public_html/backend/vendor/illuminate/database/Concerns/BuildsQueries.php(77): Illuminate\Database\Eloquent\Builder->get(Array)
#9 /home/yeajobesk/public_html/backend/app/Http/Controllers/userController.php(505): Illuminate\Database\Eloquent\Builder->first()
#10 [internal function]: App\Http\Controllers\userController->forgotPassword(Object(Laravel\Lumen\Http\Request))
#11 /home/yeajobesk/public_html/backend/vendor/illuminate/container/BoundMethod.php(29): call_user_func_array(Array, Array)
#12 /home/yeajobesk/public_html/backend/vendor/illuminate/container/BoundMethod.php(87): Illuminate\Container\BoundMethod::Illuminate\Container\{closure}()
#13 /home/yeajobesk/public_html/backend/vendor/illuminate/container/BoundMethod.php(31): Illuminate\Container\BoundMethod::callBoundMethod(Object(Laravel\Lumen\Application), Array, Object(Closure))
#14 /home/yeajobesk/public_html/backend/vendor/illuminate/container/Container.php(572): Illuminate\Container\BoundMethod::call(Object(Laravel\Lumen\Application), Array, Array, NULL)
#15 /home/yeajobesk/public_html/backend/vendor/laravel/lumen-framework/src/Concerns/RoutesRequests.php(378): Illuminate\Container\Container->call(Array, Array)
#16 /home/yeajobesk/public_html/backend/vendor/laravel/lumen-framework/src/Concerns/RoutesRequests.php(344): Laravel\Lumen\Application->callControllerCallable(Array, Array)
#17 /home/yeajobesk/public_html/backend/vendor/laravel/lumen-framework/src/Concerns/RoutesRequests.php(318): Laravel\Lumen\Application->callLumenController(Object(App\Http\Controllers\userController), 'forgotPassword', Array)
#18 /home/yeajobesk/public_html/backend/vendor/laravel/lumen-framework/src/Concerns/RoutesRequests.php(280): Laravel\Lumen\Application->callControllerAction(Array)
#19 /home/yeajobesk/public_html/backend/vendor/laravel/lumen-framework/src/Concerns/RoutesRequests.php(265): Laravel\Lumen\Application->callActionOnArrayBasedRoute(Array)
#20 /home/yeajobesk/public_html/backend/vendor/laravel/lumen-framework/src/Concerns/RoutesRequests.php(165): Laravel\Lumen\Application->handleFoundRoute(Array)
#21 [internal function]: Laravel\Lumen\Application->Laravel\Lumen\Concerns\{closure}(Object(Laravel\Lumen\Http\Request))
#22 /home/yeajobesk/public_html/backend/vendor/laravel/lumen-framework/src/Routing/Pipeline.php(52): call_user_func(Object(Closure), Object(Laravel\Lumen\Http\Request))
#23 /home/yeajobesk/public_html/backend/app/Http/Middleware/PreflightResponse.php(32): Laravel\Lumen\Routing\Pipeline->Laravel\Lumen\Routing\{closure}(Object(Laravel\Lumen\Http\Request))
#24 /home/yeajobesk/public_html/backend/vendor/illuminate/pipeline/Pipeline.php(163): App\Http\Middleware\PreflightResponse->handle(Object(Laravel\Lumen\Http\Request), Object(Closure))
#25 [internal function]: Illuminate\Pipeline\Pipeline->Illuminate\Pipeline\{closure}(Object(Laravel\Lumen\Http\Request))
#26 /home/yeajobesk/public_html/backend/vendor/laravel/lumen-framework/src/Routing/Pipeline.php(32): call_user_func(Object(Closure), Object(Laravel\Lumen\Http\Request))
#27 /home/yeajobesk/public_html/backend/vendor/illuminate/pipeline/Pipeline.php(104): Laravel\Lumen\Routing\Pipeline->Laravel\Lumen\Routing\{closure}(Object(Laravel\Lumen\Http\Request))
#28 /home/yeajobesk/public_html/backend/vendor/laravel/lumen-framework/src/Concerns/RoutesRequests.php(415): Illuminate\Pipeline\Pipeline->then(Object(Closure))
#29 /home/yeajobesk/public_html/backend/vendor/laravel/lumen-framework/src/Concerns/RoutesRequests.php(171): Laravel\Lumen\Application->sendThroughPipeline(Array, Object(Closure))
#30 /home/yeajobesk/public_html/backend/vendor/laravel/lumen-framework/src/Concerns/RoutesRequests.php(108): Laravel\Lumen\Application->dispatch(NULL)
#31 /home/yeajobesk/public_html/backend/public/index.php(28): Laravel\Lumen\Application->run()
#32 {main} {"exception":"[object] (Illuminate\\Database\\QueryException(code: 1040): SQLSTATE[HY000] [1040] Too many connections (SQL: select * from `users` where `email` = franciscaamevor2@gmail.com limit 1) at /home/yeajobesk/public_html/backend/vendor/illuminate/database/Connection.php:664, PDOException(code: 1040): SQLSTATE[HY000] [1040] Too many connections at /home/yeajobesk/public_html/backend/vendor/illuminate/database/Connectors/Connector.php:70)
[stacktrace]
#0 /home/yeajobesk/public_html/backend/vendor/illuminate/database/Connection.php(624): Illuminate\\Database\\Connection->runQueryCallback('select * from `...', Array, Object(Closure))
#1 /home/yeajobesk/public_html/backend/vendor/illuminate/database/Connection.php(333): Illuminate\\Database\\Connection->run('select * from `...', Array, Object(Closure))
#2 /home/yeajobesk/public_html/backend/vendor/illuminate/database/Query/Builder.php(2095): Illuminate\\Database\\Connection->select('select * from `...', Array, true)
#3 /home/yeajobesk/public_html/backend/vendor/illuminate/database/Query/Builder.php(2083): Illuminate\\Database\\Query\\Builder->runSelect()
#4 /home/yeajobesk/public_html/backend/vendor/illuminate/database/Query/Builder.php(2569): Illuminate\\Database\\Query\\Builder->Illuminate\\Database\\Query\\{closure}()
#5 /home/yeajobesk/public_html/backend/vendor/illuminate/database/Query/Builder.php(2084): Illuminate\\Database\\Query\\Builder->onceWithColumns(Array, Object(Closure))
#6 /home/yeajobesk/public_html/backend/vendor/illuminate/database/Eloquent/Builder.php(519): Illuminate\\Database\\Query\\Builder->get(Array)
#7 /home/yeajobesk/public_html/backend/vendor/illuminate/database/Eloquent/Builder.php(503): Illuminate\\Database\\Eloquent\\Builder->getModels(Array)
#8 /home/yeajobesk/public_html/backend/vendor/illuminate/database/Concerns/BuildsQueries.php(77): Illuminate\\Database\\Eloquent\\Builder->get(Array)
#9 /home/yeajobesk/public_html/backend/app/Http/Controllers/userController.php(505): Illuminate\\Database\\Eloquent\\Builder->first()
#10 [internal function]: App\\Http\\Controllers\\userController->forgotPassword(Object(Laravel\\Lumen\\Http\\Request))
#11 /home/yeajobesk/public_html/backend/vendor/illuminate/container/BoundMethod.php(29): call_user_func_array(Array, Array)
#12 /home/yeajobesk/public_html/backend/vendor/illuminate/container/BoundMethod.php(87): Illuminate\\Container\\BoundMethod::Illuminate\\Container\\{closure}()
#13 /home/yeajobesk/public_html/backend/vendor/illuminate/container/BoundMethod.php(31): Illuminate\\Container\\BoundMethod::callBoundMethod(Object(Laravel\\Lumen\\Application), Array, Object(Closure))
#14 /home/yeajobesk/public_html/backend/vendor/illuminate/container/Container.php(572): Illuminate\\Container\\BoundMethod::call(Object(Laravel\\Lumen\\Application), Array, Array, NULL)
#15 /home/yeajobesk/public_html/backend/vendor/laravel/lumen-framework/src/Concerns/RoutesRequests.php(378): Illuminate\\Container\\Container->call(Array, Array)
#16 /home/yeajobesk/public_html/backend/vendor/laravel/lumen-framework/src/Concerns/RoutesRequests.php(344): Laravel\\Lumen\\Application->callControllerCallable(Array, Array)
#17 /home/yeajobesk/public_html/backend/vendor/laravel/lumen-framework/src/Concerns/RoutesRequests.php(318): Laravel\\Lumen\\Application->callLumenController(Object(App\\Http\\Controllers\\userController), 'forgotPassword', Array)
#18 /home/yeajobesk/public_html/backend/vendor/laravel/lumen-framework/src/Concerns/RoutesRequests.php(280): Laravel\\Lumen\\Application->callControllerAction(Array)
#19 /home/yeajobesk/public_html/backend/vendor/laravel/lumen-framework/src/Concerns/RoutesRequests.php(265): Laravel\\Lumen\\Application->callActionOnArrayBasedRoute(Array)
#20 /home/yeajobesk/public_html/backend/vendor/laravel/lumen-framework/src/Concerns/RoutesRequests.php(165): Laravel\\Lumen\\Application->handleFoundRoute(Array)
#21 [internal function]: Laravel\\Lumen\\Application->Laravel\\Lumen\\Concerns\\{closure}(Object(Laravel\\Lumen\\Http\\Request))
#22 /home/yeajobesk/public_html/backend/vendor/laravel/lumen-framework/src/Routing/Pipeline.php(52): call_user_func(Object(Closure), Object(Laravel\\Lumen\\Http\\Request))
#23 /home/yeajobesk/public_html/backend/app/Http/Middleware/PreflightResponse.php(32): Laravel\\Lumen\\Routing\\Pipeline->Laravel\\Lumen\\Routing\\{closure}(Object(Laravel\\Lumen\\Http\\Request))
#24 /home/yeajobesk/public_html/backend/vendor/illuminate/pipeline/Pipeline.php(163): App\\Http\\Middleware\\PreflightResponse->handle(Object(Laravel\\Lumen\\Http\\Request), Object(Closure))
#25 [internal function]: Illuminate\\Pipeline\\Pipeline->Illuminate\\Pipeline\\{closure}(Object(Laravel\\Lumen\\Http\\Request))
#26 /home/yeajobesk/public_html/backend/vendor/laravel/lumen-framework/src/Routing/Pipeline.php(32): call_user_func(Object(Closure), Object(Laravel\\Lumen\\Http\\Request))
#27 /home/yeajobesk/public_html/backend/vendor/illuminate/pipeline/Pipeline.php(104): Laravel\\Lumen\\Routing\\Pipeline->Laravel\\Lumen\\Routing\\{closure}(Object(Laravel\\Lumen\\Http\\Request))
#28 /home/yeajobesk/public_html/backend/vendor/laravel/lumen-framework/src/Concerns/RoutesRequests.php(415): Illuminate\\Pipeline\\Pipeline->then(Object(Closure))
#29 /home/yeajobesk/public_html/backend/vendor/laravel/lumen-framework/src/Concerns/RoutesRequests.php(171): Laravel\\Lumen\\Application->sendThroughPipeline(Array, Object(Closure))
#30 /home/yeajobesk/public_html/backend/vendor/laravel/lumen-framework/src/Concerns/RoutesRequests.php(108): Laravel\\Lumen\\Application->dispatch(NULL)
#31 /home/yeajobesk/public_html/backend/public/index.php(28): Laravel\\Lumen\\Application->run()
#32 {main}
"} 
