[2019-07-19 14:21:54] local.ERROR: PDOException: SQLSTATE[42S22]: Column not found: 1054 Unknown column 'sponsorName' in 'field list' in /home/yeajobesk/public_html/backend/vendor/illuminate/database/Connection.php:479
Stack trace:
#0 /home/yeajobesk/public_html/backend/vendor/illuminate/database/Connection.php(479): PDO->prepare('update `users` ...')
#1 /home/yeajobesk/public_html/backend/vendor/illuminate/database/Connection.php(657): Illuminate\Database\Connection->Illuminate\Database\{closure}('update `users` ...', Array)
#2 /home/yeajobesk/public_html/backend/vendor/illuminate/database/Connection.php(624): Illuminate\Database\Connection->runQueryCallback('update `users` ...', Array, Object(Closure))
#3 /home/yeajobesk/public_html/backend/vendor/illuminate/database/Connection.php(490): Illuminate\Database\Connection->run('update `users` ...', Array, Object(Closure))
#4 /home/yeajobesk/public_html/backend/vendor/illuminate/database/Connection.php(423): Illuminate\Database\Connection->affectingStatement('update `users` ...', Array)
#5 /home/yeajobesk/public_html/backend/vendor/illuminate/database/Query/Builder.php(2659): Illuminate\Database\Connection->update('update `users` ...', Array)
#6 /home/yeajobesk/public_html/backend/app/Http/Controllers/sponsorsController.php(357): Illuminate\Database\Query\Builder->update(Array)
#7 [internal function]: App\Http\Controllers\sponsorsController->update('1600', Object(Laravel\Lumen\Http\Request))
#8 /home/yeajobesk/public_html/backend/vendor/illuminate/container/BoundMethod.php(29): call_user_func_array(Array, Array)
#9 /home/yeajobesk/public_html/backend/vendor/illuminate/container/BoundMethod.php(87): Illuminate\Container\BoundMethod::Illuminate\Container\{closure}()
#10 /home/yeajobesk/public_html/backend/vendor/illuminate/container/BoundMethod.php(31): Illuminate\Container\BoundMethod::callBoundMethod(Object(Laravel\Lumen\Application), Array, Object(Closure))
#11 /home/yeajobesk/public_html/backend/vendor/illuminate/container/Container.php(572): Illuminate\Container\BoundMethod::call(Object(Laravel\Lumen\Application), Array, Array, NULL)
#12 /home/yeajobesk/public_html/backend/vendor/laravel/lumen-framework/src/Concerns/RoutesRequests.php(378): Illuminate\Container\Container->call(Array, Array)
#13 /home/yeajobesk/public_html/backend/vendor/laravel/lumen-framework/src/Concerns/RoutesRequests.php(344): Laravel\Lumen\Application->callControllerCallable(Array, Array)
#14 /home/yeajobesk/public_html/backend/vendor/laravel/lumen-framework/src/Concerns/RoutesRequests.php(318): Laravel\Lumen\Application->callLumenController(Object(App\Http\Controllers\sponsorsController), 'update', Array)
#15 /home/yeajobesk/public_html/backend/vendor/laravel/lumen-framework/src/Concerns/RoutesRequests.php(280): Laravel\Lumen\Application->callControllerAction(Array)
#16 /home/yeajobesk/public_html/backend/vendor/laravel/lumen-framework/src/Concerns/RoutesRequests.php(265): Laravel\Lumen\Application->callActionOnArrayBasedRoute(Array)
#17 /home/yeajobesk/public_html/backend/vendor/laravel/lumen-framework/src/Concerns/RoutesRequests.php(235): Laravel\Lumen\Application->handleFoundRoute(Array)
#18 /home/yeajobesk/public_html/backend/vendor/laravel/lumen-framework/src/Concerns/RoutesRequests.php(169): Laravel\Lumen\Application->handleDispatcherResponse(Array)
#19 [internal function]: Laravel\Lumen\Application->Laravel\Lumen\Concerns\{closure}(Object(Laravel\Lumen\Http\Request))
#20 /home/yeajobesk/public_html/backend/vendor/laravel/lumen-framework/src/Routing/Pipeline.php(52): call_user_func(Object(Closure), Object(Laravel\Lumen\Http\Request))
#21 /home/yeajobesk/public_html/backend/app/Http/Middleware/PreflightResponse.php(32): Laravel\Lumen\Routing\Pipeline->Laravel\Lumen\Routing\{closure}(Object(Laravel\Lumen\Http\Request))
#22 /home/yeajobesk/public_html/backend/vendor/illuminate/pipeline/Pipeline.php(163): App\Http\Middleware\PreflightResponse->handle(Object(Laravel\Lumen\Http\Request), Object(Closure))
#23 [internal function]: Illuminate\Pipeline\Pipeline->Illuminate\Pipeline\{closure}(Object(Laravel\Lumen\Http\Request))
#24 /home/yeajobesk/public_html/backend/vendor/laravel/lumen-framework/src/Routing/Pipeline.php(32): call_user_func(Object(Closure), Object(Laravel\Lumen\Http\Request))
#25 /home/yeajobesk/public_html/backend/vendor/illuminate/pipeline/Pipeline.php(104): Laravel\Lumen\Routing\Pipeline->Laravel\Lumen\Routing\{closure}(Object(Laravel\Lumen\Http\Request))
#26 /home/yeajobesk/public_html/backend/vendor/laravel/lumen-framework/src/Concerns/RoutesRequests.php(415): Illuminate\Pipeline\Pipeline->then(Object(Closure))
#27 /home/yeajobesk/public_html/backend/vendor/laravel/lumen-framework/src/Concerns/RoutesRequests.php(171): Laravel\Lumen\Application->sendThroughPipeline(Array, Object(Closure))
#28 /home/yeajobesk/public_html/backend/vendor/laravel/lumen-framework/src/Concerns/RoutesRequests.php(108): Laravel\Lumen\Application->dispatch(NULL)
#29 /home/yeajobesk/public_html/backend/public/index.php(28): Laravel\Lumen\Application->run()
#30 {main}

Next Illuminate\Database\QueryException: SQLSTATE[42S22]: Column not found: 1054 Unknown column 'sponsorName' in 'field list' (SQL: update `users` set `sponsorName` = App , `sponsorTitle` = App Orchid, `sponsorshipLevel` = Main Sponsor, `sponsorwebLink` = https://www.apporchid.com/, `instaLink` = , `fbLink` = , `linkedInLink` = , `twitterLink` = , `sponsorDescription` = App Orchid is an exhibitor at TINtech&nbsp; where `id` = 1600) in /home/yeajobesk/public_html/backend/vendor/illuminate/database/Connection.php:664
Stack trace:
#0 /home/yeajobesk/public_html/backend/vendor/illuminate/database/Connection.php(624): Illuminate\Database\Connection->runQueryCallback('update `users` ...', Array, Object(Closure))
#1 /home/yeajobesk/public_html/backend/vendor/illuminate/database/Connection.php(490): Illuminate\Database\Connection->run('update `users` ...', Array, Object(Closure))
#2 /home/yeajobesk/public_html/backend/vendor/illuminate/database/Connection.php(423): Illuminate\Database\Connection->affectingStatement('update `users` ...', Array)
#3 /home/yeajobesk/public_html/backend/vendor/illuminate/database/Query/Builder.php(2659): Illuminate\Database\Connection->update('update `users` ...', Array)
#4 /home/yeajobesk/public_html/backend/app/Http/Controllers/sponsorsController.php(357): Illuminate\Database\Query\Builder->update(Array)
#5 [internal function]: App\Http\Controllers\sponsorsController->update('1600', Object(Laravel\Lumen\Http\Request))
#6 /home/yeajobesk/public_html/backend/vendor/illuminate/container/BoundMethod.php(29): call_user_func_array(Array, Array)
#7 /home/yeajobesk/public_html/backend/vendor/illuminate/container/BoundMethod.php(87): Illuminate\Container\BoundMethod::Illuminate\Container\{closure}()
#8 /home/yeajobesk/public_html/backend/vendor/illuminate/container/BoundMethod.php(31): Illuminate\Container\BoundMethod::callBoundMethod(Object(Laravel\Lumen\Application), Array, Object(Closure))
#9 /home/yeajobesk/public_html/backend/vendor/illuminate/container/Container.php(572): Illuminate\Container\BoundMethod::call(Object(Laravel\Lumen\Application), Array, Array, NULL)
#10 /home/yeajobesk/public_html/backend/vendor/laravel/lumen-framework/src/Concerns/RoutesRequests.php(378): Illuminate\Container\Container->call(Array, Array)
#11 /home/yeajobesk/public_html/backend/vendor/laravel/lumen-framework/src/Concerns/RoutesRequests.php(344): Laravel\Lumen\Application->callControllerCallable(Array, Array)
#12 /home/yeajobesk/public_html/backend/vendor/laravel/lumen-framework/src/Concerns/RoutesRequests.php(318): Laravel\Lumen\Application->callLumenController(Object(App\Http\Controllers\sponsorsController), 'update', Array)
#13 /home/yeajobesk/public_html/backend/vendor/laravel/lumen-framework/src/Concerns/RoutesRequests.php(280): Laravel\Lumen\Application->callControllerAction(Array)
#14 /home/yeajobesk/public_html/backend/vendor/laravel/lumen-framework/src/Concerns/RoutesRequests.php(265): Laravel\Lumen\Application->callActionOnArrayBasedRoute(Array)
#15 /home/yeajobesk/public_html/backend/vendor/laravel/lumen-framework/src/Concerns/RoutesRequests.php(235): Laravel\Lumen\Application->handleFoundRoute(Array)
#16 /home/yeajobesk/public_html/backend/vendor/laravel/lumen-framework/src/Concerns/RoutesRequests.php(169): Laravel\Lumen\Application->handleDispatcherResponse(Array)
#17 [internal function]: Laravel\Lumen\Application->Laravel\Lumen\Concerns\{closure}(Object(Laravel\Lumen\Http\Request))
#18 /home/yeajobesk/public_html/backend/vendor/laravel/lumen-framework/src/Routing/Pipeline.php(52): call_user_func(Object(Closure), Object(Laravel\Lumen\Http\Request))
#19 /home/yeajobesk/public_html/backend/app/Http/Middleware/PreflightResponse.php(32): Laravel\Lumen\Routing\Pipeline->Laravel\Lumen\Routing\{closure}(Object(Laravel\Lumen\Http\Request))
#20 /home/yeajobesk/public_html/backend/vendor/illuminate/pipeline/Pipeline.php(163): App\Http\Middleware\PreflightResponse->handle(Object(Laravel\Lumen\Http\Request), Object(Closure))
#21 [internal function]: Illuminate\Pipeline\Pipeline->Illuminate\Pipeline\{closure}(Object(Laravel\Lumen\Http\Request))
#22 /home/yeajobesk/public_html/backend/vendor/laravel/lumen-framework/src/Routing/Pipeline.php(32): call_user_func(Object(Closure), Object(Laravel\Lumen\Http\Request))
#23 /home/yeajobesk/public_html/backend/vendor/illuminate/pipeline/Pipeline.php(104): Laravel\Lumen\Routing\Pipeline->Laravel\Lumen\Routing\{closure}(Object(Laravel\Lumen\Http\Request))
#24 /home/yeajobesk/public_html/backend/vendor/laravel/lumen-framework/src/Concerns/RoutesRequests.php(415): Illuminate\Pipeline\Pipeline->then(Object(Closure))
#25 /home/yeajobesk/public_html/backend/vendor/laravel/lumen-framework/src/Concerns/RoutesRequests.php(171): Laravel\Lumen\Application->sendThroughPipeline(Array, Object(Closure))
#26 /home/yeajobesk/public_html/backend/vendor/laravel/lumen-framework/src/Concerns/RoutesRequests.php(108): Laravel\Lumen\Application->dispatch(NULL)
#27 /home/yeajobesk/public_html/backend/public/index.php(28): Laravel\Lumen\Application->run()
#28 {main} {"exception":"[object] (Illuminate\\Database\\QueryException(code: 42S22): SQLSTATE[42S22]: Column not found: 1054 Unknown column 'sponsorName' in 'field list' (SQL: update `users` set `sponsorName` = App , `sponsorTitle` = App Orchid, `sponsorshipLevel` = Main Sponsor, `sponsorwebLink` = https://www.apporchid.com/, `instaLink` = , `fbLink` = , `linkedInLink` = , `twitterLink` = , `sponsorDescription` = App Orchid is an exhibitor at TINtech&nbsp; where `id` = 1600) at /home/yeajobesk/public_html/backend/vendor/illuminate/database/Connection.php:664, PDOException(code: 42S22): SQLSTATE[42S22]: Column not found: 1054 Unknown column 'sponsorName' in 'field list' at /home/yeajobesk/public_html/backend/vendor/illuminate/database/Connection.php:479)
[stacktrace]
#0 /home/yeajobesk/public_html/backend/vendor/illuminate/database/Connection.php(624): Illuminate\\Database\\Connection->runQueryCallback('update `users` ...', Array, Object(Closure))
#1 /home/yeajobesk/public_html/backend/vendor/illuminate/database/Connection.php(490): Illuminate\\Database\\Connection->run('update `users` ...', Array, Object(Closure))
#2 /home/yeajobesk/public_html/backend/vendor/illuminate/database/Connection.php(423): Illuminate\\Database\\Connection->affectingStatement('update `users` ...', Array)
#3 /home/yeajobesk/public_html/backend/vendor/illuminate/database/Query/Builder.php(2659): Illuminate\\Database\\Connection->update('update `users` ...', Array)
#4 /home/yeajobesk/public_html/backend/app/Http/Controllers/sponsorsController.php(357): Illuminate\\Database\\Query\\Builder->update(Array)
#5 [internal function]: App\\Http\\Controllers\\sponsorsController->update('1600', Object(Laravel\\Lumen\\Http\\Request))
#6 /home/yeajobesk/public_html/backend/vendor/illuminate/container/BoundMethod.php(29): call_user_func_array(Array, Array)
#7 /home/yeajobesk/public_html/backend/vendor/illuminate/container/BoundMethod.php(87): Illuminate\\Container\\BoundMethod::Illuminate\\Container\\{closure}()
#8 /home/yeajobesk/public_html/backend/vendor/illuminate/container/BoundMethod.php(31): Illuminate\\Container\\BoundMethod::callBoundMethod(Object(Laravel\\Lumen\\Application), Array, Object(Closure))
#9 /home/yeajobesk/public_html/backend/vendor/illuminate/container/Container.php(572): Illuminate\\Container\\BoundMethod::call(Object(Laravel\\Lumen\\Application), Array, Array, NULL)
#10 /home/yeajobesk/public_html/backend/vendor/laravel/lumen-framework/src/Concerns/RoutesRequests.php(378): Illuminate\\Container\\Container->call(Array, Array)
#11 /home/yeajobesk/public_html/backend/vendor/laravel/lumen-framework/src/Concerns/RoutesRequests.php(344): Laravel\\Lumen\\Application->callControllerCallable(Array, Array)
#12 /home/yeajobesk/public_html/backend/vendor/laravel/lumen-framework/src/Concerns/RoutesRequests.php(318): Laravel\\Lumen\\Application->callLumenController(Object(App\\Http\\Controllers\\sponsorsController), 'update', Array)
#13 /home/yeajobesk/public_html/backend/vendor/laravel/lumen-framework/src/Concerns/RoutesRequests.php(280): Laravel\\Lumen\\Application->callControllerAction(Array)
#14 /home/yeajobesk/public_html/backend/vendor/laravel/lumen-framework/src/Concerns/RoutesRequests.php(265): Laravel\\Lumen\\Application->callActionOnArrayBasedRoute(Array)
#15 /home/yeajobesk/public_html/backend/vendor/laravel/lumen-framework/src/Concerns/RoutesRequests.php(235): Laravel\\Lumen\\Application->handleFoundRoute(Array)
#16 /home/yeajobesk/public_html/backend/vendor/laravel/lumen-framework/src/Concerns/RoutesRequests.php(169): Laravel\\Lumen\\Application->handleDispatcherResponse(Array)
#17 [internal function]: Laravel\\Lumen\\Application->Laravel\\Lumen\\Concerns\\{closure}(Object(Laravel\\Lumen\\Http\\Request))
#18 /home/yeajobesk/public_html/backend/vendor/laravel/lumen-framework/src/Routing/Pipeline.php(52): call_user_func(Object(Closure), Object(Laravel\\Lumen\\Http\\Request))
#19 /home/yeajobesk/public_html/backend/app/Http/Middleware/PreflightResponse.php(32): Laravel\\Lumen\\Routing\\Pipeline->Laravel\\Lumen\\Routing\\{closure}(Object(Laravel\\Lumen\\Http\\Request))
#20 /home/yeajobesk/public_html/backend/vendor/illuminate/pipeline/Pipeline.php(163): App\\Http\\Middleware\\PreflightResponse->handle(Object(Laravel\\Lumen\\Http\\Request), Object(Closure))
#21 [internal function]: Illuminate\\Pipeline\\Pipeline->Illuminate\\Pipeline\\{closure}(Object(Laravel\\Lumen\\Http\\Request))
#22 /home/yeajobesk/public_html/backend/vendor/laravel/lumen-framework/src/Routing/Pipeline.php(32): call_user_func(Object(Closure), Object(Laravel\\Lumen\\Http\\Request))
#23 /home/yeajobesk/public_html/backend/vendor/illuminate/pipeline/Pipeline.php(104): Laravel\\Lumen\\Routing\\Pipeline->Laravel\\Lumen\\Routing\\{closure}(Object(Laravel\\Lumen\\Http\\Request))
#24 /home/yeajobesk/public_html/backend/vendor/laravel/lumen-framework/src/Concerns/RoutesRequests.php(415): Illuminate\\Pipeline\\Pipeline->then(Object(Closure))
#25 /home/yeajobesk/public_html/backend/vendor/laravel/lumen-framework/src/Concerns/RoutesRequests.php(171): Laravel\\Lumen\\Application->sendThroughPipeline(Array, Object(Closure))
#26 /home/yeajobesk/public_html/backend/vendor/laravel/lumen-framework/src/Concerns/RoutesRequests.php(108): Laravel\\Lumen\\Application->dispatch(NULL)
#27 /home/yeajobesk/public_html/backend/public/index.php(28): Laravel\\Lumen\\Application->run()
#28 {main}
"} 
[2019-07-19 14:25:02] local.ERROR: BadMethodCallException: Method Illuminate\Database\Eloquent\Collection::update does not exist. in /home/yeajobesk/public_html/backend/vendor/illuminate/support/Traits/Macroable.php:100
Stack trace:
#0 /home/yeajobesk/public_html/backend/app/Http/Controllers/sponsorsController.php(358): Illuminate\Support\Collection->__call('update', Array)
#1 [internal function]: App\Http\Controllers\sponsorsController->update('1600', Object(Laravel\Lumen\Http\Request))
#2 /home/yeajobesk/public_html/backend/vendor/illuminate/container/BoundMethod.php(29): call_user_func_array(Array, Array)
#3 /home/yeajobesk/public_html/backend/vendor/illuminate/container/BoundMethod.php(87): Illuminate\Container\BoundMethod::Illuminate\Container\{closure}()
#4 /home/yeajobesk/public_html/backend/vendor/illuminate/container/BoundMethod.php(31): Illuminate\Container\BoundMethod::callBoundMethod(Object(Laravel\Lumen\Application), Array, Object(Closure))
#5 /home/yeajobesk/public_html/backend/vendor/illuminate/container/Container.php(572): Illuminate\Container\BoundMethod::call(Object(Laravel\Lumen\Application), Array, Array, NULL)
#6 /home/yeajobesk/public_html/backend/vendor/laravel/lumen-framework/src/Concerns/RoutesRequests.php(378): Illuminate\Container\Container->call(Array, Array)
#7 /home/yeajobesk/public_html/backend/vendor/laravel/lumen-framework/src/Concerns/RoutesRequests.php(344): Laravel\Lumen\Application->callControllerCallable(Array, Array)
#8 /home/yeajobesk/public_html/backend/vendor/laravel/lumen-framework/src/Concerns/RoutesRequests.php(318): Laravel\Lumen\Application->callLumenController(Object(App\Http\Controllers\sponsorsController), 'update', Array)
#9 /home/yeajobesk/public_html/backend/vendor/laravel/lumen-framework/src/Concerns/RoutesRequests.php(280): Laravel\Lumen\Application->callControllerAction(Array)
#10 /home/yeajobesk/public_html/backend/vendor/laravel/lumen-framework/src/Concerns/RoutesRequests.php(265): Laravel\Lumen\Application->callActionOnArrayBasedRoute(Array)
#11 /home/yeajobesk/public_html/backend/vendor/laravel/lumen-framework/src/Concerns/RoutesRequests.php(235): Laravel\Lumen\Application->handleFoundRoute(Array)
#12 /home/yeajobesk/public_html/backend/vendor/laravel/lumen-framework/src/Concerns/RoutesRequests.php(169): Laravel\Lumen\Application->handleDispatcherResponse(Array)
#13 [internal function]: Laravel\Lumen\Application->Laravel\Lumen\Concerns\{closure}(Object(Laravel\Lumen\Http\Request))
#14 /home/yeajobesk/public_html/backend/vendor/laravel/lumen-framework/src/Routing/Pipeline.php(52): call_user_func(Object(Closure), Object(Laravel\Lumen\Http\Request))
#15 /home/yeajobesk/public_html/backend/app/Http/Middleware/PreflightResponse.php(32): Laravel\Lumen\Routing\Pipeline->Laravel\Lumen\Routing\{closure}(Object(Laravel\Lumen\Http\Request))
#16 /home/yeajobesk/public_html/backend/vendor/illuminate/pipeline/Pipeline.php(163): App\Http\Middleware\PreflightResponse->handle(Object(Laravel\Lumen\Http\Request), Object(Closure))
#17 [internal function]: Illuminate\Pipeline\Pipeline->Illuminate\Pipeline\{closure}(Object(Laravel\Lumen\Http\Request))
#18 /home/yeajobesk/public_html/backend/vendor/laravel/lumen-framework/src/Routing/Pipeline.php(32): call_user_func(Object(Closure), Object(Laravel\Lumen\Http\Request))
#19 /home/yeajobesk/public_html/backend/vendor/illuminate/pipeline/Pipeline.php(104): Laravel\Lumen\Routing\Pipeline->Laravel\Lumen\Routing\{closure}(Object(Laravel\Lumen\Http\Request))
#20 /home/yeajobesk/public_html/backend/vendor/laravel/lumen-framework/src/Concerns/RoutesRequests.php(415): Illuminate\Pipeline\Pipeline->then(Object(Closure))
#21 /home/yeajobesk/public_html/backend/vendor/laravel/lumen-framework/src/Concerns/RoutesRequests.php(171): Laravel\Lumen\Application->sendThroughPipeline(Array, Object(Closure))
#22 /home/yeajobesk/public_html/backend/vendor/laravel/lumen-framework/src/Concerns/RoutesRequests.php(108): Laravel\Lumen\Application->dispatch(NULL)
#23 /home/yeajobesk/public_html/backend/public/index.php(28): Laravel\Lumen\Application->run()
#24 {main} {"exception":"[object] (BadMethodCallException(code: 0): Method Illuminate\\Database\\Eloquent\\Collection::update does not exist. at /home/yeajobesk/public_html/backend/vendor/illuminate/support/Traits/Macroable.php:100)
[stacktrace]
#0 /home/yeajobesk/public_html/backend/app/Http/Controllers/sponsorsController.php(358): Illuminate\\Support\\Collection->__call('update', Array)
#1 [internal function]: App\\Http\\Controllers\\sponsorsController->update('1600', Object(Laravel\\Lumen\\Http\\Request))
#2 /home/yeajobesk/public_html/backend/vendor/illuminate/container/BoundMethod.php(29): call_user_func_array(Array, Array)
#3 /home/yeajobesk/public_html/backend/vendor/illuminate/container/BoundMethod.php(87): Illuminate\\Container\\BoundMethod::Illuminate\\Container\\{closure}()
#4 /home/yeajobesk/public_html/backend/vendor/illuminate/container/BoundMethod.php(31): Illuminate\\Container\\BoundMethod::callBoundMethod(Object(Laravel\\Lumen\\Application), Array, Object(Closure))
#5 /home/yeajobesk/public_html/backend/vendor/illuminate/container/Container.php(572): Illuminate\\Container\\BoundMethod::call(Object(Laravel\\Lumen\\Application), Array, Array, NULL)
#6 /home/yeajobesk/public_html/backend/vendor/laravel/lumen-framework/src/Concerns/RoutesRequests.php(378): Illuminate\\Container\\Container->call(Array, Array)
#7 /home/yeajobesk/public_html/backend/vendor/laravel/lumen-framework/src/Concerns/RoutesRequests.php(344): Laravel\\Lumen\\Application->callControllerCallable(Array, Array)
#8 /home/yeajobesk/public_html/backend/vendor/laravel/lumen-framework/src/Concerns/RoutesRequests.php(318): Laravel\\Lumen\\Application->callLumenController(Object(App\\Http\\Controllers\\sponsorsController), 'update', Array)
#9 /home/yeajobesk/public_html/backend/vendor/laravel/lumen-framework/src/Concerns/RoutesRequests.php(280): Laravel\\Lumen\\Application->callControllerAction(Array)
#10 /home/yeajobesk/public_html/backend/vendor/laravel/lumen-framework/src/Concerns/RoutesRequests.php(265): Laravel\\Lumen\\Application->callActionOnArrayBasedRoute(Array)
#11 /home/yeajobesk/public_html/backend/vendor/laravel/lumen-framework/src/Concerns/RoutesRequests.php(235): Laravel\\Lumen\\Application->handleFoundRoute(Array)
#12 /home/yeajobesk/public_html/backend/vendor/laravel/lumen-framework/src/Concerns/RoutesRequests.php(169): Laravel\\Lumen\\Application->handleDispatcherResponse(Array)
#13 [internal function]: Laravel\\Lumen\\Application->Laravel\\Lumen\\Concerns\\{closure}(Object(Laravel\\Lumen\\Http\\Request))
#14 /home/yeajobesk/public_html/backend/vendor/laravel/lumen-framework/src/Routing/Pipeline.php(52): call_user_func(Object(Closure), Object(Laravel\\Lumen\\Http\\Request))
#15 /home/yeajobesk/public_html/backend/app/Http/Middleware/PreflightResponse.php(32): Laravel\\Lumen\\Routing\\Pipeline->Laravel\\Lumen\\Routing\\{closure}(Object(Laravel\\Lumen\\Http\\Request))
#16 /home/yeajobesk/public_html/backend/vendor/illuminate/pipeline/Pipeline.php(163): App\\Http\\Middleware\\PreflightResponse->handle(Object(Laravel\\Lumen\\Http\\Request), Object(Closure))
#17 [internal function]: Illuminate\\Pipeline\\Pipeline->Illuminate\\Pipeline\\{closure}(Object(Laravel\\Lumen\\Http\\Request))
#18 /home/yeajobesk/public_html/backend/vendor/laravel/lumen-framework/src/Routing/Pipeline.php(32): call_user_func(Object(Closure), Object(Laravel\\Lumen\\Http\\Request))
#19 /home/yeajobesk/public_html/backend/vendor/illuminate/pipeline/Pipeline.php(104): Laravel\\Lumen\\Routing\\Pipeline->Laravel\\Lumen\\Routing\\{closure}(Object(Laravel\\Lumen\\Http\\Request))
#20 /home/yeajobesk/public_html/backend/vendor/laravel/lumen-framework/src/Concerns/RoutesRequests.php(415): Illuminate\\Pipeline\\Pipeline->then(Object(Closure))
#21 /home/yeajobesk/public_html/backend/vendor/laravel/lumen-framework/src/Concerns/RoutesRequests.php(171): Laravel\\Lumen\\Application->sendThroughPipeline(Array, Object(Closure))
#22 /home/yeajobesk/public_html/backend/vendor/laravel/lumen-framework/src/Concerns/RoutesRequests.php(108): Laravel\\Lumen\\Application->dispatch(NULL)
#23 /home/yeajobesk/public_html/backend/public/index.php(28): Laravel\\Lumen\\Application->run()
#24 {main}
"} 
[2019-07-19 14:37:09] local.ERROR: PDOException: SQLSTATE[42S22]: Column not found: 1054 Unknown column 'session_speakers.sessionId' in 'on clause' in /home/yeajobesk/public_html/backend/vendor/illuminate/database/Connection.php:326
Stack trace:
#0 /home/yeajobesk/public_html/backend/vendor/illuminate/database/Connection.php(326): PDO->prepare('select * from `...')
#1 /home/yeajobesk/public_html/backend/vendor/illuminate/database/Connection.php(657): Illuminate\Database\Connection->Illuminate\Database\{closure}('select * from `...', Array)
#2 /home/yeajobesk/public_html/backend/vendor/illuminate/database/Connection.php(624): Illuminate\Database\Connection->runQueryCallback('select * from `...', Array, Object(Closure))
#3 /home/yeajobesk/public_html/backend/vendor/illuminate/database/Connection.php(333): Illuminate\Database\Connection->run('select * from `...', Array, Object(Closure))
#4 /home/yeajobesk/public_html/backend/vendor/illuminate/database/Query/Builder.php(2095): Illuminate\Database\Connection->select('select * from `...', Array, true)
#5 /home/yeajobesk/public_html/backend/vendor/illuminate/database/Query/Builder.php(2083): Illuminate\Database\Query\Builder->runSelect()
#6 /home/yeajobesk/public_html/backend/vendor/illuminate/database/Query/Builder.php(2569): Illuminate\Database\Query\Builder->Illuminate\Database\Query\{closure}()
#7 /home/yeajobesk/public_html/backend/vendor/illuminate/database/Query/Builder.php(2084): Illuminate\Database\Query\Builder->onceWithColumns(Array, Object(Closure))
#8 /home/yeajobesk/public_html/backend/vendor/illuminate/database/Eloquent/Builder.php(519): Illuminate\Database\Query\Builder->get(Array)
#9 /home/yeajobesk/public_html/backend/vendor/illuminate/database/Eloquent/Builder.php(503): Illuminate\Database\Eloquent\Builder->getModels(Array)
#10 /home/yeajobesk/public_html/backend/app/Speakers.php(33): Illuminate\Database\Eloquent\Builder->get()
#11 /home/yeajobesk/public_html/backend/app/Http/Controllers/speakerController.php(41): App\Speakers->speaker('8')
#12 [internal function]: App\Http\Controllers\speakerController->getSpeaker('8')
#13 /home/yeajobesk/public_html/backend/vendor/illuminate/container/BoundMethod.php(29): call_user_func_array(Array, Array)
#14 /home/yeajobesk/public_html/backend/vendor/illuminate/container/BoundMethod.php(87): Illuminate\Container\BoundMethod::Illuminate\Container\{closure}()
#15 /home/yeajobesk/public_html/backend/vendor/illuminate/container/BoundMethod.php(31): Illuminate\Container\BoundMethod::callBoundMethod(Object(Laravel\Lumen\Application), Array, Object(Closure))
#16 /home/yeajobesk/public_html/backend/vendor/illuminate/container/Container.php(572): Illuminate\Container\BoundMethod::call(Object(Laravel\Lumen\Application), Array, Array, NULL)
#17 /home/yeajobesk/public_html/backend/vendor/laravel/lumen-framework/src/Concerns/RoutesRequests.php(378): Illuminate\Container\Container->call(Array, Array)
#18 /home/yeajobesk/public_html/backend/vendor/laravel/lumen-framework/src/Concerns/RoutesRequests.php(344): Laravel\Lumen\Application->callControllerCallable(Array, Array)
#19 /home/yeajobesk/public_html/backend/vendor/laravel/lumen-framework/src/Concerns/RoutesRequests.php(318): Laravel\Lumen\Application->callLumenController(Object(App\Http\Controllers\speakerController), 'getSpeaker', Array)
#20 /home/yeajobesk/public_html/backend/vendor/laravel/lumen-framework/src/Concerns/RoutesRequests.php(280): Laravel\Lumen\Application->callControllerAction(Array)
#21 /home/yeajobesk/public_html/backend/vendor/laravel/lumen-framework/src/Concerns/RoutesRequests.php(265): Laravel\Lumen\Application->callActionOnArrayBasedRoute(Array)
#22 /home/yeajobesk/public_html/backend/vendor/laravel/lumen-framework/src/Concerns/RoutesRequests.php(235): Laravel\Lumen\Application->handleFoundRoute(Array)
#23 /home/yeajobesk/public_html/backend/vendor/laravel/lumen-framework/src/Concerns/RoutesRequests.php(169): Laravel\Lumen\Application->handleDispatcherResponse(Array)
#24 [internal function]: Laravel\Lumen\Application->Laravel\Lumen\Concerns\{closure}(Object(Laravel\Lumen\Http\Request))
#25 /home/yeajobesk/public_html/backend/vendor/laravel/lumen-framework/src/Routing/Pipeline.php(52): call_user_func(Object(Closure), Object(Laravel\Lumen\Http\Request))
#26 /home/yeajobesk/public_html/backend/app/Http/Middleware/PreflightResponse.php(32): Laravel\Lumen\Routing\Pipeline->Laravel\Lumen\Routing\{closure}(Object(Laravel\Lumen\Http\Request))
#27 /home/yeajobesk/public_html/backend/vendor/illuminate/pipeline/Pipeline.php(163): App\Http\Middleware\PreflightResponse->handle(Object(Laravel\Lumen\Http\Request), Object(Closure))
#28 [internal function]: Illuminate\Pipeline\Pipeline->Illuminate\Pipeline\{closure}(Object(Laravel\Lumen\Http\Request))
#29 /home/yeajobesk/public_html/backend/vendor/laravel/lumen-framework/src/Routing/Pipeline.php(32): call_user_func(Object(Closure), Object(Laravel\Lumen\Http\Request))
#30 /home/yeajobesk/public_html/backend/vendor/illuminate/pipeline/Pipeline.php(104): Laravel\Lumen\Routing\Pipeline->Laravel\Lumen\Routing\{closure}(Object(Laravel\Lumen\Http\Request))
#31 /home/yeajobesk/public_html/backend/vendor/laravel/lumen-framework/src/Concerns/RoutesRequests.php(415): Illuminate\Pipeline\Pipeline->then(Object(Closure))
#32 /home/yeajobesk/public_html/backend/vendor/laravel/lumen-framework/src/Concerns/RoutesRequests.php(171): Laravel\Lumen\Application->sendThroughPipeline(Array, Object(Closure))
#33 /home/yeajobesk/public_html/backend/vendor/laravel/lumen-framework/src/Concerns/RoutesRequests.php(108): Laravel\Lumen\Application->dispatch(NULL)
#34 /home/yeajobesk/public_html/backend/public/index.php(28): Laravel\Lumen\Application->run()
#35 {main}

Next Illuminate\Database\QueryException: SQLSTATE[42S22]: Column not found: 1054 Unknown column 'session_speakers.sessionId' in 'on clause' (SQL: select * from `speakers` inner join `sessions` on `sessions`.`id` = `session_speakers`.`sessionId` where `speakers`.`id` = 8) in /home/yeajobesk/public_html/backend/vendor/illuminate/database/Connection.php:664
Stack trace:
#0 /home/yeajobesk/public_html/backend/vendor/illuminate/database/Connection.php(624): Illuminate\Database\Connection->runQueryCallback('select * from `...', Array, Object(Closure))
#1 /home/yeajobesk/public_html/backend/vendor/illuminate/database/Connection.php(333): Illuminate\Database\Connection->run('select * from `...', Array, Object(Closure))
#2 /home/yeajobesk/public_html/backend/vendor/illuminate/database/Query/Builder.php(2095): Illuminate\Database\Connection->select('select * from `...', Array, true)
#3 /home/yeajobesk/public_html/backend/vendor/illuminate/database/Query/Builder.php(2083): Illuminate\Database\Query\Builder->runSelect()
#4 /home/yeajobesk/public_html/backend/vendor/illuminate/database/Query/Builder.php(2569): Illuminate\Database\Query\Builder->Illuminate\Database\Query\{closure}()
#5 /home/yeajobesk/public_html/backend/vendor/illuminate/database/Query/Builder.php(2084): Illuminate\Database\Query\Builder->onceWithColumns(Array, Object(Closure))
#6 /home/yeajobesk/public_html/backend/vendor/illuminate/database/Eloquent/Builder.php(519): Illuminate\Database\Query\Builder->get(Array)
#7 /home/yeajobesk/public_html/backend/vendor/illuminate/database/Eloquent/Builder.php(503): Illuminate\Database\Eloquent\Builder->getModels(Array)
#8 /home/yeajobesk/public_html/backend/app/Speakers.php(33): Illuminate\Database\Eloquent\Builder->get()
#9 /home/yeajobesk/public_html/backend/app/Http/Controllers/speakerController.php(41): App\Speakers->speaker('8')
#10 [internal function]: App\Http\Controllers\speakerController->getSpeaker('8')
#11 /home/yeajobesk/public_html/backend/vendor/illuminate/container/BoundMethod.php(29): call_user_func_array(Array, Array)
#12 /home/yeajobesk/public_html/backend/vendor/illuminate/container/BoundMethod.php(87): Illuminate\Container\BoundMethod::Illuminate\Container\{closure}()
#13 /home/yeajobesk/public_html/backend/vendor/illuminate/container/BoundMethod.php(31): Illuminate\Container\BoundMethod::callBoundMethod(Object(Laravel\Lumen\Application), Array, Object(Closure))
#14 /home/yeajobesk/public_html/backend/vendor/illuminate/container/Container.php(572): Illuminate\Container\BoundMethod::call(Object(Laravel\Lumen\Application), Array, Array, NULL)
#15 /home/yeajobesk/public_html/backend/vendor/laravel/lumen-framework/src/Concerns/RoutesRequests.php(378): Illuminate\Container\Container->call(Array, Array)
#16 /home/yeajobesk/public_html/backend/vendor/laravel/lumen-framework/src/Concerns/RoutesRequests.php(344): Laravel\Lumen\Application->callControllerCallable(Array, Array)
#17 /home/yeajobesk/public_html/backend/vendor/laravel/lumen-framework/src/Concerns/RoutesRequests.php(318): Laravel\Lumen\Application->callLumenController(Object(App\Http\Controllers\speakerController), 'getSpeaker', Array)
#18 /home/yeajobesk/public_html/backend/vendor/laravel/lumen-framework/src/Concerns/RoutesRequests.php(280): Laravel\Lumen\Application->callControllerAction(Array)
#19 /home/yeajobesk/public_html/backend/vendor/laravel/lumen-framework/src/Concerns/RoutesRequests.php(265): Laravel\Lumen\Application->callActionOnArrayBasedRoute(Array)
#20 /home/yeajobesk/public_html/backend/vendor/laravel/lumen-framework/src/Concerns/RoutesRequests.php(235): Laravel\Lumen\Application->handleFoundRoute(Array)
#21 /home/yeajobesk/public_html/backend/vendor/laravel/lumen-framework/src/Concerns/RoutesRequests.php(169): Laravel\Lumen\Application->handleDispatcherResponse(Array)
#22 [internal function]: Laravel\Lumen\Application->Laravel\Lumen\Concerns\{closure}(Object(Laravel\Lumen\Http\Request))
#23 /home/yeajobesk/public_html/backend/vendor/laravel/lumen-framework/src/Routing/Pipeline.php(52): call_user_func(Object(Closure), Object(Laravel\Lumen\Http\Request))
#24 /home/yeajobesk/public_html/backend/app/Http/Middleware/PreflightResponse.php(32): Laravel\Lumen\Routing\Pipeline->Laravel\Lumen\Routing\{closure}(Object(Laravel\Lumen\Http\Request))
#25 /home/yeajobesk/public_html/backend/vendor/illuminate/pipeline/Pipeline.php(163): App\Http\Middleware\PreflightResponse->handle(Object(Laravel\Lumen\Http\Request), Object(Closure))
#26 [internal function]: Illuminate\Pipeline\Pipeline->Illuminate\Pipeline\{closure}(Object(Laravel\Lumen\Http\Request))
#27 /home/yeajobesk/public_html/backend/vendor/laravel/lumen-framework/src/Routing/Pipeline.php(32): call_user_func(Object(Closure), Object(Laravel\Lumen\Http\Request))
#28 /home/yeajobesk/public_html/backend/vendor/illuminate/pipeline/Pipeline.php(104): Laravel\Lumen\Routing\Pipeline->Laravel\Lumen\Routing\{closure}(Object(Laravel\Lumen\Http\Request))
#29 /home/yeajobesk/public_html/backend/vendor/laravel/lumen-framework/src/Concerns/RoutesRequests.php(415): Illuminate\Pipeline\Pipeline->then(Object(Closure))
#30 /home/yeajobesk/public_html/backend/vendor/laravel/lumen-framework/src/Concerns/RoutesRequests.php(171): Laravel\Lumen\Application->sendThroughPipeline(Array, Object(Closure))
#31 /home/yeajobesk/public_html/backend/vendor/laravel/lumen-framework/src/Concerns/RoutesRequests.php(108): Laravel\Lumen\Application->dispatch(NULL)
#32 /home/yeajobesk/public_html/backend/public/index.php(28): Laravel\Lumen\Application->run()
#33 {main} {"exception":"[object] (Illuminate\\Database\\QueryException(code: 42S22): SQLSTATE[42S22]: Column not found: 1054 Unknown column 'session_speakers.sessionId' in 'on clause' (SQL: select * from `speakers` inner join `sessions` on `sessions`.`id` = `session_speakers`.`sessionId` where `speakers`.`id` = 8) at /home/yeajobesk/public_html/backend/vendor/illuminate/database/Connection.php:664, PDOException(code: 42S22): SQLSTATE[42S22]: Column not found: 1054 Unknown column 'session_speakers.sessionId' in 'on clause' at /home/yeajobesk/public_html/backend/vendor/illuminate/database/Connection.php:326)
[stacktrace]
#0 /home/yeajobesk/public_html/backend/vendor/illuminate/database/Connection.php(624): Illuminate\\Database\\Connection->runQueryCallback('select * from `...', Array, Object(Closure))
#1 /home/yeajobesk/public_html/backend/vendor/illuminate/database/Connection.php(333): Illuminate\\Database\\Connection->run('select * from `...', Array, Object(Closure))
#2 /home/yeajobesk/public_html/backend/vendor/illuminate/database/Query/Builder.php(2095): Illuminate\\Database\\Connection->select('select * from `...', Array, true)
#3 /home/yeajobesk/public_html/backend/vendor/illuminate/database/Query/Builder.php(2083): Illuminate\\Database\\Query\\Builder->runSelect()
#4 /home/yeajobesk/public_html/backend/vendor/illuminate/database/Query/Builder.php(2569): Illuminate\\Database\\Query\\Builder->Illuminate\\Database\\Query\\{closure}()
#5 /home/yeajobesk/public_html/backend/vendor/illuminate/database/Query/Builder.php(2084): Illuminate\\Database\\Query\\Builder->onceWithColumns(Array, Object(Closure))
#6 /home/yeajobesk/public_html/backend/vendor/illuminate/database/Eloquent/Builder.php(519): Illuminate\\Database\\Query\\Builder->get(Array)
#7 /home/yeajobesk/public_html/backend/vendor/illuminate/database/Eloquent/Builder.php(503): Illuminate\\Database\\Eloquent\\Builder->getModels(Array)
#8 /home/yeajobesk/public_html/backend/app/Speakers.php(33): Illuminate\\Database\\Eloquent\\Builder->get()
#9 /home/yeajobesk/public_html/backend/app/Http/Controllers/speakerController.php(41): App\\Speakers->speaker('8')
#10 [internal function]: App\\Http\\Controllers\\speakerController->getSpeaker('8')
#11 /home/yeajobesk/public_html/backend/vendor/illuminate/container/BoundMethod.php(29): call_user_func_array(Array, Array)
#12 /home/yeajobesk/public_html/backend/vendor/illuminate/container/BoundMethod.php(87): Illuminate\\Container\\BoundMethod::Illuminate\\Container\\{closure}()
#13 /home/yeajobesk/public_html/backend/vendor/illuminate/container/BoundMethod.php(31): Illuminate\\Container\\BoundMethod::callBoundMethod(Object(Laravel\\Lumen\\Application), Array, Object(Closure))
#14 /home/yeajobesk/public_html/backend/vendor/illuminate/container/Container.php(572): Illuminate\\Container\\BoundMethod::call(Object(Laravel\\Lumen\\Application), Array, Array, NULL)
#15 /home/yeajobesk/public_html/backend/vendor/laravel/lumen-framework/src/Concerns/RoutesRequests.php(378): Illuminate\\Container\\Container->call(Array, Array)
#16 /home/yeajobesk/public_html/backend/vendor/laravel/lumen-framework/src/Concerns/RoutesRequests.php(344): Laravel\\Lumen\\Application->callControllerCallable(Array, Array)
#17 /home/yeajobesk/public_html/backend/vendor/laravel/lumen-framework/src/Concerns/RoutesRequests.php(318): Laravel\\Lumen\\Application->callLumenController(Object(App\\Http\\Controllers\\speakerController), 'getSpeaker', Array)
#18 /home/yeajobesk/public_html/backend/vendor/laravel/lumen-framework/src/Concerns/RoutesRequests.php(280): Laravel\\Lumen\\Application->callControllerAction(Array)
#19 /home/yeajobesk/public_html/backend/vendor/laravel/lumen-framework/src/Concerns/RoutesRequests.php(265): Laravel\\Lumen\\Application->callActionOnArrayBasedRoute(Array)
#20 /home/yeajobesk/public_html/backend/vendor/laravel/lumen-framework/src/Concerns/RoutesRequests.php(235): Laravel\\Lumen\\Application->handleFoundRoute(Array)
#21 /home/yeajobesk/public_html/backend/vendor/laravel/lumen-framework/src/Concerns/RoutesRequests.php(169): Laravel\\Lumen\\Application->handleDispatcherResponse(Array)
#22 [internal function]: Laravel\\Lumen\\Application->Laravel\\Lumen\\Concerns\\{closure}(Object(Laravel\\Lumen\\Http\\Request))
#23 /home/yeajobesk/public_html/backend/vendor/laravel/lumen-framework/src/Routing/Pipeline.php(52): call_user_func(Object(Closure), Object(Laravel\\Lumen\\Http\\Request))
#24 /home/yeajobesk/public_html/backend/app/Http/Middleware/PreflightResponse.php(32): Laravel\\Lumen\\Routing\\Pipeline->Laravel\\Lumen\\Routing\\{closure}(Object(Laravel\\Lumen\\Http\\Request))
#25 /home/yeajobesk/public_html/backend/vendor/illuminate/pipeline/Pipeline.php(163): App\\Http\\Middleware\\PreflightResponse->handle(Object(Laravel\\Lumen\\Http\\Request), Object(Closure))
#26 [internal function]: Illuminate\\Pipeline\\Pipeline->Illuminate\\Pipeline\\{closure}(Object(Laravel\\Lumen\\Http\\Request))
#27 /home/yeajobesk/public_html/backend/vendor/laravel/lumen-framework/src/Routing/Pipeline.php(32): call_user_func(Object(Closure), Object(Laravel\\Lumen\\Http\\Request))
#28 /home/yeajobesk/public_html/backend/vendor/illuminate/pipeline/Pipeline.php(104): Laravel\\Lumen\\Routing\\Pipeline->Laravel\\Lumen\\Routing\\{closure}(Object(Laravel\\Lumen\\Http\\Request))
#29 /home/yeajobesk/public_html/backend/vendor/laravel/lumen-framework/src/Concerns/RoutesRequests.php(415): Illuminate\\Pipeline\\Pipeline->then(Object(Closure))
#30 /home/yeajobesk/public_html/backend/vendor/laravel/lumen-framework/src/Concerns/RoutesRequests.php(171): Laravel\\Lumen\\Application->sendThroughPipeline(Array, Object(Closure))
#31 /home/yeajobesk/public_html/backend/vendor/laravel/lumen-framework/src/Concerns/RoutesRequests.php(108): Laravel\\Lumen\\Application->dispatch(NULL)
#32 /home/yeajobesk/public_html/backend/public/index.php(28): Laravel\\Lumen\\Application->run()
#33 {main}
"} 
[2019-07-19 14:39:10] local.ERROR: PDOException: SQLSTATE[42000]: Syntax error or access violation: 1066 Not unique table/alias: 'session_speakers' in /home/yeajobesk/public_html/backend/vendor/illuminate/database/Connection.php:326
Stack trace:
#0 /home/yeajobesk/public_html/backend/vendor/illuminate/database/Connection.php(326): PDO->prepare('select * from `...')
#1 /home/yeajobesk/public_html/backend/vendor/illuminate/database/Connection.php(657): Illuminate\Database\Connection->Illuminate\Database\{closure}('select * from `...', Array)
#2 /home/yeajobesk/public_html/backend/vendor/illuminate/database/Connection.php(624): Illuminate\Database\Connection->runQueryCallback('select * from `...', Array, Object(Closure))
#3 /home/yeajobesk/public_html/backend/vendor/illuminate/database/Connection.php(333): Illuminate\Database\Connection->run('select * from `...', Array, Object(Closure))
#4 /home/yeajobesk/public_html/backend/vendor/illuminate/database/Query/Builder.php(2095): Illuminate\Database\Connection->select('select * from `...', Array, true)
#5 /home/yeajobesk/public_html/backend/vendor/illuminate/database/Query/Builder.php(2083): Illuminate\Database\Query\Builder->runSelect()
#6 /home/yeajobesk/public_html/backend/vendor/illuminate/database/Query/Builder.php(2569): Illuminate\Database\Query\Builder->Illuminate\Database\Query\{closure}()
#7 /home/yeajobesk/public_html/backend/vendor/illuminate/database/Query/Builder.php(2084): Illuminate\Database\Query\Builder->onceWithColumns(Array, Object(Closure))
#8 /home/yeajobesk/public_html/backend/vendor/illuminate/database/Eloquent/Builder.php(519): Illuminate\Database\Query\Builder->get(Array)
#9 /home/yeajobesk/public_html/backend/vendor/illuminate/database/Eloquent/Builder.php(503): Illuminate\Database\Eloquent\Builder->getModels(Array)
#10 /home/yeajobesk/public_html/backend/vendor/illuminate/database/Eloquent/Relations/Relation.php(155): Illuminate\Database\Eloquent\Builder->get(Array)
#11 /home/yeajobesk/public_html/backend/vendor/illuminate/database/Eloquent/Relations/Relation.php(144): Illuminate\Database\Eloquent\Relations\Relation->get()
#12 /home/yeajobesk/public_html/backend/vendor/illuminate/database/Eloquent/Builder.php(567): Illuminate\Database\Eloquent\Relations\Relation->getEager()
#13 /home/yeajobesk/public_html/backend/vendor/illuminate/database/Eloquent/Builder.php(536): Illuminate\Database\Eloquent\Builder->eagerLoadRelation(Array, 'sessions', Object(Closure))
#14 /home/yeajobesk/public_html/backend/vendor/illuminate/database/Eloquent/Builder.php(504): Illuminate\Database\Eloquent\Builder->eagerLoadRelations(Array)
#15 /home/yeajobesk/public_html/backend/app/Speakers.php(32): Illuminate\Database\Eloquent\Builder->get()
#16 /home/yeajobesk/public_html/backend/app/Http/Controllers/speakerController.php(41): App\Speakers->speaker('8')
#17 [internal function]: App\Http\Controllers\speakerController->getSpeaker('8')
#18 /home/yeajobesk/public_html/backend/vendor/illuminate/container/BoundMethod.php(29): call_user_func_array(Array, Array)
#19 /home/yeajobesk/public_html/backend/vendor/illuminate/container/BoundMethod.php(87): Illuminate\Container\BoundMethod::Illuminate\Container\{closure}()
#20 /home/yeajobesk/public_html/backend/vendor/illuminate/container/BoundMethod.php(31): Illuminate\Container\BoundMethod::callBoundMethod(Object(Laravel\Lumen\Application), Array, Object(Closure))
#21 /home/yeajobesk/public_html/backend/vendor/illuminate/container/Container.php(572): Illuminate\Container\BoundMethod::call(Object(Laravel\Lumen\Application), Array, Array, NULL)
#22 /home/yeajobesk/public_html/backend/vendor/laravel/lumen-framework/src/Concerns/RoutesRequests.php(378): Illuminate\Container\Container->call(Array, Array)
#23 /home/yeajobesk/public_html/backend/vendor/laravel/lumen-framework/src/Concerns/RoutesRequests.php(344): Laravel\Lumen\Application->callControllerCallable(Array, Array)
#24 /home/yeajobesk/public_html/backend/vendor/laravel/lumen-framework/src/Concerns/RoutesRequests.php(318): Laravel\Lumen\Application->callLumenController(Object(App\Http\Controllers\speakerController), 'getSpeaker', Array)
#25 /home/yeajobesk/public_html/backend/vendor/laravel/lumen-framework/src/Concerns/RoutesRequests.php(280): Laravel\Lumen\Application->callControllerAction(Array)
#26 /home/yeajobesk/public_html/backend/vendor/laravel/lumen-framework/src/Concerns/RoutesRequests.php(265): Laravel\Lumen\Application->callActionOnArrayBasedRoute(Array)
#27 /home/yeajobesk/public_html/backend/vendor/laravel/lumen-framework/src/Concerns/RoutesRequests.php(235): Laravel\Lumen\Application->handleFoundRoute(Array)
#28 /home/yeajobesk/public_html/backend/vendor/laravel/lumen-framework/src/Concerns/RoutesRequests.php(169): Laravel\Lumen\Application->handleDispatcherResponse(Array)
#29 [internal function]: Laravel\Lumen\Application->Laravel\Lumen\Concerns\{closure}(Object(Laravel\Lumen\Http\Request))
#30 /home/yeajobesk/public_html/backend/vendor/laravel/lumen-framework/src/Routing/Pipeline.php(52): call_user_func(Object(Closure), Object(Laravel\Lumen\Http\Request))
#31 /home/yeajobesk/public_html/backend/app/Http/Middleware/PreflightResponse.php(32): Laravel\Lumen\Routing\Pipeline->Laravel\Lumen\Routing\{closure}(Object(Laravel\Lumen\Http\Request))
#32 /home/yeajobesk/public_html/backend/vendor/illuminate/pipeline/Pipeline.php(163): App\Http\Middleware\PreflightResponse->handle(Object(Laravel\Lumen\Http\Request), Object(Closure))
#33 [internal function]: Illuminate\Pipeline\Pipeline->Illuminate\Pipeline\{closure}(Object(Laravel\Lumen\Http\Request))
#34 /home/yeajobesk/public_html/backend/vendor/laravel/lumen-framework/src/Routing/Pipeline.php(32): call_user_func(Object(Closure), Object(Laravel\Lumen\Http\Request))
#35 /home/yeajobesk/public_html/backend/vendor/illuminate/pipeline/Pipeline.php(104): Laravel\Lumen\Routing\Pipeline->Laravel\Lumen\Routing\{closure}(Object(Laravel\Lumen\Http\Request))
#36 /home/yeajobesk/public_html/backend/vendor/laravel/lumen-framework/src/Concerns/RoutesRequests.php(415): Illuminate\Pipeline\Pipeline->then(Object(Closure))
#37 /home/yeajobesk/public_html/backend/vendor/laravel/lumen-framework/src/Concerns/RoutesRequests.php(171): Laravel\Lumen\Application->sendThroughPipeline(Array, Object(Closure))
#38 /home/yeajobesk/public_html/backend/vendor/laravel/lumen-framework/src/Concerns/RoutesRequests.php(108): Laravel\Lumen\Application->dispatch(NULL)
#39 /home/yeajobesk/public_html/backend/public/index.php(28): Laravel\Lumen\Application->run()
#40 {main}

Next Illuminate\Database\QueryException: SQLSTATE[42000]: Syntax error or access violation: 1066 Not unique table/alias: 'session_speakers' (SQL: select * from `session_speakers` inner join `session_speakers` on `session_speakers`.`speakerId` = `speakers`.`id` inner join `sessions` on `sessions`.`id` = `session_speakers`.`sessionId` where `session_speakers`.`speakerId` in (8)) in /home/yeajobesk/public_html/backend/vendor/illuminate/database/Connection.php:664
Stack trace:
#0 /home/yeajobesk/public_html/backend/vendor/illuminate/database/Connection.php(624): Illuminate\Database\Connection->runQueryCallback('select * from `...', Array, Object(Closure))
#1 /home/yeajobesk/public_html/backend/vendor/illuminate/database/Connection.php(333): Illuminate\Database\Connection->run('select * from `...', Array, Object(Closure))
#2 /home/yeajobesk/public_html/backend/vendor/illuminate/database/Query/Builder.php(2095): Illuminate\Database\Connection->select('select * from `...', Array, true)
#3 /home/yeajobesk/public_html/backend/vendor/illuminate/database/Query/Builder.php(2083): Illuminate\Database\Query\Builder->runSelect()
#4 /home/yeajobesk/public_html/backend/vendor/illuminate/database/Query/Builder.php(2569): Illuminate\Database\Query\Builder->Illuminate\Database\Query\{closure}()
#5 /home/yeajobesk/public_html/backend/vendor/illuminate/database/Query/Builder.php(2084): Illuminate\Database\Query\Builder->onceWithColumns(Array, Object(Closure))
#6 /home/yeajobesk/public_html/backend/vendor/illuminate/database/Eloquent/Builder.php(519): Illuminate\Database\Query\Builder->get(Array)
#7 /home/yeajobesk/public_html/backend/vendor/illuminate/database/Eloquent/Builder.php(503): Illuminate\Database\Eloquent\Builder->getModels(Array)
#8 /home/yeajobesk/public_html/backend/vendor/illuminate/database/Eloquent/Relations/Relation.php(155): Illuminate\Database\Eloquent\Builder->get(Array)
#9 /home/yeajobesk/public_html/backend/vendor/illuminate/database/Eloquent/Relations/Relation.php(144): Illuminate\Database\Eloquent\Relations\Relation->get()
#10 /home/yeajobesk/public_html/backend/vendor/illuminate/database/Eloquent/Builder.php(567): Illuminate\Database\Eloquent\Relations\Relation->getEager()
#11 /home/yeajobesk/public_html/backend/vendor/illuminate/database/Eloquent/Builder.php(536): Illuminate\Database\Eloquent\Builder->eagerLoadRelation(Array, 'sessions', Object(Closure))
#12 /home/yeajobesk/public_html/backend/vendor/illuminate/database/Eloquent/Builder.php(504): Illuminate\Database\Eloquent\Builder->eagerLoadRelations(Array)
#13 /home/yeajobesk/public_html/backend/app/Speakers.php(32): Illuminate\Database\Eloquent\Builder->get()
#14 /home/yeajobesk/public_html/backend/app/Http/Controllers/speakerController.php(41): App\Speakers->speaker('8')
#15 [internal function]: App\Http\Controllers\speakerController->getSpeaker('8')
#16 /home/yeajobesk/public_html/backend/vendor/illuminate/container/BoundMethod.php(29): call_user_func_array(Array, Array)
#17 /home/yeajobesk/public_html/backend/vendor/illuminate/container/BoundMethod.php(87): Illuminate\Container\BoundMethod::Illuminate\Container\{closure}()
#18 /home/yeajobesk/public_html/backend/vendor/illuminate/container/BoundMethod.php(31): Illuminate\Container\BoundMethod::callBoundMethod(Object(Laravel\Lumen\Application), Array, Object(Closure))
#19 /home/yeajobesk/public_html/backend/vendor/illuminate/container/Container.php(572): Illuminate\Container\BoundMethod::call(Object(Laravel\Lumen\Application), Array, Array, NULL)
#20 /home/yeajobesk/public_html/backend/vendor/laravel/lumen-framework/src/Concerns/RoutesRequests.php(378): Illuminate\Container\Container->call(Array, Array)
#21 /home/yeajobesk/public_html/backend/vendor/laravel/lumen-framework/src/Concerns/RoutesRequests.php(344): Laravel\Lumen\Application->callControllerCallable(Array, Array)
#22 /home/yeajobesk/public_html/backend/vendor/laravel/lumen-framework/src/Concerns/RoutesRequests.php(318): Laravel\Lumen\Application->callLumenController(Object(App\Http\Controllers\speakerController), 'getSpeaker', Array)
#23 /home/yeajobesk/public_html/backend/vendor/laravel/lumen-framework/src/Concerns/RoutesRequests.php(280): Laravel\Lumen\Application->callControllerAction(Array)
#24 /home/yeajobesk/public_html/backend/vendor/laravel/lumen-framework/src/Concerns/RoutesRequests.php(265): Laravel\Lumen\Application->callActionOnArrayBasedRoute(Array)
#25 /home/yeajobesk/public_html/backend/vendor/laravel/lumen-framework/src/Concerns/RoutesRequests.php(235): Laravel\Lumen\Application->handleFoundRoute(Array)
#26 /home/yeajobesk/public_html/backend/vendor/laravel/lumen-framework/src/Concerns/RoutesRequests.php(169): Laravel\Lumen\Application->handleDispatcherResponse(Array)
#27 [internal function]: Laravel\Lumen\Application->Laravel\Lumen\Concerns\{closure}(Object(Laravel\Lumen\Http\Request))
#28 /home/yeajobesk/public_html/backend/vendor/laravel/lumen-framework/src/Routing/Pipeline.php(52): call_user_func(Object(Closure), Object(Laravel\Lumen\Http\Request))
#29 /home/yeajobesk/public_html/backend/app/Http/Middleware/PreflightResponse.php(32): Laravel\Lumen\Routing\Pipeline->Laravel\Lumen\Routing\{closure}(Object(Laravel\Lumen\Http\Request))
#30 /home/yeajobesk/public_html/backend/vendor/illuminate/pipeline/Pipeline.php(163): App\Http\Middleware\PreflightResponse->handle(Object(Laravel\Lumen\Http\Request), Object(Closure))
#31 [internal function]: Illuminate\Pipeline\Pipeline->Illuminate\Pipeline\{closure}(Object(Laravel\Lumen\Http\Request))
#32 /home/yeajobesk/public_html/backend/vendor/laravel/lumen-framework/src/Routing/Pipeline.php(32): call_user_func(Object(Closure), Object(Laravel\Lumen\Http\Request))
#33 /home/yeajobesk/public_html/backend/vendor/illuminate/pipeline/Pipeline.php(104): Laravel\Lumen\Routing\Pipeline->Laravel\Lumen\Routing\{closure}(Object(Laravel\Lumen\Http\Request))
#34 /home/yeajobesk/public_html/backend/vendor/laravel/lumen-framework/src/Concerns/RoutesRequests.php(415): Illuminate\Pipeline\Pipeline->then(Object(Closure))
#35 /home/yeajobesk/public_html/backend/vendor/laravel/lumen-framework/src/Concerns/RoutesRequests.php(171): Laravel\Lumen\Application->sendThroughPipeline(Array, Object(Closure))
#36 /home/yeajobesk/public_html/backend/vendor/laravel/lumen-framework/src/Concerns/RoutesRequests.php(108): Laravel\Lumen\Application->dispatch(NULL)
#37 /home/yeajobesk/public_html/backend/public/index.php(28): Laravel\Lumen\Application->run()
#38 {main} {"exception":"[object] (Illuminate\\Database\\QueryException(code: 42000): SQLSTATE[42000]: Syntax error or access violation: 1066 Not unique table/alias: 'session_speakers' (SQL: select * from `session_speakers` inner join `session_speakers` on `session_speakers`.`speakerId` = `speakers`.`id` inner join `sessions` on `sessions`.`id` = `session_speakers`.`sessionId` where `session_speakers`.`speakerId` in (8)) at /home/yeajobesk/public_html/backend/vendor/illuminate/database/Connection.php:664, PDOException(code: 42000): SQLSTATE[42000]: Syntax error or access violation: 1066 Not unique table/alias: 'session_speakers' at /home/yeajobesk/public_html/backend/vendor/illuminate/database/Connection.php:326)
[stacktrace]
#0 /home/yeajobesk/public_html/backend/vendor/illuminate/database/Connection.php(624): Illuminate\\Database\\Connection->runQueryCallback('select * from `...', Array, Object(Closure))
#1 /home/yeajobesk/public_html/backend/vendor/illuminate/database/Connection.php(333): Illuminate\\Database\\Connection->run('select * from `...', Array, Object(Closure))
#2 /home/yeajobesk/public_html/backend/vendor/illuminate/database/Query/Builder.php(2095): Illuminate\\Database\\Connection->select('select * from `...', Array, true)
#3 /home/yeajobesk/public_html/backend/vendor/illuminate/database/Query/Builder.php(2083): Illuminate\\Database\\Query\\Builder->runSelect()
#4 /home/yeajobesk/public_html/backend/vendor/illuminate/database/Query/Builder.php(2569): Illuminate\\Database\\Query\\Builder->Illuminate\\Database\\Query\\{closure}()
#5 /home/yeajobesk/public_html/backend/vendor/illuminate/database/Query/Builder.php(2084): Illuminate\\Database\\Query\\Builder->onceWithColumns(Array, Object(Closure))
#6 /home/yeajobesk/public_html/backend/vendor/illuminate/database/Eloquent/Builder.php(519): Illuminate\\Database\\Query\\Builder->get(Array)
#7 /home/yeajobesk/public_html/backend/vendor/illuminate/database/Eloquent/Builder.php(503): Illuminate\\Database\\Eloquent\\Builder->getModels(Array)
#8 /home/yeajobesk/public_html/backend/vendor/illuminate/database/Eloquent/Relations/Relation.php(155): Illuminate\\Database\\Eloquent\\Builder->get(Array)
#9 /home/yeajobesk/public_html/backend/vendor/illuminate/database/Eloquent/Relations/Relation.php(144): Illuminate\\Database\\Eloquent\\Relations\\Relation->get()
#10 /home/yeajobesk/public_html/backend/vendor/illuminate/database/Eloquent/Builder.php(567): Illuminate\\Database\\Eloquent\\Relations\\Relation->getEager()
#11 /home/yeajobesk/public_html/backend/vendor/illuminate/database/Eloquent/Builder.php(536): Illuminate\\Database\\Eloquent\\Builder->eagerLoadRelation(Array, 'sessions', Object(Closure))
#12 /home/yeajobesk/public_html/backend/vendor/illuminate/database/Eloquent/Builder.php(504): Illuminate\\Database\\Eloquent\\Builder->eagerLoadRelations(Array)
#13 /home/yeajobesk/public_html/backend/app/Speakers.php(32): Illuminate\\Database\\Eloquent\\Builder->get()
#14 /home/yeajobesk/public_html/backend/app/Http/Controllers/speakerController.php(41): App\\Speakers->speaker('8')
#15 [internal function]: App\\Http\\Controllers\\speakerController->getSpeaker('8')
#16 /home/yeajobesk/public_html/backend/vendor/illuminate/container/BoundMethod.php(29): call_user_func_array(Array, Array)
#17 /home/yeajobesk/public_html/backend/vendor/illuminate/container/BoundMethod.php(87): Illuminate\\Container\\BoundMethod::Illuminate\\Container\\{closure}()
#18 /home/yeajobesk/public_html/backend/vendor/illuminate/container/BoundMethod.php(31): Illuminate\\Container\\BoundMethod::callBoundMethod(Object(Laravel\\Lumen\\Application), Array, Object(Closure))
#19 /home/yeajobesk/public_html/backend/vendor/illuminate/container/Container.php(572): Illuminate\\Container\\BoundMethod::call(Object(Laravel\\Lumen\\Application), Array, Array, NULL)
#20 /home/yeajobesk/public_html/backend/vendor/laravel/lumen-framework/src/Concerns/RoutesRequests.php(378): Illuminate\\Container\\Container->call(Array, Array)
#21 /home/yeajobesk/public_html/backend/vendor/laravel/lumen-framework/src/Concerns/RoutesRequests.php(344): Laravel\\Lumen\\Application->callControllerCallable(Array, Array)
#22 /home/yeajobesk/public_html/backend/vendor/laravel/lumen-framework/src/Concerns/RoutesRequests.php(318): Laravel\\Lumen\\Application->callLumenController(Object(App\\Http\\Controllers\\speakerController), 'getSpeaker', Array)
#23 /home/yeajobesk/public_html/backend/vendor/laravel/lumen-framework/src/Concerns/RoutesRequests.php(280): Laravel\\Lumen\\Application->callControllerAction(Array)
#24 /home/yeajobesk/public_html/backend/vendor/laravel/lumen-framework/src/Concerns/RoutesRequests.php(265): Laravel\\Lumen\\Application->callActionOnArrayBasedRoute(Array)
#25 /home/yeajobesk/public_html/backend/vendor/laravel/lumen-framework/src/Concerns/RoutesRequests.php(235): Laravel\\Lumen\\Application->handleFoundRoute(Array)
#26 /home/yeajobesk/public_html/backend/vendor/laravel/lumen-framework/src/Concerns/RoutesRequests.php(169): Laravel\\Lumen\\Application->handleDispatcherResponse(Array)
#27 [internal function]: Laravel\\Lumen\\Application->Laravel\\Lumen\\Concerns\\{closure}(Object(Laravel\\Lumen\\Http\\Request))
#28 /home/yeajobesk/public_html/backend/vendor/laravel/lumen-framework/src/Routing/Pipeline.php(52): call_user_func(Object(Closure), Object(Laravel\\Lumen\\Http\\Request))
#29 /home/yeajobesk/public_html/backend/app/Http/Middleware/PreflightResponse.php(32): Laravel\\Lumen\\Routing\\Pipeline->Laravel\\Lumen\\Routing\\{closure}(Object(Laravel\\Lumen\\Http\\Request))
#30 /home/yeajobesk/public_html/backend/vendor/illuminate/pipeline/Pipeline.php(163): App\\Http\\Middleware\\PreflightResponse->handle(Object(Laravel\\Lumen\\Http\\Request), Object(Closure))
#31 [internal function]: Illuminate\\Pipeline\\Pipeline->Illuminate\\Pipeline\\{closure}(Object(Laravel\\Lumen\\Http\\Request))
#32 /home/yeajobesk/public_html/backend/vendor/laravel/lumen-framework/src/Routing/Pipeline.php(32): call_user_func(Object(Closure), Object(Laravel\\Lumen\\Http\\Request))
#33 /home/yeajobesk/public_html/backend/vendor/illuminate/pipeline/Pipeline.php(104): Laravel\\Lumen\\Routing\\Pipeline->Laravel\\Lumen\\Routing\\{closure}(Object(Laravel\\Lumen\\Http\\Request))
#34 /home/yeajobesk/public_html/backend/vendor/laravel/lumen-framework/src/Concerns/RoutesRequests.php(415): Illuminate\\Pipeline\\Pipeline->then(Object(Closure))
#35 /home/yeajobesk/public_html/backend/vendor/laravel/lumen-framework/src/Concerns/RoutesRequests.php(171): Laravel\\Lumen\\Application->sendThroughPipeline(Array, Object(Closure))
#36 /home/yeajobesk/public_html/backend/vendor/laravel/lumen-framework/src/Concerns/RoutesRequests.php(108): Laravel\\Lumen\\Application->dispatch(NULL)
#37 /home/yeajobesk/public_html/backend/public/index.php(28): Laravel\\Lumen\\Application->run()
#38 {main}
"} 
[2019-07-19 15:17:40] local.ERROR: ErrorException: json_decode() expects parameter 1 to be string, array given in /home/yeajobesk/public_html/backend/app/Http/Controllers/speakerController.php:67
Stack trace:
#0 [internal function]: Laravel\Lumen\Application->Laravel\Lumen\Concerns\{closure}(2, 'json_decode() e...', '/home/yeajobesk...', 67, Array)
#1 /home/yeajobesk/public_html/backend/app/Http/Controllers/speakerController.php(67): json_decode(Array)
#2 [internal function]: App\Http\Controllers\speakerController->getSpeaker('9')
#3 /home/yeajobesk/public_html/backend/vendor/illuminate/container/BoundMethod.php(29): call_user_func_array(Array, Array)
#4 /home/yeajobesk/public_html/backend/vendor/illuminate/container/BoundMethod.php(87): Illuminate\Container\BoundMethod::Illuminate\Container\{closure}()
#5 /home/yeajobesk/public_html/backend/vendor/illuminate/container/BoundMethod.php(31): Illuminate\Container\BoundMethod::callBoundMethod(Object(Laravel\Lumen\Application), Array, Object(Closure))
#6 /home/yeajobesk/public_html/backend/vendor/illuminate/container/Container.php(572): Illuminate\Container\BoundMethod::call(Object(Laravel\Lumen\Application), Array, Array, NULL)
#7 /home/yeajobesk/public_html/backend/vendor/laravel/lumen-framework/src/Concerns/RoutesRequests.php(378): Illuminate\Container\Container->call(Array, Array)
#8 /home/yeajobesk/public_html/backend/vendor/laravel/lumen-framework/src/Concerns/RoutesRequests.php(344): Laravel\Lumen\Application->callControllerCallable(Array, Array)
#9 /home/yeajobesk/public_html/backend/vendor/laravel/lumen-framework/src/Concerns/RoutesRequests.php(318): Laravel\Lumen\Application->callLumenController(Object(App\Http\Controllers\speakerController), 'getSpeaker', Array)
#10 /home/yeajobesk/public_html/backend/vendor/laravel/lumen-framework/src/Concerns/RoutesRequests.php(280): Laravel\Lumen\Application->callControllerAction(Array)
#11 /home/yeajobesk/public_html/backend/vendor/laravel/lumen-framework/src/Concerns/RoutesRequests.php(265): Laravel\Lumen\Application->callActionOnArrayBasedRoute(Array)
#12 /home/yeajobesk/public_html/backend/vendor/laravel/lumen-framework/src/Concerns/RoutesRequests.php(235): Laravel\Lumen\Application->handleFoundRoute(Array)
#13 /home/yeajobesk/public_html/backend/vendor/laravel/lumen-framework/src/Concerns/RoutesRequests.php(169): Laravel\Lumen\Application->handleDispatcherResponse(Array)
#14 [internal function]: Laravel\Lumen\Application->Laravel\Lumen\Concerns\{closure}(Object(Laravel\Lumen\Http\Request))
#15 /home/yeajobesk/public_html/backend/vendor/laravel/lumen-framework/src/Routing/Pipeline.php(52): call_user_func(Object(Closure), Object(Laravel\Lumen\Http\Request))
#16 /home/yeajobesk/public_html/backend/app/Http/Middleware/PreflightResponse.php(32): Laravel\Lumen\Routing\Pipeline->Laravel\Lumen\Routing\{closure}(Object(Laravel\Lumen\Http\Request))
#17 /home/yeajobesk/public_html/backend/vendor/illuminate/pipeline/Pipeline.php(163): App\Http\Middleware\PreflightResponse->handle(Object(Laravel\Lumen\Http\Request), Object(Closure))
#18 [internal function]: Illuminate\Pipeline\Pipeline->Illuminate\Pipeline\{closure}(Object(Laravel\Lumen\Http\Request))
#19 /home/yeajobesk/public_html/backend/vendor/laravel/lumen-framework/src/Routing/Pipeline.php(32): call_user_func(Object(Closure), Object(Laravel\Lumen\Http\Request))
#20 /home/yeajobesk/public_html/backend/vendor/illuminate/pipeline/Pipeline.php(104): Laravel\Lumen\Routing\Pipeline->Laravel\Lumen\Routing\{closure}(Object(Laravel\Lumen\Http\Request))
#21 /home/yeajobesk/public_html/backend/vendor/laravel/lumen-framework/src/Concerns/RoutesRequests.php(415): Illuminate\Pipeline\Pipeline->then(Object(Closure))
#22 /home/yeajobesk/public_html/backend/vendor/laravel/lumen-framework/src/Concerns/RoutesRequests.php(171): Laravel\Lumen\Application->sendThroughPipeline(Array, Object(Closure))
#23 /home/yeajobesk/public_html/backend/vendor/laravel/lumen-framework/src/Concerns/RoutesRequests.php(108): Laravel\Lumen\Application->dispatch(NULL)
#24 /home/yeajobesk/public_html/backend/public/index.php(28): Laravel\Lumen\Application->run()
#25 {main} {"exception":"[object] (ErrorException(code: 0): json_decode() expects parameter 1 to be string, array given at /home/yeajobesk/public_html/backend/app/Http/Controllers/speakerController.php:67)
[stacktrace]
#0 [internal function]: Laravel\\Lumen\\Application->Laravel\\Lumen\\Concerns\\{closure}(2, 'json_decode() e...', '/home/yeajobesk...', 67, Array)
#1 /home/yeajobesk/public_html/backend/app/Http/Controllers/speakerController.php(67): json_decode(Array)
#2 [internal function]: App\\Http\\Controllers\\speakerController->getSpeaker('9')
#3 /home/yeajobesk/public_html/backend/vendor/illuminate/container/BoundMethod.php(29): call_user_func_array(Array, Array)
#4 /home/yeajobesk/public_html/backend/vendor/illuminate/container/BoundMethod.php(87): Illuminate\\Container\\BoundMethod::Illuminate\\Container\\{closure}()
#5 /home/yeajobesk/public_html/backend/vendor/illuminate/container/BoundMethod.php(31): Illuminate\\Container\\BoundMethod::callBoundMethod(Object(Laravel\\Lumen\\Application), Array, Object(Closure))
#6 /home/yeajobesk/public_html/backend/vendor/illuminate/container/Container.php(572): Illuminate\\Container\\BoundMethod::call(Object(Laravel\\Lumen\\Application), Array, Array, NULL)
#7 /home/yeajobesk/public_html/backend/vendor/laravel/lumen-framework/src/Concerns/RoutesRequests.php(378): Illuminate\\Container\\Container->call(Array, Array)
#8 /home/yeajobesk/public_html/backend/vendor/laravel/lumen-framework/src/Concerns/RoutesRequests.php(344): Laravel\\Lumen\\Application->callControllerCallable(Array, Array)
#9 /home/yeajobesk/public_html/backend/vendor/laravel/lumen-framework/src/Concerns/RoutesRequests.php(318): Laravel\\Lumen\\Application->callLumenController(Object(App\\Http\\Controllers\\speakerController), 'getSpeaker', Array)
#10 /home/yeajobesk/public_html/backend/vendor/laravel/lumen-framework/src/Concerns/RoutesRequests.php(280): Laravel\\Lumen\\Application->callControllerAction(Array)
#11 /home/yeajobesk/public_html/backend/vendor/laravel/lumen-framework/src/Concerns/RoutesRequests.php(265): Laravel\\Lumen\\Application->callActionOnArrayBasedRoute(Array)
#12 /home/yeajobesk/public_html/backend/vendor/laravel/lumen-framework/src/Concerns/RoutesRequests.php(235): Laravel\\Lumen\\Application->handleFoundRoute(Array)
#13 /home/yeajobesk/public_html/backend/vendor/laravel/lumen-framework/src/Concerns/RoutesRequests.php(169): Laravel\\Lumen\\Application->handleDispatcherResponse(Array)
#14 [internal function]: Laravel\\Lumen\\Application->Laravel\\Lumen\\Concerns\\{closure}(Object(Laravel\\Lumen\\Http\\Request))
#15 /home/yeajobesk/public_html/backend/vendor/laravel/lumen-framework/src/Routing/Pipeline.php(52): call_user_func(Object(Closure), Object(Laravel\\Lumen\\Http\\Request))
#16 /home/yeajobesk/public_html/backend/app/Http/Middleware/PreflightResponse.php(32): Laravel\\Lumen\\Routing\\Pipeline->Laravel\\Lumen\\Routing\\{closure}(Object(Laravel\\Lumen\\Http\\Request))
#17 /home/yeajobesk/public_html/backend/vendor/illuminate/pipeline/Pipeline.php(163): App\\Http\\Middleware\\PreflightResponse->handle(Object(Laravel\\Lumen\\Http\\Request), Object(Closure))
#18 [internal function]: Illuminate\\Pipeline\\Pipeline->Illuminate\\Pipeline\\{closure}(Object(Laravel\\Lumen\\Http\\Request))
#19 /home/yeajobesk/public_html/backend/vendor/laravel/lumen-framework/src/Routing/Pipeline.php(32): call_user_func(Object(Closure), Object(Laravel\\Lumen\\Http\\Request))
#20 /home/yeajobesk/public_html/backend/vendor/illuminate/pipeline/Pipeline.php(104): Laravel\\Lumen\\Routing\\Pipeline->Laravel\\Lumen\\Routing\\{closure}(Object(Laravel\\Lumen\\Http\\Request))
#21 /home/yeajobesk/public_html/backend/vendor/laravel/lumen-framework/src/Concerns/RoutesRequests.php(415): Illuminate\\Pipeline\\Pipeline->then(Object(Closure))
#22 /home/yeajobesk/public_html/backend/vendor/laravel/lumen-framework/src/Concerns/RoutesRequests.php(171): Laravel\\Lumen\\Application->sendThroughPipeline(Array, Object(Closure))
#23 /home/yeajobesk/public_html/backend/vendor/laravel/lumen-framework/src/Concerns/RoutesRequests.php(108): Laravel\\Lumen\\Application->dispatch(NULL)
#24 /home/yeajobesk/public_html/backend/public/index.php(28): Laravel\\Lumen\\Application->run()
#25 {main}
"} 
[2019-07-19 15:21:21] local.ERROR: ErrorException: Undefined variable: superData in /home/yeajobesk/public_html/backend/app/Http/Controllers/speakerController.php:66
Stack trace:
#0 /home/yeajobesk/public_html/backend/app/Http/Controllers/speakerController.php(66): Laravel\Lumen\Application->Laravel\Lumen\Concerns\{closure}(8, 'Undefined varia...', '/home/yeajobesk...', 66, Array)
#1 [internal function]: App\Http\Controllers\speakerController->getSpeaker('5')
#2 /home/yeajobesk/public_html/backend/vendor/illuminate/container/BoundMethod.php(29): call_user_func_array(Array, Array)
#3 /home/yeajobesk/public_html/backend/vendor/illuminate/container/BoundMethod.php(87): Illuminate\Container\BoundMethod::Illuminate\Container\{closure}()
#4 /home/yeajobesk/public_html/backend/vendor/illuminate/container/BoundMethod.php(31): Illuminate\Container\BoundMethod::callBoundMethod(Object(Laravel\Lumen\Application), Array, Object(Closure))
#5 /home/yeajobesk/public_html/backend/vendor/illuminate/container/Container.php(572): Illuminate\Container\BoundMethod::call(Object(Laravel\Lumen\Application), Array, Array, NULL)
#6 /home/yeajobesk/public_html/backend/vendor/laravel/lumen-framework/src/Concerns/RoutesRequests.php(378): Illuminate\Container\Container->call(Array, Array)
#7 /home/yeajobesk/public_html/backend/vendor/laravel/lumen-framework/src/Concerns/RoutesRequests.php(344): Laravel\Lumen\Application->callControllerCallable(Array, Array)
#8 /home/yeajobesk/public_html/backend/vendor/laravel/lumen-framework/src/Concerns/RoutesRequests.php(318): Laravel\Lumen\Application->callLumenController(Object(App\Http\Controllers\speakerController), 'getSpeaker', Array)
#9 /home/yeajobesk/public_html/backend/vendor/laravel/lumen-framework/src/Concerns/RoutesRequests.php(280): Laravel\Lumen\Application->callControllerAction(Array)
#10 /home/yeajobesk/public_html/backend/vendor/laravel/lumen-framework/src/Concerns/RoutesRequests.php(265): Laravel\Lumen\Application->callActionOnArrayBasedRoute(Array)
#11 /home/yeajobesk/public_html/backend/vendor/laravel/lumen-framework/src/Concerns/RoutesRequests.php(235): Laravel\Lumen\Application->handleFoundRoute(Array)
#12 /home/yeajobesk/public_html/backend/vendor/laravel/lumen-framework/src/Concerns/RoutesRequests.php(169): Laravel\Lumen\Application->handleDispatcherResponse(Array)
#13 [internal function]: Laravel\Lumen\Application->Laravel\Lumen\Concerns\{closure}(Object(Laravel\Lumen\Http\Request))
#14 /home/yeajobesk/public_html/backend/vendor/laravel/lumen-framework/src/Routing/Pipeline.php(52): call_user_func(Object(Closure), Object(Laravel\Lumen\Http\Request))
#15 /home/yeajobesk/public_html/backend/app/Http/Middleware/PreflightResponse.php(32): Laravel\Lumen\Routing\Pipeline->Laravel\Lumen\Routing\{closure}(Object(Laravel\Lumen\Http\Request))
#16 /home/yeajobesk/public_html/backend/vendor/illuminate/pipeline/Pipeline.php(163): App\Http\Middleware\PreflightResponse->handle(Object(Laravel\Lumen\Http\Request), Object(Closure))
#17 [internal function]: Illuminate\Pipeline\Pipeline->Illuminate\Pipeline\{closure}(Object(Laravel\Lumen\Http\Request))
#18 /home/yeajobesk/public_html/backend/vendor/laravel/lumen-framework/src/Routing/Pipeline.php(32): call_user_func(Object(Closure), Object(Laravel\Lumen\Http\Request))
#19 /home/yeajobesk/public_html/backend/vendor/illuminate/pipeline/Pipeline.php(104): Laravel\Lumen\Routing\Pipeline->Laravel\Lumen\Routing\{closure}(Object(Laravel\Lumen\Http\Request))
#20 /home/yeajobesk/public_html/backend/vendor/laravel/lumen-framework/src/Concerns/RoutesRequests.php(415): Illuminate\Pipeline\Pipeline->then(Object(Closure))
#21 /home/yeajobesk/public_html/backend/vendor/laravel/lumen-framework/src/Concerns/RoutesRequests.php(171): Laravel\Lumen\Application->sendThroughPipeline(Array, Object(Closure))
#22 /home/yeajobesk/public_html/backend/vendor/laravel/lumen-framework/src/Concerns/RoutesRequests.php(108): Laravel\Lumen\Application->dispatch(NULL)
#23 /home/yeajobesk/public_html/backend/public/index.php(28): Laravel\Lumen\Application->run()
#24 {main} {"exception":"[object] (ErrorException(code: 0): Undefined variable: superData at /home/yeajobesk/public_html/backend/app/Http/Controllers/speakerController.php:66)
[stacktrace]
#0 /home/yeajobesk/public_html/backend/app/Http/Controllers/speakerController.php(66): Laravel\\Lumen\\Application->Laravel\\Lumen\\Concerns\\{closure}(8, 'Undefined varia...', '/home/yeajobesk...', 66, Array)
#1 [internal function]: App\\Http\\Controllers\\speakerController->getSpeaker('5')
#2 /home/yeajobesk/public_html/backend/vendor/illuminate/container/BoundMethod.php(29): call_user_func_array(Array, Array)
#3 /home/yeajobesk/public_html/backend/vendor/illuminate/container/BoundMethod.php(87): Illuminate\\Container\\BoundMethod::Illuminate\\Container\\{closure}()
#4 /home/yeajobesk/public_html/backend/vendor/illuminate/container/BoundMethod.php(31): Illuminate\\Container\\BoundMethod::callBoundMethod(Object(Laravel\\Lumen\\Application), Array, Object(Closure))
#5 /home/yeajobesk/public_html/backend/vendor/illuminate/container/Container.php(572): Illuminate\\Container\\BoundMethod::call(Object(Laravel\\Lumen\\Application), Array, Array, NULL)
#6 /home/yeajobesk/public_html/backend/vendor/laravel/lumen-framework/src/Concerns/RoutesRequests.php(378): Illuminate\\Container\\Container->call(Array, Array)
#7 /home/yeajobesk/public_html/backend/vendor/laravel/lumen-framework/src/Concerns/RoutesRequests.php(344): Laravel\\Lumen\\Application->callControllerCallable(Array, Array)
#8 /home/yeajobesk/public_html/backend/vendor/laravel/lumen-framework/src/Concerns/RoutesRequests.php(318): Laravel\\Lumen\\Application->callLumenController(Object(App\\Http\\Controllers\\speakerController), 'getSpeaker', Array)
#9 /home/yeajobesk/public_html/backend/vendor/laravel/lumen-framework/src/Concerns/RoutesRequests.php(280): Laravel\\Lumen\\Application->callControllerAction(Array)
#10 /home/yeajobesk/public_html/backend/vendor/laravel/lumen-framework/src/Concerns/RoutesRequests.php(265): Laravel\\Lumen\\Application->callActionOnArrayBasedRoute(Array)
#11 /home/yeajobesk/public_html/backend/vendor/laravel/lumen-framework/src/Concerns/RoutesRequests.php(235): Laravel\\Lumen\\Application->handleFoundRoute(Array)
#12 /home/yeajobesk/public_html/backend/vendor/laravel/lumen-framework/src/Concerns/RoutesRequests.php(169): Laravel\\Lumen\\Application->handleDispatcherResponse(Array)
#13 [internal function]: Laravel\\Lumen\\Application->Laravel\\Lumen\\Concerns\\{closure}(Object(Laravel\\Lumen\\Http\\Request))
#14 /home/yeajobesk/public_html/backend/vendor/laravel/lumen-framework/src/Routing/Pipeline.php(52): call_user_func(Object(Closure), Object(Laravel\\Lumen\\Http\\Request))
#15 /home/yeajobesk/public_html/backend/app/Http/Middleware/PreflightResponse.php(32): Laravel\\Lumen\\Routing\\Pipeline->Laravel\\Lumen\\Routing\\{closure}(Object(Laravel\\Lumen\\Http\\Request))
#16 /home/yeajobesk/public_html/backend/vendor/illuminate/pipeline/Pipeline.php(163): App\\Http\\Middleware\\PreflightResponse->handle(Object(Laravel\\Lumen\\Http\\Request), Object(Closure))
#17 [internal function]: Illuminate\\Pipeline\\Pipeline->Illuminate\\Pipeline\\{closure}(Object(Laravel\\Lumen\\Http\\Request))
#18 /home/yeajobesk/public_html/backend/vendor/laravel/lumen-framework/src/Routing/Pipeline.php(32): call_user_func(Object(Closure), Object(Laravel\\Lumen\\Http\\Request))
#19 /home/yeajobesk/public_html/backend/vendor/illuminate/pipeline/Pipeline.php(104): Laravel\\Lumen\\Routing\\Pipeline->Laravel\\Lumen\\Routing\\{closure}(Object(Laravel\\Lumen\\Http\\Request))
#20 /home/yeajobesk/public_html/backend/vendor/laravel/lumen-framework/src/Concerns/RoutesRequests.php(415): Illuminate\\Pipeline\\Pipeline->then(Object(Closure))
#21 /home/yeajobesk/public_html/backend/vendor/laravel/lumen-framework/src/Concerns/RoutesRequests.php(171): Laravel\\Lumen\\Application->sendThroughPipeline(Array, Object(Closure))
#22 /home/yeajobesk/public_html/backend/vendor/laravel/lumen-framework/src/Concerns/RoutesRequests.php(108): Laravel\\Lumen\\Application->dispatch(NULL)
#23 /home/yeajobesk/public_html/backend/public/index.php(28): Laravel\\Lumen\\Application->run()
#24 {main}
"} 
[2019-07-19 15:33:39] local.ERROR: ErrorException: Undefined variable: superData in /home/yeajobesk/public_html/backend/app/Http/Controllers/speakerController.php:66
Stack trace:
#0 /home/yeajobesk/public_html/backend/app/Http/Controllers/speakerController.php(66): Laravel\Lumen\Application->Laravel\Lumen\Concerns\{closure}(8, 'Undefined varia...', '/home/yeajobesk...', 66, Array)
#1 [internal function]: App\Http\Controllers\speakerController->getSpeaker('5')
#2 /home/yeajobesk/public_html/backend/vendor/illuminate/container/BoundMethod.php(29): call_user_func_array(Array, Array)
#3 /home/yeajobesk/public_html/backend/vendor/illuminate/container/BoundMethod.php(87): Illuminate\Container\BoundMethod::Illuminate\Container\{closure}()
#4 /home/yeajobesk/public_html/backend/vendor/illuminate/container/BoundMethod.php(31): Illuminate\Container\BoundMethod::callBoundMethod(Object(Laravel\Lumen\Application), Array, Object(Closure))
#5 /home/yeajobesk/public_html/backend/vendor/illuminate/container/Container.php(572): Illuminate\Container\BoundMethod::call(Object(Laravel\Lumen\Application), Array, Array, NULL)
#6 /home/yeajobesk/public_html/backend/vendor/laravel/lumen-framework/src/Concerns/RoutesRequests.php(378): Illuminate\Container\Container->call(Array, Array)
#7 /home/yeajobesk/public_html/backend/vendor/laravel/lumen-framework/src/Concerns/RoutesRequests.php(344): Laravel\Lumen\Application->callControllerCallable(Array, Array)
#8 /home/yeajobesk/public_html/backend/vendor/laravel/lumen-framework/src/Concerns/RoutesRequests.php(318): Laravel\Lumen\Application->callLumenController(Object(App\Http\Controllers\speakerController), 'getSpeaker', Array)
#9 /home/yeajobesk/public_html/backend/vendor/laravel/lumen-framework/src/Concerns/RoutesRequests.php(280): Laravel\Lumen\Application->callControllerAction(Array)
#10 /home/yeajobesk/public_html/backend/vendor/laravel/lumen-framework/src/Concerns/RoutesRequests.php(265): Laravel\Lumen\Application->callActionOnArrayBasedRoute(Array)
#11 /home/yeajobesk/public_html/backend/vendor/laravel/lumen-framework/src/Concerns/RoutesRequests.php(235): Laravel\Lumen\Application->handleFoundRoute(Array)
#12 /home/yeajobesk/public_html/backend/vendor/laravel/lumen-framework/src/Concerns/RoutesRequests.php(169): Laravel\Lumen\Application->handleDispatcherResponse(Array)
#13 [internal function]: Laravel\Lumen\Application->Laravel\Lumen\Concerns\{closure}(Object(Laravel\Lumen\Http\Request))
#14 /home/yeajobesk/public_html/backend/vendor/laravel/lumen-framework/src/Routing/Pipeline.php(52): call_user_func(Object(Closure), Object(Laravel\Lumen\Http\Request))
#15 /home/yeajobesk/public_html/backend/app/Http/Middleware/PreflightResponse.php(32): Laravel\Lumen\Routing\Pipeline->Laravel\Lumen\Routing\{closure}(Object(Laravel\Lumen\Http\Request))
#16 /home/yeajobesk/public_html/backend/vendor/illuminate/pipeline/Pipeline.php(163): App\Http\Middleware\PreflightResponse->handle(Object(Laravel\Lumen\Http\Request), Object(Closure))
#17 [internal function]: Illuminate\Pipeline\Pipeline->Illuminate\Pipeline\{closure}(Object(Laravel\Lumen\Http\Request))
#18 /home/yeajobesk/public_html/backend/vendor/laravel/lumen-framework/src/Routing/Pipeline.php(32): call_user_func(Object(Closure), Object(Laravel\Lumen\Http\Request))
#19 /home/yeajobesk/public_html/backend/vendor/illuminate/pipeline/Pipeline.php(104): Laravel\Lumen\Routing\Pipeline->Laravel\Lumen\Routing\{closure}(Object(Laravel\Lumen\Http\Request))
#20 /home/yeajobesk/public_html/backend/vendor/laravel/lumen-framework/src/Concerns/RoutesRequests.php(415): Illuminate\Pipeline\Pipeline->then(Object(Closure))
#21 /home/yeajobesk/public_html/backend/vendor/laravel/lumen-framework/src/Concerns/RoutesRequests.php(171): Laravel\Lumen\Application->sendThroughPipeline(Array, Object(Closure))
#22 /home/yeajobesk/public_html/backend/vendor/laravel/lumen-framework/src/Concerns/RoutesRequests.php(108): Laravel\Lumen\Application->dispatch(NULL)
#23 /home/yeajobesk/public_html/backend/public/index.php(28): Laravel\Lumen\Application->run()
#24 {main} {"exception":"[object] (ErrorException(code: 0): Undefined variable: superData at /home/yeajobesk/public_html/backend/app/Http/Controllers/speakerController.php:66)
[stacktrace]
#0 /home/yeajobesk/public_html/backend/app/Http/Controllers/speakerController.php(66): Laravel\\Lumen\\Application->Laravel\\Lumen\\Concerns\\{closure}(8, 'Undefined varia...', '/home/yeajobesk...', 66, Array)
#1 [internal function]: App\\Http\\Controllers\\speakerController->getSpeaker('5')
#2 /home/yeajobesk/public_html/backend/vendor/illuminate/container/BoundMethod.php(29): call_user_func_array(Array, Array)
#3 /home/yeajobesk/public_html/backend/vendor/illuminate/container/BoundMethod.php(87): Illuminate\\Container\\BoundMethod::Illuminate\\Container\\{closure}()
#4 /home/yeajobesk/public_html/backend/vendor/illuminate/container/BoundMethod.php(31): Illuminate\\Container\\BoundMethod::callBoundMethod(Object(Laravel\\Lumen\\Application), Array, Object(Closure))
#5 /home/yeajobesk/public_html/backend/vendor/illuminate/container/Container.php(572): Illuminate\\Container\\BoundMethod::call(Object(Laravel\\Lumen\\Application), Array, Array, NULL)
#6 /home/yeajobesk/public_html/backend/vendor/laravel/lumen-framework/src/Concerns/RoutesRequests.php(378): Illuminate\\Container\\Container->call(Array, Array)
#7 /home/yeajobesk/public_html/backend/vendor/laravel/lumen-framework/src/Concerns/RoutesRequests.php(344): Laravel\\Lumen\\Application->callControllerCallable(Array, Array)
#8 /home/yeajobesk/public_html/backend/vendor/laravel/lumen-framework/src/Concerns/RoutesRequests.php(318): Laravel\\Lumen\\Application->callLumenController(Object(App\\Http\\Controllers\\speakerController), 'getSpeaker', Array)
#9 /home/yeajobesk/public_html/backend/vendor/laravel/lumen-framework/src/Concerns/RoutesRequests.php(280): Laravel\\Lumen\\Application->callControllerAction(Array)
#10 /home/yeajobesk/public_html/backend/vendor/laravel/lumen-framework/src/Concerns/RoutesRequests.php(265): Laravel\\Lumen\\Application->callActionOnArrayBasedRoute(Array)
#11 /home/yeajobesk/public_html/backend/vendor/laravel/lumen-framework/src/Concerns/RoutesRequests.php(235): Laravel\\Lumen\\Application->handleFoundRoute(Array)
#12 /home/yeajobesk/public_html/backend/vendor/laravel/lumen-framework/src/Concerns/RoutesRequests.php(169): Laravel\\Lumen\\Application->handleDispatcherResponse(Array)
#13 [internal function]: Laravel\\Lumen\\Application->Laravel\\Lumen\\Concerns\\{closure}(Object(Laravel\\Lumen\\Http\\Request))
#14 /home/yeajobesk/public_html/backend/vendor/laravel/lumen-framework/src/Routing/Pipeline.php(52): call_user_func(Object(Closure), Object(Laravel\\Lumen\\Http\\Request))
#15 /home/yeajobesk/public_html/backend/app/Http/Middleware/PreflightResponse.php(32): Laravel\\Lumen\\Routing\\Pipeline->Laravel\\Lumen\\Routing\\{closure}(Object(Laravel\\Lumen\\Http\\Request))
#16 /home/yeajobesk/public_html/backend/vendor/illuminate/pipeline/Pipeline.php(163): App\\Http\\Middleware\\PreflightResponse->handle(Object(Laravel\\Lumen\\Http\\Request), Object(Closure))
#17 [internal function]: Illuminate\\Pipeline\\Pipeline->Illuminate\\Pipeline\\{closure}(Object(Laravel\\Lumen\\Http\\Request))
#18 /home/yeajobesk/public_html/backend/vendor/laravel/lumen-framework/src/Routing/Pipeline.php(32): call_user_func(Object(Closure), Object(Laravel\\Lumen\\Http\\Request))
#19 /home/yeajobesk/public_html/backend/vendor/illuminate/pipeline/Pipeline.php(104): Laravel\\Lumen\\Routing\\Pipeline->Laravel\\Lumen\\Routing\\{closure}(Object(Laravel\\Lumen\\Http\\Request))
#20 /home/yeajobesk/public_html/backend/vendor/laravel/lumen-framework/src/Concerns/RoutesRequests.php(415): Illuminate\\Pipeline\\Pipeline->then(Object(Closure))
#21 /home/yeajobesk/public_html/backend/vendor/laravel/lumen-framework/src/Concerns/RoutesRequests.php(171): Laravel\\Lumen\\Application->sendThroughPipeline(Array, Object(Closure))
#22 /home/yeajobesk/public_html/backend/vendor/laravel/lumen-framework/src/Concerns/RoutesRequests.php(108): Laravel\\Lumen\\Application->dispatch(NULL)
#23 /home/yeajobesk/public_html/backend/public/index.php(28): Laravel\\Lumen\\Application->run()
#24 {main}
"} 
