[2019-07-16 11:40:12] local.ERROR: ErrorException: count(): Parameter must be an array or an object that implements Countable in /home/yeajobesk/public_html/backend/app/Http/Controllers/agendaController.php:200
Stack trace:
#0 [internal function]: Laravel\Lumen\Application->Laravel\Lumen\Concerns\{closure}(2, 'count(): Parame...', '/home/yeajobesk...', 200, Array)
#1 /home/yeajobesk/public_html/backend/app/Http/Controllers/agendaController.php(200): count(NULL)
#2 [internal function]: App\Http\Controllers\agendaController->addSession(Object(Laravel\Lumen\Http\Request))
#3 /home/yeajobesk/public_html/backend/vendor/illuminate/container/BoundMethod.php(29): call_user_func_array(Array, Array)
#4 /home/yeajobesk/public_html/backend/vendor/illuminate/container/BoundMethod.php(87): Illuminate\Container\BoundMethod::Illuminate\Container\{closure}()
#5 /home/yeajobesk/public_html/backend/vendor/illuminate/container/BoundMethod.php(31): Illuminate\Container\BoundMethod::callBoundMethod(Object(Laravel\Lumen\Application), Array, Object(Closure))
#6 /home/yeajobesk/public_html/backend/vendor/illuminate/container/Container.php(572): Illuminate\Container\BoundMethod::call(Object(Laravel\Lumen\Application), Array, Array, NULL)
#7 /home/yeajobesk/public_html/backend/vendor/laravel/lumen-framework/src/Concerns/RoutesRequests.php(378): Illuminate\Container\Container->call(Array, Array)
#8 /home/yeajobesk/public_html/backend/vendor/laravel/lumen-framework/src/Concerns/RoutesRequests.php(344): Laravel\Lumen\Application->callControllerCallable(Array, Array)
#9 /home/yeajobesk/public_html/backend/vendor/laravel/lumen-framework/src/Concerns/RoutesRequests.php(318): Laravel\Lumen\Application->callLumenController(Object(App\Http\Controllers\agendaController), 'addSession', Array)
#10 /home/yeajobesk/public_html/backend/vendor/laravel/lumen-framework/src/Concerns/RoutesRequests.php(280): Laravel\Lumen\Application->callControllerAction(Array)
#11 /home/yeajobesk/public_html/backend/vendor/laravel/lumen-framework/src/Concerns/RoutesRequests.php(265): Laravel\Lumen\Application->callActionOnArrayBasedRoute(Array)
#12 /home/yeajobesk/public_html/backend/vendor/laravel/lumen-framework/src/Concerns/RoutesRequests.php(165): Laravel\Lumen\Application->handleFoundRoute(Array)
#13 [internal function]: Laravel\Lumen\Application->Laravel\Lumen\Concerns\{closure}(Object(Laravel\Lumen\Http\Request))
#14 /home/yeajobesk/public_html/backend/vendor/laravel/lumen-framework/src/Routing/Pipeline.php(52): call_user_func(Object(Closure), Object(Laravel\Lumen\Http\Request))
#15 /home/yeajobesk/public_html/backend/app/Http/Middleware/PreflightResponse.php(32): Laravel\Lumen\Routing\Pipeline->Laravel\Lumen\Routing\{closure}(Object(Laravel\Lumen\Http\Request))
#16 /home/yeajobesk/public_html/backend/vendor/illuminate/pipeline/Pipeline.php(163): App\Http\Middleware\PreflightResponse->handle(Object(Laravel\Lumen\Http\Request), Object(Closure))
#17 [internal function]: Illuminate\Pipeline\Pipeline->Illuminate\Pipeline\{closure}(Object(Laravel\Lumen\Http\Request))
#18 /home/yeajobesk/public_html/backend/vendor/laravel/lumen-framework/src/Routing/Pipeline.php(32): call_user_func(Object(Closure), Object(Laravel\Lumen\Http\Request))
#19 /home/yeajobesk/public_html/backend/vendor/illuminate/pipeline/Pipeline.php(104): Laravel\Lumen\Routing\Pipeline->Laravel\Lumen\Routing\{closure}(Object(Laravel\Lumen\Http\Request))
#20 /home/yeajobesk/public_html/backend/vendor/laravel/lumen-framework/src/Concerns/RoutesRequests.php(415): Illuminate\Pipeline\Pipeline->then(Object(Closure))
#21 /home/yeajobesk/public_html/backend/vendor/laravel/lumen-framework/src/Concerns/RoutesRequests.php(171): Laravel\Lumen\Application->sendThroughPipeline(Array, Object(Closure))
#22 /home/yeajobesk/public_html/backend/vendor/laravel/lumen-framework/src/Concerns/RoutesRequests.php(108): Laravel\Lumen\Application->dispatch(NULL)
#23 /home/yeajobesk/public_html/backend/public/index.php(28): Laravel\Lumen\Application->run()
#24 {main} {"exception":"[object] (ErrorException(code: 0): count(): Parameter must be an array or an object that implements Countable at /home/yeajobesk/public_html/backend/app/Http/Controllers/agendaController.php:200)
[stacktrace]
#0 [internal function]: Laravel\\Lumen\\Application->Laravel\\Lumen\\Concerns\\{closure}(2, 'count(): Parame...', '/home/yeajobesk...', 200, Array)
#1 /home/yeajobesk/public_html/backend/app/Http/Controllers/agendaController.php(200): count(NULL)
#2 [internal function]: App\\Http\\Controllers\\agendaController->addSession(Object(Laravel\\Lumen\\Http\\Request))
#3 /home/yeajobesk/public_html/backend/vendor/illuminate/container/BoundMethod.php(29): call_user_func_array(Array, Array)
#4 /home/yeajobesk/public_html/backend/vendor/illuminate/container/BoundMethod.php(87): Illuminate\\Container\\BoundMethod::Illuminate\\Container\\{closure}()
#5 /home/yeajobesk/public_html/backend/vendor/illuminate/container/BoundMethod.php(31): Illuminate\\Container\\BoundMethod::callBoundMethod(Object(Laravel\\Lumen\\Application), Array, Object(Closure))
#6 /home/yeajobesk/public_html/backend/vendor/illuminate/container/Container.php(572): Illuminate\\Container\\BoundMethod::call(Object(Laravel\\Lumen\\Application), Array, Array, NULL)
#7 /home/yeajobesk/public_html/backend/vendor/laravel/lumen-framework/src/Concerns/RoutesRequests.php(378): Illuminate\\Container\\Container->call(Array, Array)
#8 /home/yeajobesk/public_html/backend/vendor/laravel/lumen-framework/src/Concerns/RoutesRequests.php(344): Laravel\\Lumen\\Application->callControllerCallable(Array, Array)
#9 /home/yeajobesk/public_html/backend/vendor/laravel/lumen-framework/src/Concerns/RoutesRequests.php(318): Laravel\\Lumen\\Application->callLumenController(Object(App\\Http\\Controllers\\agendaController), 'addSession', Array)
#10 /home/yeajobesk/public_html/backend/vendor/laravel/lumen-framework/src/Concerns/RoutesRequests.php(280): Laravel\\Lumen\\Application->callControllerAction(Array)
#11 /home/yeajobesk/public_html/backend/vendor/laravel/lumen-framework/src/Concerns/RoutesRequests.php(265): Laravel\\Lumen\\Application->callActionOnArrayBasedRoute(Array)
#12 /home/yeajobesk/public_html/backend/vendor/laravel/lumen-framework/src/Concerns/RoutesRequests.php(165): Laravel\\Lumen\\Application->handleFoundRoute(Array)
#13 [internal function]: Laravel\\Lumen\\Application->Laravel\\Lumen\\Concerns\\{closure}(Object(Laravel\\Lumen\\Http\\Request))
#14 /home/yeajobesk/public_html/backend/vendor/laravel/lumen-framework/src/Routing/Pipeline.php(52): call_user_func(Object(Closure), Object(Laravel\\Lumen\\Http\\Request))
#15 /home/yeajobesk/public_html/backend/app/Http/Middleware/PreflightResponse.php(32): Laravel\\Lumen\\Routing\\Pipeline->Laravel\\Lumen\\Routing\\{closure}(Object(Laravel\\Lumen\\Http\\Request))
#16 /home/yeajobesk/public_html/backend/vendor/illuminate/pipeline/Pipeline.php(163): App\\Http\\Middleware\\PreflightResponse->handle(Object(Laravel\\Lumen\\Http\\Request), Object(Closure))
#17 [internal function]: Illuminate\\Pipeline\\Pipeline->Illuminate\\Pipeline\\{closure}(Object(Laravel\\Lumen\\Http\\Request))
#18 /home/yeajobesk/public_html/backend/vendor/laravel/lumen-framework/src/Routing/Pipeline.php(32): call_user_func(Object(Closure), Object(Laravel\\Lumen\\Http\\Request))
#19 /home/yeajobesk/public_html/backend/vendor/illuminate/pipeline/Pipeline.php(104): Laravel\\Lumen\\Routing\\Pipeline->Laravel\\Lumen\\Routing\\{closure}(Object(Laravel\\Lumen\\Http\\Request))
#20 /home/yeajobesk/public_html/backend/vendor/laravel/lumen-framework/src/Concerns/RoutesRequests.php(415): Illuminate\\Pipeline\\Pipeline->then(Object(Closure))
#21 /home/yeajobesk/public_html/backend/vendor/laravel/lumen-framework/src/Concerns/RoutesRequests.php(171): Laravel\\Lumen\\Application->sendThroughPipeline(Array, Object(Closure))
#22 /home/yeajobesk/public_html/backend/vendor/laravel/lumen-framework/src/Concerns/RoutesRequests.php(108): Laravel\\Lumen\\Application->dispatch(NULL)
#23 /home/yeajobesk/public_html/backend/public/index.php(28): Laravel\\Lumen\\Application->run()
#24 {main}
"} 
[2019-07-16 11:40:22] local.ERROR: ErrorException: count(): Parameter must be an array or an object that implements Countable in /home/yeajobesk/public_html/backend/app/Http/Controllers/agendaController.php:200
Stack trace:
#0 [internal function]: Laravel\Lumen\Application->Laravel\Lumen\Concerns\{closure}(2, 'count(): Parame...', '/home/yeajobesk...', 200, Array)
#1 /home/yeajobesk/public_html/backend/app/Http/Controllers/agendaController.php(200): count(NULL)
#2 [internal function]: App\Http\Controllers\agendaController->addSession(Object(Laravel\Lumen\Http\Request))
#3 /home/yeajobesk/public_html/backend/vendor/illuminate/container/BoundMethod.php(29): call_user_func_array(Array, Array)
#4 /home/yeajobesk/public_html/backend/vendor/illuminate/container/BoundMethod.php(87): Illuminate\Container\BoundMethod::Illuminate\Container\{closure}()
#5 /home/yeajobesk/public_html/backend/vendor/illuminate/container/BoundMethod.php(31): Illuminate\Container\BoundMethod::callBoundMethod(Object(Laravel\Lumen\Application), Array, Object(Closure))
#6 /home/yeajobesk/public_html/backend/vendor/illuminate/container/Container.php(572): Illuminate\Container\BoundMethod::call(Object(Laravel\Lumen\Application), Array, Array, NULL)
#7 /home/yeajobesk/public_html/backend/vendor/laravel/lumen-framework/src/Concerns/RoutesRequests.php(378): Illuminate\Container\Container->call(Array, Array)
#8 /home/yeajobesk/public_html/backend/vendor/laravel/lumen-framework/src/Concerns/RoutesRequests.php(344): Laravel\Lumen\Application->callControllerCallable(Array, Array)
#9 /home/yeajobesk/public_html/backend/vendor/laravel/lumen-framework/src/Concerns/RoutesRequests.php(318): Laravel\Lumen\Application->callLumenController(Object(App\Http\Controllers\agendaController), 'addSession', Array)
#10 /home/yeajobesk/public_html/backend/vendor/laravel/lumen-framework/src/Concerns/RoutesRequests.php(280): Laravel\Lumen\Application->callControllerAction(Array)
#11 /home/yeajobesk/public_html/backend/vendor/laravel/lumen-framework/src/Concerns/RoutesRequests.php(265): Laravel\Lumen\Application->callActionOnArrayBasedRoute(Array)
#12 /home/yeajobesk/public_html/backend/vendor/laravel/lumen-framework/src/Concerns/RoutesRequests.php(165): Laravel\Lumen\Application->handleFoundRoute(Array)
#13 [internal function]: Laravel\Lumen\Application->Laravel\Lumen\Concerns\{closure}(Object(Laravel\Lumen\Http\Request))
#14 /home/yeajobesk/public_html/backend/vendor/laravel/lumen-framework/src/Routing/Pipeline.php(52): call_user_func(Object(Closure), Object(Laravel\Lumen\Http\Request))
#15 /home/yeajobesk/public_html/backend/app/Http/Middleware/PreflightResponse.php(32): Laravel\Lumen\Routing\Pipeline->Laravel\Lumen\Routing\{closure}(Object(Laravel\Lumen\Http\Request))
#16 /home/yeajobesk/public_html/backend/vendor/illuminate/pipeline/Pipeline.php(163): App\Http\Middleware\PreflightResponse->handle(Object(Laravel\Lumen\Http\Request), Object(Closure))
#17 [internal function]: Illuminate\Pipeline\Pipeline->Illuminate\Pipeline\{closure}(Object(Laravel\Lumen\Http\Request))
#18 /home/yeajobesk/public_html/backend/vendor/laravel/lumen-framework/src/Routing/Pipeline.php(32): call_user_func(Object(Closure), Object(Laravel\Lumen\Http\Request))
#19 /home/yeajobesk/public_html/backend/vendor/illuminate/pipeline/Pipeline.php(104): Laravel\Lumen\Routing\Pipeline->Laravel\Lumen\Routing\{closure}(Object(Laravel\Lumen\Http\Request))
#20 /home/yeajobesk/public_html/backend/vendor/laravel/lumen-framework/src/Concerns/RoutesRequests.php(415): Illuminate\Pipeline\Pipeline->then(Object(Closure))
#21 /home/yeajobesk/public_html/backend/vendor/laravel/lumen-framework/src/Concerns/RoutesRequests.php(171): Laravel\Lumen\Application->sendThroughPipeline(Array, Object(Closure))
#22 /home/yeajobesk/public_html/backend/vendor/laravel/lumen-framework/src/Concerns/RoutesRequests.php(108): Laravel\Lumen\Application->dispatch(NULL)
#23 /home/yeajobesk/public_html/backend/public/index.php(28): Laravel\Lumen\Application->run()
#24 {main} {"exception":"[object] (ErrorException(code: 0): count(): Parameter must be an array or an object that implements Countable at /home/yeajobesk/public_html/backend/app/Http/Controllers/agendaController.php:200)
[stacktrace]
#0 [internal function]: Laravel\\Lumen\\Application->Laravel\\Lumen\\Concerns\\{closure}(2, 'count(): Parame...', '/home/yeajobesk...', 200, Array)
#1 /home/yeajobesk/public_html/backend/app/Http/Controllers/agendaController.php(200): count(NULL)
#2 [internal function]: App\\Http\\Controllers\\agendaController->addSession(Object(Laravel\\Lumen\\Http\\Request))
#3 /home/yeajobesk/public_html/backend/vendor/illuminate/container/BoundMethod.php(29): call_user_func_array(Array, Array)
#4 /home/yeajobesk/public_html/backend/vendor/illuminate/container/BoundMethod.php(87): Illuminate\\Container\\BoundMethod::Illuminate\\Container\\{closure}()
#5 /home/yeajobesk/public_html/backend/vendor/illuminate/container/BoundMethod.php(31): Illuminate\\Container\\BoundMethod::callBoundMethod(Object(Laravel\\Lumen\\Application), Array, Object(Closure))
#6 /home/yeajobesk/public_html/backend/vendor/illuminate/container/Container.php(572): Illuminate\\Container\\BoundMethod::call(Object(Laravel\\Lumen\\Application), Array, Array, NULL)
#7 /home/yeajobesk/public_html/backend/vendor/laravel/lumen-framework/src/Concerns/RoutesRequests.php(378): Illuminate\\Container\\Container->call(Array, Array)
#8 /home/yeajobesk/public_html/backend/vendor/laravel/lumen-framework/src/Concerns/RoutesRequests.php(344): Laravel\\Lumen\\Application->callControllerCallable(Array, Array)
#9 /home/yeajobesk/public_html/backend/vendor/laravel/lumen-framework/src/Concerns/RoutesRequests.php(318): Laravel\\Lumen\\Application->callLumenController(Object(App\\Http\\Controllers\\agendaController), 'addSession', Array)
#10 /home/yeajobesk/public_html/backend/vendor/laravel/lumen-framework/src/Concerns/RoutesRequests.php(280): Laravel\\Lumen\\Application->callControllerAction(Array)
#11 /home/yeajobesk/public_html/backend/vendor/laravel/lumen-framework/src/Concerns/RoutesRequests.php(265): Laravel\\Lumen\\Application->callActionOnArrayBasedRoute(Array)
#12 /home/yeajobesk/public_html/backend/vendor/laravel/lumen-framework/src/Concerns/RoutesRequests.php(165): Laravel\\Lumen\\Application->handleFoundRoute(Array)
#13 [internal function]: Laravel\\Lumen\\Application->Laravel\\Lumen\\Concerns\\{closure}(Object(Laravel\\Lumen\\Http\\Request))
#14 /home/yeajobesk/public_html/backend/vendor/laravel/lumen-framework/src/Routing/Pipeline.php(52): call_user_func(Object(Closure), Object(Laravel\\Lumen\\Http\\Request))
#15 /home/yeajobesk/public_html/backend/app/Http/Middleware/PreflightResponse.php(32): Laravel\\Lumen\\Routing\\Pipeline->Laravel\\Lumen\\Routing\\{closure}(Object(Laravel\\Lumen\\Http\\Request))
#16 /home/yeajobesk/public_html/backend/vendor/illuminate/pipeline/Pipeline.php(163): App\\Http\\Middleware\\PreflightResponse->handle(Object(Laravel\\Lumen\\Http\\Request), Object(Closure))
#17 [internal function]: Illuminate\\Pipeline\\Pipeline->Illuminate\\Pipeline\\{closure}(Object(Laravel\\Lumen\\Http\\Request))
#18 /home/yeajobesk/public_html/backend/vendor/laravel/lumen-framework/src/Routing/Pipeline.php(32): call_user_func(Object(Closure), Object(Laravel\\Lumen\\Http\\Request))
#19 /home/yeajobesk/public_html/backend/vendor/illuminate/pipeline/Pipeline.php(104): Laravel\\Lumen\\Routing\\Pipeline->Laravel\\Lumen\\Routing\\{closure}(Object(Laravel\\Lumen\\Http\\Request))
#20 /home/yeajobesk/public_html/backend/vendor/laravel/lumen-framework/src/Concerns/RoutesRequests.php(415): Illuminate\\Pipeline\\Pipeline->then(Object(Closure))
#21 /home/yeajobesk/public_html/backend/vendor/laravel/lumen-framework/src/Concerns/RoutesRequests.php(171): Laravel\\Lumen\\Application->sendThroughPipeline(Array, Object(Closure))
#22 /home/yeajobesk/public_html/backend/vendor/laravel/lumen-framework/src/Concerns/RoutesRequests.php(108): Laravel\\Lumen\\Application->dispatch(NULL)
#23 /home/yeajobesk/public_html/backend/public/index.php(28): Laravel\\Lumen\\Application->run()
#24 {main}
"} 
[2019-07-16 11:40:29] local.ERROR: ErrorException: count(): Parameter must be an array or an object that implements Countable in /home/yeajobesk/public_html/backend/app/Http/Controllers/agendaController.php:200
Stack trace:
#0 [internal function]: Laravel\Lumen\Application->Laravel\Lumen\Concerns\{closure}(2, 'count(): Parame...', '/home/yeajobesk...', 200, Array)
#1 /home/yeajobesk/public_html/backend/app/Http/Controllers/agendaController.php(200): count(NULL)
#2 [internal function]: App\Http\Controllers\agendaController->addSession(Object(Laravel\Lumen\Http\Request))
#3 /home/yeajobesk/public_html/backend/vendor/illuminate/container/BoundMethod.php(29): call_user_func_array(Array, Array)
#4 /home/yeajobesk/public_html/backend/vendor/illuminate/container/BoundMethod.php(87): Illuminate\Container\BoundMethod::Illuminate\Container\{closure}()
#5 /home/yeajobesk/public_html/backend/vendor/illuminate/container/BoundMethod.php(31): Illuminate\Container\BoundMethod::callBoundMethod(Object(Laravel\Lumen\Application), Array, Object(Closure))
#6 /home/yeajobesk/public_html/backend/vendor/illuminate/container/Container.php(572): Illuminate\Container\BoundMethod::call(Object(Laravel\Lumen\Application), Array, Array, NULL)
#7 /home/yeajobesk/public_html/backend/vendor/laravel/lumen-framework/src/Concerns/RoutesRequests.php(378): Illuminate\Container\Container->call(Array, Array)
#8 /home/yeajobesk/public_html/backend/vendor/laravel/lumen-framework/src/Concerns/RoutesRequests.php(344): Laravel\Lumen\Application->callControllerCallable(Array, Array)
#9 /home/yeajobesk/public_html/backend/vendor/laravel/lumen-framework/src/Concerns/RoutesRequests.php(318): Laravel\Lumen\Application->callLumenController(Object(App\Http\Controllers\agendaController), 'addSession', Array)
#10 /home/yeajobesk/public_html/backend/vendor/laravel/lumen-framework/src/Concerns/RoutesRequests.php(280): Laravel\Lumen\Application->callControllerAction(Array)
#11 /home/yeajobesk/public_html/backend/vendor/laravel/lumen-framework/src/Concerns/RoutesRequests.php(265): Laravel\Lumen\Application->callActionOnArrayBasedRoute(Array)
#12 /home/yeajobesk/public_html/backend/vendor/laravel/lumen-framework/src/Concerns/RoutesRequests.php(165): Laravel\Lumen\Application->handleFoundRoute(Array)
#13 [internal function]: Laravel\Lumen\Application->Laravel\Lumen\Concerns\{closure}(Object(Laravel\Lumen\Http\Request))
#14 /home/yeajobesk/public_html/backend/vendor/laravel/lumen-framework/src/Routing/Pipeline.php(52): call_user_func(Object(Closure), Object(Laravel\Lumen\Http\Request))
#15 /home/yeajobesk/public_html/backend/app/Http/Middleware/PreflightResponse.php(32): Laravel\Lumen\Routing\Pipeline->Laravel\Lumen\Routing\{closure}(Object(Laravel\Lumen\Http\Request))
#16 /home/yeajobesk/public_html/backend/vendor/illuminate/pipeline/Pipeline.php(163): App\Http\Middleware\PreflightResponse->handle(Object(Laravel\Lumen\Http\Request), Object(Closure))
#17 [internal function]: Illuminate\Pipeline\Pipeline->Illuminate\Pipeline\{closure}(Object(Laravel\Lumen\Http\Request))
#18 /home/yeajobesk/public_html/backend/vendor/laravel/lumen-framework/src/Routing/Pipeline.php(32): call_user_func(Object(Closure), Object(Laravel\Lumen\Http\Request))
#19 /home/yeajobesk/public_html/backend/vendor/illuminate/pipeline/Pipeline.php(104): Laravel\Lumen\Routing\Pipeline->Laravel\Lumen\Routing\{closure}(Object(Laravel\Lumen\Http\Request))
#20 /home/yeajobesk/public_html/backend/vendor/laravel/lumen-framework/src/Concerns/RoutesRequests.php(415): Illuminate\Pipeline\Pipeline->then(Object(Closure))
#21 /home/yeajobesk/public_html/backend/vendor/laravel/lumen-framework/src/Concerns/RoutesRequests.php(171): Laravel\Lumen\Application->sendThroughPipeline(Array, Object(Closure))
#22 /home/yeajobesk/public_html/backend/vendor/laravel/lumen-framework/src/Concerns/RoutesRequests.php(108): Laravel\Lumen\Application->dispatch(NULL)
#23 /home/yeajobesk/public_html/backend/public/index.php(28): Laravel\Lumen\Application->run()
#24 {main} {"exception":"[object] (ErrorException(code: 0): count(): Parameter must be an array or an object that implements Countable at /home/yeajobesk/public_html/backend/app/Http/Controllers/agendaController.php:200)
[stacktrace]
#0 [internal function]: Laravel\\Lumen\\Application->Laravel\\Lumen\\Concerns\\{closure}(2, 'count(): Parame...', '/home/yeajobesk...', 200, Array)
#1 /home/yeajobesk/public_html/backend/app/Http/Controllers/agendaController.php(200): count(NULL)
#2 [internal function]: App\\Http\\Controllers\\agendaController->addSession(Object(Laravel\\Lumen\\Http\\Request))
#3 /home/yeajobesk/public_html/backend/vendor/illuminate/container/BoundMethod.php(29): call_user_func_array(Array, Array)
#4 /home/yeajobesk/public_html/backend/vendor/illuminate/container/BoundMethod.php(87): Illuminate\\Container\\BoundMethod::Illuminate\\Container\\{closure}()
#5 /home/yeajobesk/public_html/backend/vendor/illuminate/container/BoundMethod.php(31): Illuminate\\Container\\BoundMethod::callBoundMethod(Object(Laravel\\Lumen\\Application), Array, Object(Closure))
#6 /home/yeajobesk/public_html/backend/vendor/illuminate/container/Container.php(572): Illuminate\\Container\\BoundMethod::call(Object(Laravel\\Lumen\\Application), Array, Array, NULL)
#7 /home/yeajobesk/public_html/backend/vendor/laravel/lumen-framework/src/Concerns/RoutesRequests.php(378): Illuminate\\Container\\Container->call(Array, Array)
#8 /home/yeajobesk/public_html/backend/vendor/laravel/lumen-framework/src/Concerns/RoutesRequests.php(344): Laravel\\Lumen\\Application->callControllerCallable(Array, Array)
#9 /home/yeajobesk/public_html/backend/vendor/laravel/lumen-framework/src/Concerns/RoutesRequests.php(318): Laravel\\Lumen\\Application->callLumenController(Object(App\\Http\\Controllers\\agendaController), 'addSession', Array)
#10 /home/yeajobesk/public_html/backend/vendor/laravel/lumen-framework/src/Concerns/RoutesRequests.php(280): Laravel\\Lumen\\Application->callControllerAction(Array)
#11 /home/yeajobesk/public_html/backend/vendor/laravel/lumen-framework/src/Concerns/RoutesRequests.php(265): Laravel\\Lumen\\Application->callActionOnArrayBasedRoute(Array)
#12 /home/yeajobesk/public_html/backend/vendor/laravel/lumen-framework/src/Concerns/RoutesRequests.php(165): Laravel\\Lumen\\Application->handleFoundRoute(Array)
#13 [internal function]: Laravel\\Lumen\\Application->Laravel\\Lumen\\Concerns\\{closure}(Object(Laravel\\Lumen\\Http\\Request))
#14 /home/yeajobesk/public_html/backend/vendor/laravel/lumen-framework/src/Routing/Pipeline.php(52): call_user_func(Object(Closure), Object(Laravel\\Lumen\\Http\\Request))
#15 /home/yeajobesk/public_html/backend/app/Http/Middleware/PreflightResponse.php(32): Laravel\\Lumen\\Routing\\Pipeline->Laravel\\Lumen\\Routing\\{closure}(Object(Laravel\\Lumen\\Http\\Request))
#16 /home/yeajobesk/public_html/backend/vendor/illuminate/pipeline/Pipeline.php(163): App\\Http\\Middleware\\PreflightResponse->handle(Object(Laravel\\Lumen\\Http\\Request), Object(Closure))
#17 [internal function]: Illuminate\\Pipeline\\Pipeline->Illuminate\\Pipeline\\{closure}(Object(Laravel\\Lumen\\Http\\Request))
#18 /home/yeajobesk/public_html/backend/vendor/laravel/lumen-framework/src/Routing/Pipeline.php(32): call_user_func(Object(Closure), Object(Laravel\\Lumen\\Http\\Request))
#19 /home/yeajobesk/public_html/backend/vendor/illuminate/pipeline/Pipeline.php(104): Laravel\\Lumen\\Routing\\Pipeline->Laravel\\Lumen\\Routing\\{closure}(Object(Laravel\\Lumen\\Http\\Request))
#20 /home/yeajobesk/public_html/backend/vendor/laravel/lumen-framework/src/Concerns/RoutesRequests.php(415): Illuminate\\Pipeline\\Pipeline->then(Object(Closure))
#21 /home/yeajobesk/public_html/backend/vendor/laravel/lumen-framework/src/Concerns/RoutesRequests.php(171): Laravel\\Lumen\\Application->sendThroughPipeline(Array, Object(Closure))
#22 /home/yeajobesk/public_html/backend/vendor/laravel/lumen-framework/src/Concerns/RoutesRequests.php(108): Laravel\\Lumen\\Application->dispatch(NULL)
#23 /home/yeajobesk/public_html/backend/public/index.php(28): Laravel\\Lumen\\Application->run()
#24 {main}
"} 
[2019-07-16 11:40:29] local.ERROR: ErrorException: count(): Parameter must be an array or an object that implements Countable in /home/yeajobesk/public_html/backend/app/Http/Controllers/agendaController.php:200
Stack trace:
#0 [internal function]: Laravel\Lumen\Application->Laravel\Lumen\Concerns\{closure}(2, 'count(): Parame...', '/home/yeajobesk...', 200, Array)
#1 /home/yeajobesk/public_html/backend/app/Http/Controllers/agendaController.php(200): count(NULL)
#2 [internal function]: App\Http\Controllers\agendaController->addSession(Object(Laravel\Lumen\Http\Request))
#3 /home/yeajobesk/public_html/backend/vendor/illuminate/container/BoundMethod.php(29): call_user_func_array(Array, Array)
#4 /home/yeajobesk/public_html/backend/vendor/illuminate/container/BoundMethod.php(87): Illuminate\Container\BoundMethod::Illuminate\Container\{closure}()
#5 /home/yeajobesk/public_html/backend/vendor/illuminate/container/BoundMethod.php(31): Illuminate\Container\BoundMethod::callBoundMethod(Object(Laravel\Lumen\Application), Array, Object(Closure))
#6 /home/yeajobesk/public_html/backend/vendor/illuminate/container/Container.php(572): Illuminate\Container\BoundMethod::call(Object(Laravel\Lumen\Application), Array, Array, NULL)
#7 /home/yeajobesk/public_html/backend/vendor/laravel/lumen-framework/src/Concerns/RoutesRequests.php(378): Illuminate\Container\Container->call(Array, Array)
#8 /home/yeajobesk/public_html/backend/vendor/laravel/lumen-framework/src/Concerns/RoutesRequests.php(344): Laravel\Lumen\Application->callControllerCallable(Array, Array)
#9 /home/yeajobesk/public_html/backend/vendor/laravel/lumen-framework/src/Concerns/RoutesRequests.php(318): Laravel\Lumen\Application->callLumenController(Object(App\Http\Controllers\agendaController), 'addSession', Array)
#10 /home/yeajobesk/public_html/backend/vendor/laravel/lumen-framework/src/Concerns/RoutesRequests.php(280): Laravel\Lumen\Application->callControllerAction(Array)
#11 /home/yeajobesk/public_html/backend/vendor/laravel/lumen-framework/src/Concerns/RoutesRequests.php(265): Laravel\Lumen\Application->callActionOnArrayBasedRoute(Array)
#12 /home/yeajobesk/public_html/backend/vendor/laravel/lumen-framework/src/Concerns/RoutesRequests.php(165): Laravel\Lumen\Application->handleFoundRoute(Array)
#13 [internal function]: Laravel\Lumen\Application->Laravel\Lumen\Concerns\{closure}(Object(Laravel\Lumen\Http\Request))
#14 /home/yeajobesk/public_html/backend/vendor/laravel/lumen-framework/src/Routing/Pipeline.php(52): call_user_func(Object(Closure), Object(Laravel\Lumen\Http\Request))
#15 /home/yeajobesk/public_html/backend/app/Http/Middleware/PreflightResponse.php(32): Laravel\Lumen\Routing\Pipeline->Laravel\Lumen\Routing\{closure}(Object(Laravel\Lumen\Http\Request))
#16 /home/yeajobesk/public_html/backend/vendor/illuminate/pipeline/Pipeline.php(163): App\Http\Middleware\PreflightResponse->handle(Object(Laravel\Lumen\Http\Request), Object(Closure))
#17 [internal function]: Illuminate\Pipeline\Pipeline->Illuminate\Pipeline\{closure}(Object(Laravel\Lumen\Http\Request))
#18 /home/yeajobesk/public_html/backend/vendor/laravel/lumen-framework/src/Routing/Pipeline.php(32): call_user_func(Object(Closure), Object(Laravel\Lumen\Http\Request))
#19 /home/yeajobesk/public_html/backend/vendor/illuminate/pipeline/Pipeline.php(104): Laravel\Lumen\Routing\Pipeline->Laravel\Lumen\Routing\{closure}(Object(Laravel\Lumen\Http\Request))
#20 /home/yeajobesk/public_html/backend/vendor/laravel/lumen-framework/src/Concerns/RoutesRequests.php(415): Illuminate\Pipeline\Pipeline->then(Object(Closure))
#21 /home/yeajobesk/public_html/backend/vendor/laravel/lumen-framework/src/Concerns/RoutesRequests.php(171): Laravel\Lumen\Application->sendThroughPipeline(Array, Object(Closure))
#22 /home/yeajobesk/public_html/backend/vendor/laravel/lumen-framework/src/Concerns/RoutesRequests.php(108): Laravel\Lumen\Application->dispatch(NULL)
#23 /home/yeajobesk/public_html/backend/public/index.php(28): Laravel\Lumen\Application->run()
#24 {main} {"exception":"[object] (ErrorException(code: 0): count(): Parameter must be an array or an object that implements Countable at /home/yeajobesk/public_html/backend/app/Http/Controllers/agendaController.php:200)
[stacktrace]
#0 [internal function]: Laravel\\Lumen\\Application->Laravel\\Lumen\\Concerns\\{closure}(2, 'count(): Parame...', '/home/yeajobesk...', 200, Array)
#1 /home/yeajobesk/public_html/backend/app/Http/Controllers/agendaController.php(200): count(NULL)
#2 [internal function]: App\\Http\\Controllers\\agendaController->addSession(Object(Laravel\\Lumen\\Http\\Request))
#3 /home/yeajobesk/public_html/backend/vendor/illuminate/container/BoundMethod.php(29): call_user_func_array(Array, Array)
#4 /home/yeajobesk/public_html/backend/vendor/illuminate/container/BoundMethod.php(87): Illuminate\\Container\\BoundMethod::Illuminate\\Container\\{closure}()
#5 /home/yeajobesk/public_html/backend/vendor/illuminate/container/BoundMethod.php(31): Illuminate\\Container\\BoundMethod::callBoundMethod(Object(Laravel\\Lumen\\Application), Array, Object(Closure))
#6 /home/yeajobesk/public_html/backend/vendor/illuminate/container/Container.php(572): Illuminate\\Container\\BoundMethod::call(Object(Laravel\\Lumen\\Application), Array, Array, NULL)
#7 /home/yeajobesk/public_html/backend/vendor/laravel/lumen-framework/src/Concerns/RoutesRequests.php(378): Illuminate\\Container\\Container->call(Array, Array)
#8 /home/yeajobesk/public_html/backend/vendor/laravel/lumen-framework/src/Concerns/RoutesRequests.php(344): Laravel\\Lumen\\Application->callControllerCallable(Array, Array)
#9 /home/yeajobesk/public_html/backend/vendor/laravel/lumen-framework/src/Concerns/RoutesRequests.php(318): Laravel\\Lumen\\Application->callLumenController(Object(App\\Http\\Controllers\\agendaController), 'addSession', Array)
#10 /home/yeajobesk/public_html/backend/vendor/laravel/lumen-framework/src/Concerns/RoutesRequests.php(280): Laravel\\Lumen\\Application->callControllerAction(Array)
#11 /home/yeajobesk/public_html/backend/vendor/laravel/lumen-framework/src/Concerns/RoutesRequests.php(265): Laravel\\Lumen\\Application->callActionOnArrayBasedRoute(Array)
#12 /home/yeajobesk/public_html/backend/vendor/laravel/lumen-framework/src/Concerns/RoutesRequests.php(165): Laravel\\Lumen\\Application->handleFoundRoute(Array)
#13 [internal function]: Laravel\\Lumen\\Application->Laravel\\Lumen\\Concerns\\{closure}(Object(Laravel\\Lumen\\Http\\Request))
#14 /home/yeajobesk/public_html/backend/vendor/laravel/lumen-framework/src/Routing/Pipeline.php(52): call_user_func(Object(Closure), Object(Laravel\\Lumen\\Http\\Request))
#15 /home/yeajobesk/public_html/backend/app/Http/Middleware/PreflightResponse.php(32): Laravel\\Lumen\\Routing\\Pipeline->Laravel\\Lumen\\Routing\\{closure}(Object(Laravel\\Lumen\\Http\\Request))
#16 /home/yeajobesk/public_html/backend/vendor/illuminate/pipeline/Pipeline.php(163): App\\Http\\Middleware\\PreflightResponse->handle(Object(Laravel\\Lumen\\Http\\Request), Object(Closure))
#17 [internal function]: Illuminate\\Pipeline\\Pipeline->Illuminate\\Pipeline\\{closure}(Object(Laravel\\Lumen\\Http\\Request))
#18 /home/yeajobesk/public_html/backend/vendor/laravel/lumen-framework/src/Routing/Pipeline.php(32): call_user_func(Object(Closure), Object(Laravel\\Lumen\\Http\\Request))
#19 /home/yeajobesk/public_html/backend/vendor/illuminate/pipeline/Pipeline.php(104): Laravel\\Lumen\\Routing\\Pipeline->Laravel\\Lumen\\Routing\\{closure}(Object(Laravel\\Lumen\\Http\\Request))
#20 /home/yeajobesk/public_html/backend/vendor/laravel/lumen-framework/src/Concerns/RoutesRequests.php(415): Illuminate\\Pipeline\\Pipeline->then(Object(Closure))
#21 /home/yeajobesk/public_html/backend/vendor/laravel/lumen-framework/src/Concerns/RoutesRequests.php(171): Laravel\\Lumen\\Application->sendThroughPipeline(Array, Object(Closure))
#22 /home/yeajobesk/public_html/backend/vendor/laravel/lumen-framework/src/Concerns/RoutesRequests.php(108): Laravel\\Lumen\\Application->dispatch(NULL)
#23 /home/yeajobesk/public_html/backend/public/index.php(28): Laravel\\Lumen\\Application->run()
#24 {main}
"} 
[2019-07-16 11:48:41] local.ERROR: Swift_RfcComplianceException: Address in mailbox given [] does not comply with RFC 2822, 3.6.2. in /home/yeajobesk/public_html/backend/vendor/swiftmailer/swiftmailer/lib/classes/Swift/Mime/Headers/MailboxHeader.php:355
Stack trace:
#0 /home/yeajobesk/public_html/backend/vendor/swiftmailer/swiftmailer/lib/classes/Swift/Mime/Headers/MailboxHeader.php(272): Swift_Mime_Headers_MailboxHeader->assertValidAddress('')
#1 /home/yeajobesk/public_html/backend/vendor/swiftmailer/swiftmailer/lib/classes/Swift/Mime/Headers/MailboxHeader.php(117): Swift_Mime_Headers_MailboxHeader->normalizeMailboxes(Array)
#2 /home/yeajobesk/public_html/backend/vendor/swiftmailer/swiftmailer/lib/classes/Swift/Mime/Headers/MailboxHeader.php(74): Swift_Mime_Headers_MailboxHeader->setNameAddresses(Array)
#3 /home/yeajobesk/public_html/backend/vendor/swiftmailer/swiftmailer/lib/classes/Swift/Mime/SimpleHeaderFactory.php(61): Swift_Mime_Headers_MailboxHeader->setFieldBodyModel(Array)
#4 /home/yeajobesk/public_html/backend/vendor/swiftmailer/swiftmailer/lib/classes/Swift/Mime/SimpleHeaderSet.php(71): Swift_Mime_SimpleHeaderFactory->createMailboxHeader('To', Array)
#5 /home/yeajobesk/public_html/backend/vendor/swiftmailer/swiftmailer/lib/classes/Swift/Mime/SimpleMessage.php(323): Swift_Mime_SimpleHeaderSet->addMailboxHeader('To', Array)
#6 /home/yeajobesk/public_html/backend/vendor/swiftmailer/swiftmailer/lib/classes/Swift/Mime/SimpleMessage.php(299): Swift_Mime_SimpleMessage->setTo(Array)
#7 /home/yeajobesk/public_html/backend/vendor/illuminate/mail/Message.php(164): Swift_Mime_SimpleMessage->addTo('', 'Mail Confirmati...')
#8 /home/yeajobesk/public_html/backend/vendor/illuminate/mail/Message.php(98): Illuminate\Mail\Message->addAddresses('', 'Mail Confirmati...', 'To')
#9 /home/yeajobesk/public_html/backend/app/Http/Controllers/userController.php(984): Illuminate\Mail\Message->to('', 'Mail Confirmati...')
#10 [internal function]: App\Http\Controllers\userController->App\Http\Controllers\{closure}(Object(Illuminate\Mail\Message))
#11 /home/yeajobesk/public_html/backend/vendor/illuminate/mail/Mailer.php(242): call_user_func(Object(Closure), Object(Illuminate\Mail\Message))
#12 /home/yeajobesk/public_html/backend/vendor/illuminate/support/Facades/Facade.php(237): Illuminate\Mail\Mailer->send('email.buyerEmai...', Array, Object(Closure))
#13 /home/yeajobesk/public_html/backend/app/Http/Controllers/userController.php(986): Illuminate\Support\Facades\Facade::__callStatic('send', Array)
#14 [internal function]: App\Http\Controllers\userController->import(Object(Laravel\Lumen\Http\Request))
#15 /home/yeajobesk/public_html/backend/vendor/illuminate/container/BoundMethod.php(29): call_user_func_array(Array, Array)
#16 /home/yeajobesk/public_html/backend/vendor/illuminate/container/BoundMethod.php(87): Illuminate\Container\BoundMethod::Illuminate\Container\{closure}()
#17 /home/yeajobesk/public_html/backend/vendor/illuminate/container/BoundMethod.php(31): Illuminate\Container\BoundMethod::callBoundMethod(Object(Laravel\Lumen\Application), Array, Object(Closure))
#18 /home/yeajobesk/public_html/backend/vendor/illuminate/container/Container.php(572): Illuminate\Container\BoundMethod::call(Object(Laravel\Lumen\Application), Array, Array, NULL)
#19 /home/yeajobesk/public_html/backend/vendor/laravel/lumen-framework/src/Concerns/RoutesRequests.php(378): Illuminate\Container\Container->call(Array, Array)
#20 /home/yeajobesk/public_html/backend/vendor/laravel/lumen-framework/src/Concerns/RoutesRequests.php(344): Laravel\Lumen\Application->callControllerCallable(Array, Array)
#21 /home/yeajobesk/public_html/backend/vendor/laravel/lumen-framework/src/Concerns/RoutesRequests.php(318): Laravel\Lumen\Application->callLumenController(Object(App\Http\Controllers\userController), 'import', Array)
#22 /home/yeajobesk/public_html/backend/vendor/laravel/lumen-framework/src/Concerns/RoutesRequests.php(280): Laravel\Lumen\Application->callControllerAction(Array)
#23 /home/yeajobesk/public_html/backend/vendor/laravel/lumen-framework/src/Concerns/RoutesRequests.php(265): Laravel\Lumen\Application->callActionOnArrayBasedRoute(Array)
#24 /home/yeajobesk/public_html/backend/vendor/laravel/lumen-framework/src/Concerns/RoutesRequests.php(165): Laravel\Lumen\Application->handleFoundRoute(Array)
#25 [internal function]: Laravel\Lumen\Application->Laravel\Lumen\Concerns\{closure}(Object(Laravel\Lumen\Http\Request))
#26 /home/yeajobesk/public_html/backend/vendor/laravel/lumen-framework/src/Routing/Pipeline.php(52): call_user_func(Object(Closure), Object(Laravel\Lumen\Http\Request))
#27 /home/yeajobesk/public_html/backend/app/Http/Middleware/PreflightResponse.php(32): Laravel\Lumen\Routing\Pipeline->Laravel\Lumen\Routing\{closure}(Object(Laravel\Lumen\Http\Request))
#28 /home/yeajobesk/public_html/backend/vendor/illuminate/pipeline/Pipeline.php(163): App\Http\Middleware\PreflightResponse->handle(Object(Laravel\Lumen\Http\Request), Object(Closure))
#29 [internal function]: Illuminate\Pipeline\Pipeline->Illuminate\Pipeline\{closure}(Object(Laravel\Lumen\Http\Request))
#30 /home/yeajobesk/public_html/backend/vendor/laravel/lumen-framework/src/Routing/Pipeline.php(32): call_user_func(Object(Closure), Object(Laravel\Lumen\Http\Request))
#31 /home/yeajobesk/public_html/backend/vendor/illuminate/pipeline/Pipeline.php(104): Laravel\Lumen\Routing\Pipeline->Laravel\Lumen\Routing\{closure}(Object(Laravel\Lumen\Http\Request))
#32 /home/yeajobesk/public_html/backend/vendor/laravel/lumen-framework/src/Concerns/RoutesRequests.php(415): Illuminate\Pipeline\Pipeline->then(Object(Closure))
#33 /home/yeajobesk/public_html/backend/vendor/laravel/lumen-framework/src/Concerns/RoutesRequests.php(171): Laravel\Lumen\Application->sendThroughPipeline(Array, Object(Closure))
#34 /home/yeajobesk/public_html/backend/vendor/laravel/lumen-framework/src/Concerns/RoutesRequests.php(108): Laravel\Lumen\Application->dispatch(NULL)
#35 /home/yeajobesk/public_html/backend/public/index.php(28): Laravel\Lumen\Application->run()
#36 {main} {"exception":"[object] (Swift_RfcComplianceException(code: 0): Address in mailbox given [] does not comply with RFC 2822, 3.6.2. at /home/yeajobesk/public_html/backend/vendor/swiftmailer/swiftmailer/lib/classes/Swift/Mime/Headers/MailboxHeader.php:355)
[stacktrace]
#0 /home/yeajobesk/public_html/backend/vendor/swiftmailer/swiftmailer/lib/classes/Swift/Mime/Headers/MailboxHeader.php(272): Swift_Mime_Headers_MailboxHeader->assertValidAddress('')
#1 /home/yeajobesk/public_html/backend/vendor/swiftmailer/swiftmailer/lib/classes/Swift/Mime/Headers/MailboxHeader.php(117): Swift_Mime_Headers_MailboxHeader->normalizeMailboxes(Array)
#2 /home/yeajobesk/public_html/backend/vendor/swiftmailer/swiftmailer/lib/classes/Swift/Mime/Headers/MailboxHeader.php(74): Swift_Mime_Headers_MailboxHeader->setNameAddresses(Array)
#3 /home/yeajobesk/public_html/backend/vendor/swiftmailer/swiftmailer/lib/classes/Swift/Mime/SimpleHeaderFactory.php(61): Swift_Mime_Headers_MailboxHeader->setFieldBodyModel(Array)
#4 /home/yeajobesk/public_html/backend/vendor/swiftmailer/swiftmailer/lib/classes/Swift/Mime/SimpleHeaderSet.php(71): Swift_Mime_SimpleHeaderFactory->createMailboxHeader('To', Array)
#5 /home/yeajobesk/public_html/backend/vendor/swiftmailer/swiftmailer/lib/classes/Swift/Mime/SimpleMessage.php(323): Swift_Mime_SimpleHeaderSet->addMailboxHeader('To', Array)
#6 /home/yeajobesk/public_html/backend/vendor/swiftmailer/swiftmailer/lib/classes/Swift/Mime/SimpleMessage.php(299): Swift_Mime_SimpleMessage->setTo(Array)
#7 /home/yeajobesk/public_html/backend/vendor/illuminate/mail/Message.php(164): Swift_Mime_SimpleMessage->addTo('', 'Mail Confirmati...')
#8 /home/yeajobesk/public_html/backend/vendor/illuminate/mail/Message.php(98): Illuminate\\Mail\\Message->addAddresses('', 'Mail Confirmati...', 'To')
#9 /home/yeajobesk/public_html/backend/app/Http/Controllers/userController.php(984): Illuminate\\Mail\\Message->to('', 'Mail Confirmati...')
#10 [internal function]: App\\Http\\Controllers\\userController->App\\Http\\Controllers\\{closure}(Object(Illuminate\\Mail\\Message))
#11 /home/yeajobesk/public_html/backend/vendor/illuminate/mail/Mailer.php(242): call_user_func(Object(Closure), Object(Illuminate\\Mail\\Message))
#12 /home/yeajobesk/public_html/backend/vendor/illuminate/support/Facades/Facade.php(237): Illuminate\\Mail\\Mailer->send('email.buyerEmai...', Array, Object(Closure))
#13 /home/yeajobesk/public_html/backend/app/Http/Controllers/userController.php(986): Illuminate\\Support\\Facades\\Facade::__callStatic('send', Array)
#14 [internal function]: App\\Http\\Controllers\\userController->import(Object(Laravel\\Lumen\\Http\\Request))
#15 /home/yeajobesk/public_html/backend/vendor/illuminate/container/BoundMethod.php(29): call_user_func_array(Array, Array)
#16 /home/yeajobesk/public_html/backend/vendor/illuminate/container/BoundMethod.php(87): Illuminate\\Container\\BoundMethod::Illuminate\\Container\\{closure}()
#17 /home/yeajobesk/public_html/backend/vendor/illuminate/container/BoundMethod.php(31): Illuminate\\Container\\BoundMethod::callBoundMethod(Object(Laravel\\Lumen\\Application), Array, Object(Closure))
#18 /home/yeajobesk/public_html/backend/vendor/illuminate/container/Container.php(572): Illuminate\\Container\\BoundMethod::call(Object(Laravel\\Lumen\\Application), Array, Array, NULL)
#19 /home/yeajobesk/public_html/backend/vendor/laravel/lumen-framework/src/Concerns/RoutesRequests.php(378): Illuminate\\Container\\Container->call(Array, Array)
#20 /home/yeajobesk/public_html/backend/vendor/laravel/lumen-framework/src/Concerns/RoutesRequests.php(344): Laravel\\Lumen\\Application->callControllerCallable(Array, Array)
#21 /home/yeajobesk/public_html/backend/vendor/laravel/lumen-framework/src/Concerns/RoutesRequests.php(318): Laravel\\Lumen\\Application->callLumenController(Object(App\\Http\\Controllers\\userController), 'import', Array)
#22 /home/yeajobesk/public_html/backend/vendor/laravel/lumen-framework/src/Concerns/RoutesRequests.php(280): Laravel\\Lumen\\Application->callControllerAction(Array)
#23 /home/yeajobesk/public_html/backend/vendor/laravel/lumen-framework/src/Concerns/RoutesRequests.php(265): Laravel\\Lumen\\Application->callActionOnArrayBasedRoute(Array)
#24 /home/yeajobesk/public_html/backend/vendor/laravel/lumen-framework/src/Concerns/RoutesRequests.php(165): Laravel\\Lumen\\Application->handleFoundRoute(Array)
#25 [internal function]: Laravel\\Lumen\\Application->Laravel\\Lumen\\Concerns\\{closure}(Object(Laravel\\Lumen\\Http\\Request))
#26 /home/yeajobesk/public_html/backend/vendor/laravel/lumen-framework/src/Routing/Pipeline.php(52): call_user_func(Object(Closure), Object(Laravel\\Lumen\\Http\\Request))
#27 /home/yeajobesk/public_html/backend/app/Http/Middleware/PreflightResponse.php(32): Laravel\\Lumen\\Routing\\Pipeline->Laravel\\Lumen\\Routing\\{closure}(Object(Laravel\\Lumen\\Http\\Request))
#28 /home/yeajobesk/public_html/backend/vendor/illuminate/pipeline/Pipeline.php(163): App\\Http\\Middleware\\PreflightResponse->handle(Object(Laravel\\Lumen\\Http\\Request), Object(Closure))
#29 [internal function]: Illuminate\\Pipeline\\Pipeline->Illuminate\\Pipeline\\{closure}(Object(Laravel\\Lumen\\Http\\Request))
#30 /home/yeajobesk/public_html/backend/vendor/laravel/lumen-framework/src/Routing/Pipeline.php(32): call_user_func(Object(Closure), Object(Laravel\\Lumen\\Http\\Request))
#31 /home/yeajobesk/public_html/backend/vendor/illuminate/pipeline/Pipeline.php(104): Laravel\\Lumen\\Routing\\Pipeline->Laravel\\Lumen\\Routing\\{closure}(Object(Laravel\\Lumen\\Http\\Request))
#32 /home/yeajobesk/public_html/backend/vendor/laravel/lumen-framework/src/Concerns/RoutesRequests.php(415): Illuminate\\Pipeline\\Pipeline->then(Object(Closure))
#33 /home/yeajobesk/public_html/backend/vendor/laravel/lumen-framework/src/Concerns/RoutesRequests.php(171): Laravel\\Lumen\\Application->sendThroughPipeline(Array, Object(Closure))
#34 /home/yeajobesk/public_html/backend/vendor/laravel/lumen-framework/src/Concerns/RoutesRequests.php(108): Laravel\\Lumen\\Application->dispatch(NULL)
#35 /home/yeajobesk/public_html/backend/public/index.php(28): Laravel\\Lumen\\Application->run()
#36 {main}
"} 
[2019-07-16 11:49:57] local.ERROR: ErrorException: array_combine(): Both parameters should have an equal number of elements in /home/yeajobesk/public_html/backend/app/Http/Controllers/userController.php:934
Stack trace:
#0 [internal function]: Laravel\Lumen\Application->Laravel\Lumen\Concerns\{closure}(2, 'array_combine()...', '/home/yeajobesk...', 934, Array)
#1 /home/yeajobesk/public_html/backend/app/Http/Controllers/userController.php(934): array_combine(Array, Array)
#2 /home/yeajobesk/public_html/backend/app/Http/Controllers/userController.php(953): App\Http\Controllers\userController->csvToArray(Object(Symfony\Component\HttpFoundation\File\File))
#3 [internal function]: App\Http\Controllers\userController->import(Object(Laravel\Lumen\Http\Request))
#4 /home/yeajobesk/public_html/backend/vendor/illuminate/container/BoundMethod.php(29): call_user_func_array(Array, Array)
#5 /home/yeajobesk/public_html/backend/vendor/illuminate/container/BoundMethod.php(87): Illuminate\Container\BoundMethod::Illuminate\Container\{closure}()
#6 /home/yeajobesk/public_html/backend/vendor/illuminate/container/BoundMethod.php(31): Illuminate\Container\BoundMethod::callBoundMethod(Object(Laravel\Lumen\Application), Array, Object(Closure))
#7 /home/yeajobesk/public_html/backend/vendor/illuminate/container/Container.php(572): Illuminate\Container\BoundMethod::call(Object(Laravel\Lumen\Application), Array, Array, NULL)
#8 /home/yeajobesk/public_html/backend/vendor/laravel/lumen-framework/src/Concerns/RoutesRequests.php(378): Illuminate\Container\Container->call(Array, Array)
#9 /home/yeajobesk/public_html/backend/vendor/laravel/lumen-framework/src/Concerns/RoutesRequests.php(344): Laravel\Lumen\Application->callControllerCallable(Array, Array)
#10 /home/yeajobesk/public_html/backend/vendor/laravel/lumen-framework/src/Concerns/RoutesRequests.php(318): Laravel\Lumen\Application->callLumenController(Object(App\Http\Controllers\userController), 'import', Array)
#11 /home/yeajobesk/public_html/backend/vendor/laravel/lumen-framework/src/Concerns/RoutesRequests.php(280): Laravel\Lumen\Application->callControllerAction(Array)
#12 /home/yeajobesk/public_html/backend/vendor/laravel/lumen-framework/src/Concerns/RoutesRequests.php(265): Laravel\Lumen\Application->callActionOnArrayBasedRoute(Array)
#13 /home/yeajobesk/public_html/backend/vendor/laravel/lumen-framework/src/Concerns/RoutesRequests.php(165): Laravel\Lumen\Application->handleFoundRoute(Array)
#14 [internal function]: Laravel\Lumen\Application->Laravel\Lumen\Concerns\{closure}(Object(Laravel\Lumen\Http\Request))
#15 /home/yeajobesk/public_html/backend/vendor/laravel/lumen-framework/src/Routing/Pipeline.php(52): call_user_func(Object(Closure), Object(Laravel\Lumen\Http\Request))
#16 /home/yeajobesk/public_html/backend/app/Http/Middleware/PreflightResponse.php(32): Laravel\Lumen\Routing\Pipeline->Laravel\Lumen\Routing\{closure}(Object(Laravel\Lumen\Http\Request))
#17 /home/yeajobesk/public_html/backend/vendor/illuminate/pipeline/Pipeline.php(163): App\Http\Middleware\PreflightResponse->handle(Object(Laravel\Lumen\Http\Request), Object(Closure))
#18 [internal function]: Illuminate\Pipeline\Pipeline->Illuminate\Pipeline\{closure}(Object(Laravel\Lumen\Http\Request))
#19 /home/yeajobesk/public_html/backend/vendor/laravel/lumen-framework/src/Routing/Pipeline.php(32): call_user_func(Object(Closure), Object(Laravel\Lumen\Http\Request))
#20 /home/yeajobesk/public_html/backend/vendor/illuminate/pipeline/Pipeline.php(104): Laravel\Lumen\Routing\Pipeline->Laravel\Lumen\Routing\{closure}(Object(Laravel\Lumen\Http\Request))
#21 /home/yeajobesk/public_html/backend/vendor/laravel/lumen-framework/src/Concerns/RoutesRequests.php(415): Illuminate\Pipeline\Pipeline->then(Object(Closure))
#22 /home/yeajobesk/public_html/backend/vendor/laravel/lumen-framework/src/Concerns/RoutesRequests.php(171): Laravel\Lumen\Application->sendThroughPipeline(Array, Object(Closure))
#23 /home/yeajobesk/public_html/backend/vendor/laravel/lumen-framework/src/Concerns/RoutesRequests.php(108): Laravel\Lumen\Application->dispatch(NULL)
#24 /home/yeajobesk/public_html/backend/public/index.php(28): Laravel\Lumen\Application->run()
#25 {main} {"exception":"[object] (ErrorException(code: 0): array_combine(): Both parameters should have an equal number of elements at /home/yeajobesk/public_html/backend/app/Http/Controllers/userController.php:934)
[stacktrace]
#0 [internal function]: Laravel\\Lumen\\Application->Laravel\\Lumen\\Concerns\\{closure}(2, 'array_combine()...', '/home/yeajobesk...', 934, Array)
#1 /home/yeajobesk/public_html/backend/app/Http/Controllers/userController.php(934): array_combine(Array, Array)
#2 /home/yeajobesk/public_html/backend/app/Http/Controllers/userController.php(953): App\\Http\\Controllers\\userController->csvToArray(Object(Symfony\\Component\\HttpFoundation\\File\\File))
#3 [internal function]: App\\Http\\Controllers\\userController->import(Object(Laravel\\Lumen\\Http\\Request))
#4 /home/yeajobesk/public_html/backend/vendor/illuminate/container/BoundMethod.php(29): call_user_func_array(Array, Array)
#5 /home/yeajobesk/public_html/backend/vendor/illuminate/container/BoundMethod.php(87): Illuminate\\Container\\BoundMethod::Illuminate\\Container\\{closure}()
#6 /home/yeajobesk/public_html/backend/vendor/illuminate/container/BoundMethod.php(31): Illuminate\\Container\\BoundMethod::callBoundMethod(Object(Laravel\\Lumen\\Application), Array, Object(Closure))
#7 /home/yeajobesk/public_html/backend/vendor/illuminate/container/Container.php(572): Illuminate\\Container\\BoundMethod::call(Object(Laravel\\Lumen\\Application), Array, Array, NULL)
#8 /home/yeajobesk/public_html/backend/vendor/laravel/lumen-framework/src/Concerns/RoutesRequests.php(378): Illuminate\\Container\\Container->call(Array, Array)
#9 /home/yeajobesk/public_html/backend/vendor/laravel/lumen-framework/src/Concerns/RoutesRequests.php(344): Laravel\\Lumen\\Application->callControllerCallable(Array, Array)
#10 /home/yeajobesk/public_html/backend/vendor/laravel/lumen-framework/src/Concerns/RoutesRequests.php(318): Laravel\\Lumen\\Application->callLumenController(Object(App\\Http\\Controllers\\userController), 'import', Array)
#11 /home/yeajobesk/public_html/backend/vendor/laravel/lumen-framework/src/Concerns/RoutesRequests.php(280): Laravel\\Lumen\\Application->callControllerAction(Array)
#12 /home/yeajobesk/public_html/backend/vendor/laravel/lumen-framework/src/Concerns/RoutesRequests.php(265): Laravel\\Lumen\\Application->callActionOnArrayBasedRoute(Array)
#13 /home/yeajobesk/public_html/backend/vendor/laravel/lumen-framework/src/Concerns/RoutesRequests.php(165): Laravel\\Lumen\\Application->handleFoundRoute(Array)
#14 [internal function]: Laravel\\Lumen\\Application->Laravel\\Lumen\\Concerns\\{closure}(Object(Laravel\\Lumen\\Http\\Request))
#15 /home/yeajobesk/public_html/backend/vendor/laravel/lumen-framework/src/Routing/Pipeline.php(52): call_user_func(Object(Closure), Object(Laravel\\Lumen\\Http\\Request))
#16 /home/yeajobesk/public_html/backend/app/Http/Middleware/PreflightResponse.php(32): Laravel\\Lumen\\Routing\\Pipeline->Laravel\\Lumen\\Routing\\{closure}(Object(Laravel\\Lumen\\Http\\Request))
#17 /home/yeajobesk/public_html/backend/vendor/illuminate/pipeline/Pipeline.php(163): App\\Http\\Middleware\\PreflightResponse->handle(Object(Laravel\\Lumen\\Http\\Request), Object(Closure))
#18 [internal function]: Illuminate\\Pipeline\\Pipeline->Illuminate\\Pipeline\\{closure}(Object(Laravel\\Lumen\\Http\\Request))
#19 /home/yeajobesk/public_html/backend/vendor/laravel/lumen-framework/src/Routing/Pipeline.php(32): call_user_func(Object(Closure), Object(Laravel\\Lumen\\Http\\Request))
#20 /home/yeajobesk/public_html/backend/vendor/illuminate/pipeline/Pipeline.php(104): Laravel\\Lumen\\Routing\\Pipeline->Laravel\\Lumen\\Routing\\{closure}(Object(Laravel\\Lumen\\Http\\Request))
#21 /home/yeajobesk/public_html/backend/vendor/laravel/lumen-framework/src/Concerns/RoutesRequests.php(415): Illuminate\\Pipeline\\Pipeline->then(Object(Closure))
#22 /home/yeajobesk/public_html/backend/vendor/laravel/lumen-framework/src/Concerns/RoutesRequests.php(171): Laravel\\Lumen\\Application->sendThroughPipeline(Array, Object(Closure))
#23 /home/yeajobesk/public_html/backend/vendor/laravel/lumen-framework/src/Concerns/RoutesRequests.php(108): Laravel\\Lumen\\Application->dispatch(NULL)
#24 /home/yeajobesk/public_html/backend/public/index.php(28): Laravel\\Lumen\\Application->run()
#25 {main}
"} 
