[2019-06-21 10:11:55] local.ERROR: ErrorException: Undefined index: jobTitle in /home/yeajobesk/public_html/backend/app/Http/Controllers/userController.php:965
Stack trace:
#0 /home/yeajobesk/public_html/backend/app/Http/Controllers/userController.php(965): Laravel\Lumen\Application->Laravel\Lumen\Concerns\{closure}(8, 'Undefined index...', '/home/yeajobesk...', 965, Array)
#1 [internal function]: App\Http\Controllers\userController->import(Object(Laravel\Lumen\Http\Request))
#2 /home/yeajobesk/public_html/backend/vendor/illuminate/container/BoundMethod.php(29): call_user_func_array(Array, Array)
#3 /home/yeajobesk/public_html/backend/vendor/illuminate/container/BoundMethod.php(87): Illuminate\Container\BoundMethod::Illuminate\Container\{closure}()
#4 /home/yeajobesk/public_html/backend/vendor/illuminate/container/BoundMethod.php(31): Illuminate\Container\BoundMethod::callBoundMethod(Object(Laravel\Lumen\Application), Array, Object(Closure))
#5 /home/yeajobesk/public_html/backend/vendor/illuminate/container/Container.php(572): Illuminate\Container\BoundMethod::call(Object(Laravel\Lumen\Application), Array, Array, NULL)
#6 /home/yeajobesk/public_html/backend/vendor/laravel/lumen-framework/src/Concerns/RoutesRequests.php(378): Illuminate\Container\Container->call(Array, Array)
#7 /home/yeajobesk/public_html/backend/vendor/laravel/lumen-framework/src/Concerns/RoutesRequests.php(344): Laravel\Lumen\Application->callControllerCallable(Array, Array)
#8 /home/yeajobesk/public_html/backend/vendor/laravel/lumen-framework/src/Concerns/RoutesRequests.php(318): Laravel\Lumen\Application->callLumenController(Object(App\Http\Controllers\userController), 'import', Array)
#9 /home/yeajobesk/public_html/backend/vendor/laravel/lumen-framework/src/Concerns/RoutesRequests.php(280): Laravel\Lumen\Application->callControllerAction(Array)
#10 /home/yeajobesk/public_html/backend/vendor/laravel/lumen-framework/src/Concerns/RoutesRequests.php(265): Laravel\Lumen\Application->callActionOnArrayBasedRoute(Array)
#11 /home/yeajobesk/public_html/backend/vendor/laravel/lumen-framework/src/Concerns/RoutesRequests.php(165): Laravel\Lumen\Application->handleFoundRoute(Array)
#12 [internal function]: Laravel\Lumen\Application->Laravel\Lumen\Concerns\{closure}(Object(Laravel\Lumen\Http\Request))
#13 /home/yeajobesk/public_html/backend/vendor/laravel/lumen-framework/src/Routing/Pipeline.php(52): call_user_func(Object(Closure), Object(Laravel\Lumen\Http\Request))
#14 /home/yeajobesk/public_html/backend/app/Http/Middleware/PreflightResponse.php(32): Laravel\Lumen\Routing\Pipeline->Laravel\Lumen\Routing\{closure}(Object(Laravel\Lumen\Http\Request))
#15 /home/yeajobesk/public_html/backend/vendor/illuminate/pipeline/Pipeline.php(163): App\Http\Middleware\PreflightResponse->handle(Object(Laravel\Lumen\Http\Request), Object(Closure))
#16 [internal function]: Illuminate\Pipeline\Pipeline->Illuminate\Pipeline\{closure}(Object(Laravel\Lumen\Http\Request))
#17 /home/yeajobesk/public_html/backend/vendor/laravel/lumen-framework/src/Routing/Pipeline.php(32): call_user_func(Object(Closure), Object(Laravel\Lumen\Http\Request))
#18 /home/yeajobesk/public_html/backend/vendor/illuminate/pipeline/Pipeline.php(104): Laravel\Lumen\Routing\Pipeline->Laravel\Lumen\Routing\{closure}(Object(Laravel\Lumen\Http\Request))
#19 /home/yeajobesk/public_html/backend/vendor/laravel/lumen-framework/src/Concerns/RoutesRequests.php(415): Illuminate\Pipeline\Pipeline->then(Object(Closure))
#20 /home/yeajobesk/public_html/backend/vendor/laravel/lumen-framework/src/Concerns/RoutesRequests.php(171): Laravel\Lumen\Application->sendThroughPipeline(Array, Object(Closure))
#21 /home/yeajobesk/public_html/backend/vendor/laravel/lumen-framework/src/Concerns/RoutesRequests.php(108): Laravel\Lumen\Application->dispatch(NULL)
#22 /home/yeajobesk/public_html/backend/public/index.php(28): Laravel\Lumen\Application->run()
#23 {main} {"exception":"[object] (ErrorException(code: 0): Undefined index: jobTitle at /home/yeajobesk/public_html/backend/app/Http/Controllers/userController.php:965)
[stacktrace]
#0 /home/yeajobesk/public_html/backend/app/Http/Controllers/userController.php(965): Laravel\\Lumen\\Application->Laravel\\Lumen\\Concerns\\{closure}(8, 'Undefined index...', '/home/yeajobesk...', 965, Array)
#1 [internal function]: App\\Http\\Controllers\\userController->import(Object(Laravel\\Lumen\\Http\\Request))
#2 /home/yeajobesk/public_html/backend/vendor/illuminate/container/BoundMethod.php(29): call_user_func_array(Array, Array)
#3 /home/yeajobesk/public_html/backend/vendor/illuminate/container/BoundMethod.php(87): Illuminate\\Container\\BoundMethod::Illuminate\\Container\\{closure}()
#4 /home/yeajobesk/public_html/backend/vendor/illuminate/container/BoundMethod.php(31): Illuminate\\Container\\BoundMethod::callBoundMethod(Object(Laravel\\Lumen\\Application), Array, Object(Closure))
#5 /home/yeajobesk/public_html/backend/vendor/illuminate/container/Container.php(572): Illuminate\\Container\\BoundMethod::call(Object(Laravel\\Lumen\\Application), Array, Array, NULL)
#6 /home/yeajobesk/public_html/backend/vendor/laravel/lumen-framework/src/Concerns/RoutesRequests.php(378): Illuminate\\Container\\Container->call(Array, Array)
#7 /home/yeajobesk/public_html/backend/vendor/laravel/lumen-framework/src/Concerns/RoutesRequests.php(344): Laravel\\Lumen\\Application->callControllerCallable(Array, Array)
#8 /home/yeajobesk/public_html/backend/vendor/laravel/lumen-framework/src/Concerns/RoutesRequests.php(318): Laravel\\Lumen\\Application->callLumenController(Object(App\\Http\\Controllers\\userController), 'import', Array)
#9 /home/yeajobesk/public_html/backend/vendor/laravel/lumen-framework/src/Concerns/RoutesRequests.php(280): Laravel\\Lumen\\Application->callControllerAction(Array)
#10 /home/yeajobesk/public_html/backend/vendor/laravel/lumen-framework/src/Concerns/RoutesRequests.php(265): Laravel\\Lumen\\Application->callActionOnArrayBasedRoute(Array)
#11 /home/yeajobesk/public_html/backend/vendor/laravel/lumen-framework/src/Concerns/RoutesRequests.php(165): Laravel\\Lumen\\Application->handleFoundRoute(Array)
#12 [internal function]: Laravel\\Lumen\\Application->Laravel\\Lumen\\Concerns\\{closure}(Object(Laravel\\Lumen\\Http\\Request))
#13 /home/yeajobesk/public_html/backend/vendor/laravel/lumen-framework/src/Routing/Pipeline.php(52): call_user_func(Object(Closure), Object(Laravel\\Lumen\\Http\\Request))
#14 /home/yeajobesk/public_html/backend/app/Http/Middleware/PreflightResponse.php(32): Laravel\\Lumen\\Routing\\Pipeline->Laravel\\Lumen\\Routing\\{closure}(Object(Laravel\\Lumen\\Http\\Request))
#15 /home/yeajobesk/public_html/backend/vendor/illuminate/pipeline/Pipeline.php(163): App\\Http\\Middleware\\PreflightResponse->handle(Object(Laravel\\Lumen\\Http\\Request), Object(Closure))
#16 [internal function]: Illuminate\\Pipeline\\Pipeline->Illuminate\\Pipeline\\{closure}(Object(Laravel\\Lumen\\Http\\Request))
#17 /home/yeajobesk/public_html/backend/vendor/laravel/lumen-framework/src/Routing/Pipeline.php(32): call_user_func(Object(Closure), Object(Laravel\\Lumen\\Http\\Request))
#18 /home/yeajobesk/public_html/backend/vendor/illuminate/pipeline/Pipeline.php(104): Laravel\\Lumen\\Routing\\Pipeline->Laravel\\Lumen\\Routing\\{closure}(Object(Laravel\\Lumen\\Http\\Request))
#19 /home/yeajobesk/public_html/backend/vendor/laravel/lumen-framework/src/Concerns/RoutesRequests.php(415): Illuminate\\Pipeline\\Pipeline->then(Object(Closure))
#20 /home/yeajobesk/public_html/backend/vendor/laravel/lumen-framework/src/Concerns/RoutesRequests.php(171): Laravel\\Lumen\\Application->sendThroughPipeline(Array, Object(Closure))
#21 /home/yeajobesk/public_html/backend/vendor/laravel/lumen-framework/src/Concerns/RoutesRequests.php(108): Laravel\\Lumen\\Application->dispatch(NULL)
#22 /home/yeajobesk/public_html/backend/public/index.php(28): Laravel\\Lumen\\Application->run()
#23 {main}
"} 
[2019-06-21 10:12:34] local.ERROR: ErrorException: Undefined index: jobTitle in /home/yeajobesk/public_html/backend/app/Http/Controllers/userController.php:965
Stack trace:
#0 /home/yeajobesk/public_html/backend/app/Http/Controllers/userController.php(965): Laravel\Lumen\Application->Laravel\Lumen\Concerns\{closure}(8, 'Undefined index...', '/home/yeajobesk...', 965, Array)
#1 [internal function]: App\Http\Controllers\userController->import(Object(Laravel\Lumen\Http\Request))
#2 /home/yeajobesk/public_html/backend/vendor/illuminate/container/BoundMethod.php(29): call_user_func_array(Array, Array)
#3 /home/yeajobesk/public_html/backend/vendor/illuminate/container/BoundMethod.php(87): Illuminate\Container\BoundMethod::Illuminate\Container\{closure}()
#4 /home/yeajobesk/public_html/backend/vendor/illuminate/container/BoundMethod.php(31): Illuminate\Container\BoundMethod::callBoundMethod(Object(Laravel\Lumen\Application), Array, Object(Closure))
#5 /home/yeajobesk/public_html/backend/vendor/illuminate/container/Container.php(572): Illuminate\Container\BoundMethod::call(Object(Laravel\Lumen\Application), Array, Array, NULL)
#6 /home/yeajobesk/public_html/backend/vendor/laravel/lumen-framework/src/Concerns/RoutesRequests.php(378): Illuminate\Container\Container->call(Array, Array)
#7 /home/yeajobesk/public_html/backend/vendor/laravel/lumen-framework/src/Concerns/RoutesRequests.php(344): Laravel\Lumen\Application->callControllerCallable(Array, Array)
#8 /home/yeajobesk/public_html/backend/vendor/laravel/lumen-framework/src/Concerns/RoutesRequests.php(318): Laravel\Lumen\Application->callLumenController(Object(App\Http\Controllers\userController), 'import', Array)
#9 /home/yeajobesk/public_html/backend/vendor/laravel/lumen-framework/src/Concerns/RoutesRequests.php(280): Laravel\Lumen\Application->callControllerAction(Array)
#10 /home/yeajobesk/public_html/backend/vendor/laravel/lumen-framework/src/Concerns/RoutesRequests.php(265): Laravel\Lumen\Application->callActionOnArrayBasedRoute(Array)
#11 /home/yeajobesk/public_html/backend/vendor/laravel/lumen-framework/src/Concerns/RoutesRequests.php(165): Laravel\Lumen\Application->handleFoundRoute(Array)
#12 [internal function]: Laravel\Lumen\Application->Laravel\Lumen\Concerns\{closure}(Object(Laravel\Lumen\Http\Request))
#13 /home/yeajobesk/public_html/backend/vendor/laravel/lumen-framework/src/Routing/Pipeline.php(52): call_user_func(Object(Closure), Object(Laravel\Lumen\Http\Request))
#14 /home/yeajobesk/public_html/backend/app/Http/Middleware/PreflightResponse.php(32): Laravel\Lumen\Routing\Pipeline->Laravel\Lumen\Routing\{closure}(Object(Laravel\Lumen\Http\Request))
#15 /home/yeajobesk/public_html/backend/vendor/illuminate/pipeline/Pipeline.php(163): App\Http\Middleware\PreflightResponse->handle(Object(Laravel\Lumen\Http\Request), Object(Closure))
#16 [internal function]: Illuminate\Pipeline\Pipeline->Illuminate\Pipeline\{closure}(Object(Laravel\Lumen\Http\Request))
#17 /home/yeajobesk/public_html/backend/vendor/laravel/lumen-framework/src/Routing/Pipeline.php(32): call_user_func(Object(Closure), Object(Laravel\Lumen\Http\Request))
#18 /home/yeajobesk/public_html/backend/vendor/illuminate/pipeline/Pipeline.php(104): Laravel\Lumen\Routing\Pipeline->Laravel\Lumen\Routing\{closure}(Object(Laravel\Lumen\Http\Request))
#19 /home/yeajobesk/public_html/backend/vendor/laravel/lumen-framework/src/Concerns/RoutesRequests.php(415): Illuminate\Pipeline\Pipeline->then(Object(Closure))
#20 /home/yeajobesk/public_html/backend/vendor/laravel/lumen-framework/src/Concerns/RoutesRequests.php(171): Laravel\Lumen\Application->sendThroughPipeline(Array, Object(Closure))
#21 /home/yeajobesk/public_html/backend/vendor/laravel/lumen-framework/src/Concerns/RoutesRequests.php(108): Laravel\Lumen\Application->dispatch(NULL)
#22 /home/yeajobesk/public_html/backend/public/index.php(28): Laravel\Lumen\Application->run()
#23 {main} {"exception":"[object] (ErrorException(code: 0): Undefined index: jobTitle at /home/yeajobesk/public_html/backend/app/Http/Controllers/userController.php:965)
[stacktrace]
#0 /home/yeajobesk/public_html/backend/app/Http/Controllers/userController.php(965): Laravel\\Lumen\\Application->Laravel\\Lumen\\Concerns\\{closure}(8, 'Undefined index...', '/home/yeajobesk...', 965, Array)
#1 [internal function]: App\\Http\\Controllers\\userController->import(Object(Laravel\\Lumen\\Http\\Request))
#2 /home/yeajobesk/public_html/backend/vendor/illuminate/container/BoundMethod.php(29): call_user_func_array(Array, Array)
#3 /home/yeajobesk/public_html/backend/vendor/illuminate/container/BoundMethod.php(87): Illuminate\\Container\\BoundMethod::Illuminate\\Container\\{closure}()
#4 /home/yeajobesk/public_html/backend/vendor/illuminate/container/BoundMethod.php(31): Illuminate\\Container\\BoundMethod::callBoundMethod(Object(Laravel\\Lumen\\Application), Array, Object(Closure))
#5 /home/yeajobesk/public_html/backend/vendor/illuminate/container/Container.php(572): Illuminate\\Container\\BoundMethod::call(Object(Laravel\\Lumen\\Application), Array, Array, NULL)
#6 /home/yeajobesk/public_html/backend/vendor/laravel/lumen-framework/src/Concerns/RoutesRequests.php(378): Illuminate\\Container\\Container->call(Array, Array)
#7 /home/yeajobesk/public_html/backend/vendor/laravel/lumen-framework/src/Concerns/RoutesRequests.php(344): Laravel\\Lumen\\Application->callControllerCallable(Array, Array)
#8 /home/yeajobesk/public_html/backend/vendor/laravel/lumen-framework/src/Concerns/RoutesRequests.php(318): Laravel\\Lumen\\Application->callLumenController(Object(App\\Http\\Controllers\\userController), 'import', Array)
#9 /home/yeajobesk/public_html/backend/vendor/laravel/lumen-framework/src/Concerns/RoutesRequests.php(280): Laravel\\Lumen\\Application->callControllerAction(Array)
#10 /home/yeajobesk/public_html/backend/vendor/laravel/lumen-framework/src/Concerns/RoutesRequests.php(265): Laravel\\Lumen\\Application->callActionOnArrayBasedRoute(Array)
#11 /home/yeajobesk/public_html/backend/vendor/laravel/lumen-framework/src/Concerns/RoutesRequests.php(165): Laravel\\Lumen\\Application->handleFoundRoute(Array)
#12 [internal function]: Laravel\\Lumen\\Application->Laravel\\Lumen\\Concerns\\{closure}(Object(Laravel\\Lumen\\Http\\Request))
#13 /home/yeajobesk/public_html/backend/vendor/laravel/lumen-framework/src/Routing/Pipeline.php(52): call_user_func(Object(Closure), Object(Laravel\\Lumen\\Http\\Request))
#14 /home/yeajobesk/public_html/backend/app/Http/Middleware/PreflightResponse.php(32): Laravel\\Lumen\\Routing\\Pipeline->Laravel\\Lumen\\Routing\\{closure}(Object(Laravel\\Lumen\\Http\\Request))
#15 /home/yeajobesk/public_html/backend/vendor/illuminate/pipeline/Pipeline.php(163): App\\Http\\Middleware\\PreflightResponse->handle(Object(Laravel\\Lumen\\Http\\Request), Object(Closure))
#16 [internal function]: Illuminate\\Pipeline\\Pipeline->Illuminate\\Pipeline\\{closure}(Object(Laravel\\Lumen\\Http\\Request))
#17 /home/yeajobesk/public_html/backend/vendor/laravel/lumen-framework/src/Routing/Pipeline.php(32): call_user_func(Object(Closure), Object(Laravel\\Lumen\\Http\\Request))
#18 /home/yeajobesk/public_html/backend/vendor/illuminate/pipeline/Pipeline.php(104): Laravel\\Lumen\\Routing\\Pipeline->Laravel\\Lumen\\Routing\\{closure}(Object(Laravel\\Lumen\\Http\\Request))
#19 /home/yeajobesk/public_html/backend/vendor/laravel/lumen-framework/src/Concerns/RoutesRequests.php(415): Illuminate\\Pipeline\\Pipeline->then(Object(Closure))
#20 /home/yeajobesk/public_html/backend/vendor/laravel/lumen-framework/src/Concerns/RoutesRequests.php(171): Laravel\\Lumen\\Application->sendThroughPipeline(Array, Object(Closure))
#21 /home/yeajobesk/public_html/backend/vendor/laravel/lumen-framework/src/Concerns/RoutesRequests.php(108): Laravel\\Lumen\\Application->dispatch(NULL)
#22 /home/yeajobesk/public_html/backend/public/index.php(28): Laravel\\Lumen\\Application->run()
#23 {main}
"} 
