[2019-06-20 11:45:42] local.ERROR: PDOException: SQLSTATE[42S22]: Column not found: 1054 Unknown column 'sponsorName' in 'field list' in /home/yeajobesk/public_html/backend/vendor/illuminate/database/Connection.php:452
Stack trace:
#0 /home/yeajobesk/public_html/backend/vendor/illuminate/database/Connection.php(452): PDO->prepare('insert into `us...')
#1 /home/yeajobesk/public_html/backend/vendor/illuminate/database/Connection.php(657): Illuminate\Database\Connection->Illuminate\Database\{closure}('insert into `us...', Array)
#2 /home/yeajobesk/public_html/backend/vendor/illuminate/database/Connection.php(624): Illuminate\Database\Connection->runQueryCallback('insert into `us...', Array, Object(Closure))
#3 /home/yeajobesk/public_html/backend/vendor/illuminate/database/Connection.php(459): Illuminate\Database\Connection->run('insert into `us...', Array, Object(Closure))
#4 /home/yeajobesk/public_html/backend/vendor/illuminate/database/Connection.php(411): Illuminate\Database\Connection->statement('insert into `us...', Array)
#5 /home/yeajobesk/public_html/backend/vendor/illuminate/database/Query/Processors/Processor.php(32): Illuminate\Database\Connection->insert('insert into `us...', Array)
#6 /home/yeajobesk/public_html/backend/vendor/illuminate/database/Query/Builder.php(2628): Illuminate\Database\Query\Processors\Processor->processInsertGetId(Object(Illuminate\Database\Query\Builder), 'insert into `us...', Array, NULL)
#7 /home/yeajobesk/public_html/backend/vendor/illuminate/database/Eloquent/Builder.php(1338): Illuminate\Database\Query\Builder->insertGetId(Array)
#8 /home/yeajobesk/public_html/backend/vendor/illuminate/support/Traits/ForwardsCalls.php(23): Illuminate\Database\Eloquent\Builder->__call('insertGetId', Array)
#9 /home/yeajobesk/public_html/backend/vendor/illuminate/database/Eloquent/Model.php(1610): Illuminate\Database\Eloquent\Model->forwardCallTo(Object(Illuminate\Database\Eloquent\Builder), 'insertGetId', Array)
#10 /home/yeajobesk/public_html/backend/vendor/illuminate/database/Eloquent/Model.php(1622): Illuminate\Database\Eloquent\Model->__call('insertGetId', Array)
#11 /home/yeajobesk/public_html/backend/app/Http/Controllers/sponsorsController.php(59): Illuminate\Database\Eloquent\Model::__callStatic('insertGetId', Array)
#12 [internal function]: App\Http\Controllers\sponsorsController->store(Object(Laravel\Lumen\Http\Request))
#13 /home/yeajobesk/public_html/backend/vendor/illuminate/container/BoundMethod.php(29): call_user_func_array(Array, Array)
#14 /home/yeajobesk/public_html/backend/vendor/illuminate/container/BoundMethod.php(87): Illuminate\Container\BoundMethod::Illuminate\Container\{closure}()
#15 /home/yeajobesk/public_html/backend/vendor/illuminate/container/BoundMethod.php(31): Illuminate\Container\BoundMethod::callBoundMethod(Object(Laravel\Lumen\Application), Array, Object(Closure))
#16 /home/yeajobesk/public_html/backend/vendor/illuminate/container/Container.php(572): Illuminate\Container\BoundMethod::call(Object(Laravel\Lumen\Application), Array, Array, NULL)
#17 /home/yeajobesk/public_html/backend/vendor/laravel/lumen-framework/src/Concerns/RoutesRequests.php(378): Illuminate\Container\Container->call(Array, Array)
#18 /home/yeajobesk/public_html/backend/vendor/laravel/lumen-framework/src/Concerns/RoutesRequests.php(344): Laravel\Lumen\Application->callControllerCallable(Array, Array)
#19 /home/yeajobesk/public_html/backend/vendor/laravel/lumen-framework/src/Concerns/RoutesRequests.php(318): Laravel\Lumen\Application->callLumenController(Object(App\Http\Controllers\sponsorsController), 'store', Array)
#20 /home/yeajobesk/public_html/backend/vendor/laravel/lumen-framework/src/Concerns/RoutesRequests.php(280): Laravel\Lumen\Application->callControllerAction(Array)
#21 /home/yeajobesk/public_html/backend/vendor/laravel/lumen-framework/src/Concerns/RoutesRequests.php(265): Laravel\Lumen\Application->callActionOnArrayBasedRoute(Array)
#22 /home/yeajobesk/public_html/backend/vendor/laravel/lumen-framework/src/Concerns/RoutesRequests.php(165): Laravel\Lumen\Application->handleFoundRoute(Array)
#23 [internal function]: Laravel\Lumen\Application->Laravel\Lumen\Concerns\{closure}(Object(Laravel\Lumen\Http\Request))
#24 /home/yeajobesk/public_html/backend/vendor/laravel/lumen-framework/src/Routing/Pipeline.php(52): call_user_func(Object(Closure), Object(Laravel\Lumen\Http\Request))
#25 /home/yeajobesk/public_html/backend/app/Http/Middleware/PreflightResponse.php(32): Laravel\Lumen\Routing\Pipeline->Laravel\Lumen\Routing\{closure}(Object(Laravel\Lumen\Http\Request))
#26 /home/yeajobesk/public_html/backend/vendor/illuminate/pipeline/Pipeline.php(163): App\Http\Middleware\PreflightResponse->handle(Object(Laravel\Lumen\Http\Request), Object(Closure))
#27 [internal function]: Illuminate\Pipeline\Pipeline->Illuminate\Pipeline\{closure}(Object(Laravel\Lumen\Http\Request))
#28 /home/yeajobesk/public_html/backend/vendor/laravel/lumen-framework/src/Routing/Pipeline.php(32): call_user_func(Object(Closure), Object(Laravel\Lumen\Http\Request))
#29 /home/yeajobesk/public_html/backend/vendor/illuminate/pipeline/Pipeline.php(104): Laravel\Lumen\Routing\Pipeline->Laravel\Lumen\Routing\{closure}(Object(Laravel\Lumen\Http\Request))
#30 /home/yeajobesk/public_html/backend/vendor/laravel/lumen-framework/src/Concerns/RoutesRequests.php(415): Illuminate\Pipeline\Pipeline->then(Object(Closure))
#31 /home/yeajobesk/public_html/backend/vendor/laravel/lumen-framework/src/Concerns/RoutesRequests.php(171): Laravel\Lumen\Application->sendThroughPipeline(Array, Object(Closure))
#32 /home/yeajobesk/public_html/backend/vendor/laravel/lumen-framework/src/Concerns/RoutesRequests.php(108): Laravel\Lumen\Application->dispatch(NULL)
#33 /home/yeajobesk/public_html/backend/public/index.php(28): Laravel\Lumen\Application->run()
#34 {main}

Next Illuminate\Database\QueryException: SQLSTATE[42S22]: Column not found: 1054 Unknown column 'sponsorName' in 'field list' (SQL: insert into `users` (`sponsorName`, `email`, `password`, `role`, `created_at`) values (New Sponsor, newsponsor@gmail.com, 123456, , 2019-06-20 11:45:42)) in /home/yeajobesk/public_html/backend/vendor/illuminate/database/Connection.php:664
Stack trace:
#0 /home/yeajobesk/public_html/backend/vendor/illuminate/database/Connection.php(624): Illuminate\Database\Connection->runQueryCallback('insert into `us...', Array, Object(Closure))
#1 /home/yeajobesk/public_html/backend/vendor/illuminate/database/Connection.php(459): Illuminate\Database\Connection->run('insert into `us...', Array, Object(Closure))
#2 /home/yeajobesk/public_html/backend/vendor/illuminate/database/Connection.php(411): Illuminate\Database\Connection->statement('insert into `us...', Array)
#3 /home/yeajobesk/public_html/backend/vendor/illuminate/database/Query/Processors/Processor.php(32): Illuminate\Database\Connection->insert('insert into `us...', Array)
#4 /home/yeajobesk/public_html/backend/vendor/illuminate/database/Query/Builder.php(2628): Illuminate\Database\Query\Processors\Processor->processInsertGetId(Object(Illuminate\Database\Query\Builder), 'insert into `us...', Array, NULL)
#5 /home/yeajobesk/public_html/backend/vendor/illuminate/database/Eloquent/Builder.php(1338): Illuminate\Database\Query\Builder->insertGetId(Array)
#6 /home/yeajobesk/public_html/backend/vendor/illuminate/support/Traits/ForwardsCalls.php(23): Illuminate\Database\Eloquent\Builder->__call('insertGetId', Array)
#7 /home/yeajobesk/public_html/backend/vendor/illuminate/database/Eloquent/Model.php(1610): Illuminate\Database\Eloquent\Model->forwardCallTo(Object(Illuminate\Database\Eloquent\Builder), 'insertGetId', Array)
#8 /home/yeajobesk/public_html/backend/vendor/illuminate/database/Eloquent/Model.php(1622): Illuminate\Database\Eloquent\Model->__call('insertGetId', Array)
#9 /home/yeajobesk/public_html/backend/app/Http/Controllers/sponsorsController.php(59): Illuminate\Database\Eloquent\Model::__callStatic('insertGetId', Array)
#10 [internal function]: App\Http\Controllers\sponsorsController->store(Object(Laravel\Lumen\Http\Request))
#11 /home/yeajobesk/public_html/backend/vendor/illuminate/container/BoundMethod.php(29): call_user_func_array(Array, Array)
#12 /home/yeajobesk/public_html/backend/vendor/illuminate/container/BoundMethod.php(87): Illuminate\Container\BoundMethod::Illuminate\Container\{closure}()
#13 /home/yeajobesk/public_html/backend/vendor/illuminate/container/BoundMethod.php(31): Illuminate\Container\BoundMethod::callBoundMethod(Object(Laravel\Lumen\Application), Array, Object(Closure))
#14 /home/yeajobesk/public_html/backend/vendor/illuminate/container/Container.php(572): Illuminate\Container\BoundMethod::call(Object(Laravel\Lumen\Application), Array, Array, NULL)
#15 /home/yeajobesk/public_html/backend/vendor/laravel/lumen-framework/src/Concerns/RoutesRequests.php(378): Illuminate\Container\Container->call(Array, Array)
#16 /home/yeajobesk/public_html/backend/vendor/laravel/lumen-framework/src/Concerns/RoutesRequests.php(344): Laravel\Lumen\Application->callControllerCallable(Array, Array)
#17 /home/yeajobesk/public_html/backend/vendor/laravel/lumen-framework/src/Concerns/RoutesRequests.php(318): Laravel\Lumen\Application->callLumenController(Object(App\Http\Controllers\sponsorsController), 'store', Array)
#18 /home/yeajobesk/public_html/backend/vendor/laravel/lumen-framework/src/Concerns/RoutesRequests.php(280): Laravel\Lumen\Application->callControllerAction(Array)
#19 /home/yeajobesk/public_html/backend/vendor/laravel/lumen-framework/src/Concerns/RoutesRequests.php(265): Laravel\Lumen\Application->callActionOnArrayBasedRoute(Array)
#20 /home/yeajobesk/public_html/backend/vendor/laravel/lumen-framework/src/Concerns/RoutesRequests.php(165): Laravel\Lumen\Application->handleFoundRoute(Array)
#21 [internal function]: Laravel\Lumen\Application->Laravel\Lumen\Concerns\{closure}(Object(Laravel\Lumen\Http\Request))
#22 /home/yeajobesk/public_html/backend/vendor/laravel/lumen-framework/src/Routing/Pipeline.php(52): call_user_func(Object(Closure), Object(Laravel\Lumen\Http\Request))
#23 /home/yeajobesk/public_html/backend/app/Http/Middleware/PreflightResponse.php(32): Laravel\Lumen\Routing\Pipeline->Laravel\Lumen\Routing\{closure}(Object(Laravel\Lumen\Http\Request))
#24 /home/yeajobesk/public_html/backend/vendor/illuminate/pipeline/Pipeline.php(163): App\Http\Middleware\PreflightResponse->handle(Object(Laravel\Lumen\Http\Request), Object(Closure))
#25 [internal function]: Illuminate\Pipeline\Pipeline->Illuminate\Pipeline\{closure}(Object(Laravel\Lumen\Http\Request))
#26 /home/yeajobesk/public_html/backend/vendor/laravel/lumen-framework/src/Routing/Pipeline.php(32): call_user_func(Object(Closure), Object(Laravel\Lumen\Http\Request))
#27 /home/yeajobesk/public_html/backend/vendor/illuminate/pipeline/Pipeline.php(104): Laravel\Lumen\Routing\Pipeline->Laravel\Lumen\Routing\{closure}(Object(Laravel\Lumen\Http\Request))
#28 /home/yeajobesk/public_html/backend/vendor/laravel/lumen-framework/src/Concerns/RoutesRequests.php(415): Illuminate\Pipeline\Pipeline->then(Object(Closure))
#29 /home/yeajobesk/public_html/backend/vendor/laravel/lumen-framework/src/Concerns/RoutesRequests.php(171): Laravel\Lumen\Application->sendThroughPipeline(Array, Object(Closure))
#30 /home/yeajobesk/public_html/backend/vendor/laravel/lumen-framework/src/Concerns/RoutesRequests.php(108): Laravel\Lumen\Application->dispatch(NULL)
#31 /home/yeajobesk/public_html/backend/public/index.php(28): Laravel\Lumen\Application->run()
#32 {main} {"exception":"[object] (Illuminate\\Database\\QueryException(code: 42S22): SQLSTATE[42S22]: Column not found: 1054 Unknown column 'sponsorName' in 'field list' (SQL: insert into `users` (`sponsorName`, `email`, `password`, `role`, `created_at`) values (New Sponsor, newsponsor@gmail.com, 123456, , 2019-06-20 11:45:42)) at /home/yeajobesk/public_html/backend/vendor/illuminate/database/Connection.php:664, PDOException(code: 42S22): SQLSTATE[42S22]: Column not found: 1054 Unknown column 'sponsorName' in 'field list' at /home/yeajobesk/public_html/backend/vendor/illuminate/database/Connection.php:452)
[stacktrace]
#0 /home/yeajobesk/public_html/backend/vendor/illuminate/database/Connection.php(624): Illuminate\\Database\\Connection->runQueryCallback('insert into `us...', Array, Object(Closure))
#1 /home/yeajobesk/public_html/backend/vendor/illuminate/database/Connection.php(459): Illuminate\\Database\\Connection->run('insert into `us...', Array, Object(Closure))
#2 /home/yeajobesk/public_html/backend/vendor/illuminate/database/Connection.php(411): Illuminate\\Database\\Connection->statement('insert into `us...', Array)
#3 /home/yeajobesk/public_html/backend/vendor/illuminate/database/Query/Processors/Processor.php(32): Illuminate\\Database\\Connection->insert('insert into `us...', Array)
#4 /home/yeajobesk/public_html/backend/vendor/illuminate/database/Query/Builder.php(2628): Illuminate\\Database\\Query\\Processors\\Processor->processInsertGetId(Object(Illuminate\\Database\\Query\\Builder), 'insert into `us...', Array, NULL)
#5 /home/yeajobesk/public_html/backend/vendor/illuminate/database/Eloquent/Builder.php(1338): Illuminate\\Database\\Query\\Builder->insertGetId(Array)
#6 /home/yeajobesk/public_html/backend/vendor/illuminate/support/Traits/ForwardsCalls.php(23): Illuminate\\Database\\Eloquent\\Builder->__call('insertGetId', Array)
#7 /home/yeajobesk/public_html/backend/vendor/illuminate/database/Eloquent/Model.php(1610): Illuminate\\Database\\Eloquent\\Model->forwardCallTo(Object(Illuminate\\Database\\Eloquent\\Builder), 'insertGetId', Array)
#8 /home/yeajobesk/public_html/backend/vendor/illuminate/database/Eloquent/Model.php(1622): Illuminate\\Database\\Eloquent\\Model->__call('insertGetId', Array)
#9 /home/yeajobesk/public_html/backend/app/Http/Controllers/sponsorsController.php(59): Illuminate\\Database\\Eloquent\\Model::__callStatic('insertGetId', Array)
#10 [internal function]: App\\Http\\Controllers\\sponsorsController->store(Object(Laravel\\Lumen\\Http\\Request))
#11 /home/yeajobesk/public_html/backend/vendor/illuminate/container/BoundMethod.php(29): call_user_func_array(Array, Array)
#12 /home/yeajobesk/public_html/backend/vendor/illuminate/container/BoundMethod.php(87): Illuminate\\Container\\BoundMethod::Illuminate\\Container\\{closure}()
#13 /home/yeajobesk/public_html/backend/vendor/illuminate/container/BoundMethod.php(31): Illuminate\\Container\\BoundMethod::callBoundMethod(Object(Laravel\\Lumen\\Application), Array, Object(Closure))
#14 /home/yeajobesk/public_html/backend/vendor/illuminate/container/Container.php(572): Illuminate\\Container\\BoundMethod::call(Object(Laravel\\Lumen\\Application), Array, Array, NULL)
#15 /home/yeajobesk/public_html/backend/vendor/laravel/lumen-framework/src/Concerns/RoutesRequests.php(378): Illuminate\\Container\\Container->call(Array, Array)
#16 /home/yeajobesk/public_html/backend/vendor/laravel/lumen-framework/src/Concerns/RoutesRequests.php(344): Laravel\\Lumen\\Application->callControllerCallable(Array, Array)
#17 /home/yeajobesk/public_html/backend/vendor/laravel/lumen-framework/src/Concerns/RoutesRequests.php(318): Laravel\\Lumen\\Application->callLumenController(Object(App\\Http\\Controllers\\sponsorsController), 'store', Array)
#18 /home/yeajobesk/public_html/backend/vendor/laravel/lumen-framework/src/Concerns/RoutesRequests.php(280): Laravel\\Lumen\\Application->callControllerAction(Array)
#19 /home/yeajobesk/public_html/backend/vendor/laravel/lumen-framework/src/Concerns/RoutesRequests.php(265): Laravel\\Lumen\\Application->callActionOnArrayBasedRoute(Array)
#20 /home/yeajobesk/public_html/backend/vendor/laravel/lumen-framework/src/Concerns/RoutesRequests.php(165): Laravel\\Lumen\\Application->handleFoundRoute(Array)
#21 [internal function]: Laravel\\Lumen\\Application->Laravel\\Lumen\\Concerns\\{closure}(Object(Laravel\\Lumen\\Http\\Request))
#22 /home/yeajobesk/public_html/backend/vendor/laravel/lumen-framework/src/Routing/Pipeline.php(52): call_user_func(Object(Closure), Object(Laravel\\Lumen\\Http\\Request))
#23 /home/yeajobesk/public_html/backend/app/Http/Middleware/PreflightResponse.php(32): Laravel\\Lumen\\Routing\\Pipeline->Laravel\\Lumen\\Routing\\{closure}(Object(Laravel\\Lumen\\Http\\Request))
#24 /home/yeajobesk/public_html/backend/vendor/illuminate/pipeline/Pipeline.php(163): App\\Http\\Middleware\\PreflightResponse->handle(Object(Laravel\\Lumen\\Http\\Request), Object(Closure))
#25 [internal function]: Illuminate\\Pipeline\\Pipeline->Illuminate\\Pipeline\\{closure}(Object(Laravel\\Lumen\\Http\\Request))
#26 /home/yeajobesk/public_html/backend/vendor/laravel/lumen-framework/src/Routing/Pipeline.php(32): call_user_func(Object(Closure), Object(Laravel\\Lumen\\Http\\Request))
#27 /home/yeajobesk/public_html/backend/vendor/illuminate/pipeline/Pipeline.php(104): Laravel\\Lumen\\Routing\\Pipeline->Laravel\\Lumen\\Routing\\{closure}(Object(Laravel\\Lumen\\Http\\Request))
#28 /home/yeajobesk/public_html/backend/vendor/laravel/lumen-framework/src/Concerns/RoutesRequests.php(415): Illuminate\\Pipeline\\Pipeline->then(Object(Closure))
#29 /home/yeajobesk/public_html/backend/vendor/laravel/lumen-framework/src/Concerns/RoutesRequests.php(171): Laravel\\Lumen\\Application->sendThroughPipeline(Array, Object(Closure))
#30 /home/yeajobesk/public_html/backend/vendor/laravel/lumen-framework/src/Concerns/RoutesRequests.php(108): Laravel\\Lumen\\Application->dispatch(NULL)
#31 /home/yeajobesk/public_html/backend/public/index.php(28): Laravel\\Lumen\\Application->run()
#32 {main}
"} 
[2019-06-20 12:32:07] local.ERROR: ErrorException: count(): Parameter must be an array or an object that implements Countable in /home/yeajobesk/public_html/backend/app/Http/Controllers/NotesController.php:21
Stack trace:
#0 [internal function]: Laravel\Lumen\Application->Laravel\Lumen\Concerns\{closure}(2, 'count(): Parame...', '/home/yeajobesk...', 21, Array)
#1 /home/yeajobesk/public_html/backend/app/Http/Controllers/NotesController.php(21): count(NULL)
#2 [internal function]: App\Http\Controllers\NotesController->getNotes('5', '1221')
#3 /home/yeajobesk/public_html/backend/vendor/illuminate/container/BoundMethod.php(29): call_user_func_array(Array, Array)
#4 /home/yeajobesk/public_html/backend/vendor/illuminate/container/BoundMethod.php(87): Illuminate\Container\BoundMethod::Illuminate\Container\{closure}()
#5 /home/yeajobesk/public_html/backend/vendor/illuminate/container/BoundMethod.php(31): Illuminate\Container\BoundMethod::callBoundMethod(Object(Laravel\Lumen\Application), Array, Object(Closure))
#6 /home/yeajobesk/public_html/backend/vendor/illuminate/container/Container.php(572): Illuminate\Container\BoundMethod::call(Object(Laravel\Lumen\Application), Array, Array, NULL)
#7 /home/yeajobesk/public_html/backend/vendor/laravel/lumen-framework/src/Concerns/RoutesRequests.php(378): Illuminate\Container\Container->call(Array, Array)
#8 /home/yeajobesk/public_html/backend/vendor/laravel/lumen-framework/src/Concerns/RoutesRequests.php(344): Laravel\Lumen\Application->callControllerCallable(Array, Array)
#9 /home/yeajobesk/public_html/backend/vendor/laravel/lumen-framework/src/Concerns/RoutesRequests.php(318): Laravel\Lumen\Application->callLumenController(Object(App\Http\Controllers\NotesController), 'getNotes', Array)
#10 /home/yeajobesk/public_html/backend/vendor/laravel/lumen-framework/src/Concerns/RoutesRequests.php(280): Laravel\Lumen\Application->callControllerAction(Array)
#11 /home/yeajobesk/public_html/backend/vendor/laravel/lumen-framework/src/Concerns/RoutesRequests.php(265): Laravel\Lumen\Application->callActionOnArrayBasedRoute(Array)
#12 /home/yeajobesk/public_html/backend/vendor/laravel/lumen-framework/src/Concerns/RoutesRequests.php(235): Laravel\Lumen\Application->handleFoundRoute(Array)
#13 /home/yeajobesk/public_html/backend/vendor/laravel/lumen-framework/src/Concerns/RoutesRequests.php(169): Laravel\Lumen\Application->handleDispatcherResponse(Array)
#14 [internal function]: Laravel\Lumen\Application->Laravel\Lumen\Concerns\{closure}(Object(Laravel\Lumen\Http\Request))
#15 /home/yeajobesk/public_html/backend/vendor/laravel/lumen-framework/src/Routing/Pipeline.php(52): call_user_func(Object(Closure), Object(Laravel\Lumen\Http\Request))
#16 /home/yeajobesk/public_html/backend/app/Http/Middleware/PreflightResponse.php(32): Laravel\Lumen\Routing\Pipeline->Laravel\Lumen\Routing\{closure}(Object(Laravel\Lumen\Http\Request))
#17 /home/yeajobesk/public_html/backend/vendor/illuminate/pipeline/Pipeline.php(163): App\Http\Middleware\PreflightResponse->handle(Object(Laravel\Lumen\Http\Request), Object(Closure))
#18 [internal function]: Illuminate\Pipeline\Pipeline->Illuminate\Pipeline\{closure}(Object(Laravel\Lumen\Http\Request))
#19 /home/yeajobesk/public_html/backend/vendor/laravel/lumen-framework/src/Routing/Pipeline.php(32): call_user_func(Object(Closure), Object(Laravel\Lumen\Http\Request))
#20 /home/yeajobesk/public_html/backend/vendor/illuminate/pipeline/Pipeline.php(104): Laravel\Lumen\Routing\Pipeline->Laravel\Lumen\Routing\{closure}(Object(Laravel\Lumen\Http\Request))
#21 /home/yeajobesk/public_html/backend/vendor/laravel/lumen-framework/src/Concerns/RoutesRequests.php(415): Illuminate\Pipeline\Pipeline->then(Object(Closure))
#22 /home/yeajobesk/public_html/backend/vendor/laravel/lumen-framework/src/Concerns/RoutesRequests.php(171): Laravel\Lumen\Application->sendThroughPipeline(Array, Object(Closure))
#23 /home/yeajobesk/public_html/backend/vendor/laravel/lumen-framework/src/Concerns/RoutesRequests.php(108): Laravel\Lumen\Application->dispatch(NULL)
#24 /home/yeajobesk/public_html/backend/public/index.php(28): Laravel\Lumen\Application->run()
#25 {main} {"exception":"[object] (ErrorException(code: 0): count(): Parameter must be an array or an object that implements Countable at /home/yeajobesk/public_html/backend/app/Http/Controllers/NotesController.php:21)
[stacktrace]
#0 [internal function]: Laravel\\Lumen\\Application->Laravel\\Lumen\\Concerns\\{closure}(2, 'count(): Parame...', '/home/yeajobesk...', 21, Array)
#1 /home/yeajobesk/public_html/backend/app/Http/Controllers/NotesController.php(21): count(NULL)
#2 [internal function]: App\\Http\\Controllers\\NotesController->getNotes('5', '1221')
#3 /home/yeajobesk/public_html/backend/vendor/illuminate/container/BoundMethod.php(29): call_user_func_array(Array, Array)
#4 /home/yeajobesk/public_html/backend/vendor/illuminate/container/BoundMethod.php(87): Illuminate\\Container\\BoundMethod::Illuminate\\Container\\{closure}()
#5 /home/yeajobesk/public_html/backend/vendor/illuminate/container/BoundMethod.php(31): Illuminate\\Container\\BoundMethod::callBoundMethod(Object(Laravel\\Lumen\\Application), Array, Object(Closure))
#6 /home/yeajobesk/public_html/backend/vendor/illuminate/container/Container.php(572): Illuminate\\Container\\BoundMethod::call(Object(Laravel\\Lumen\\Application), Array, Array, NULL)
#7 /home/yeajobesk/public_html/backend/vendor/laravel/lumen-framework/src/Concerns/RoutesRequests.php(378): Illuminate\\Container\\Container->call(Array, Array)
#8 /home/yeajobesk/public_html/backend/vendor/laravel/lumen-framework/src/Concerns/RoutesRequests.php(344): Laravel\\Lumen\\Application->callControllerCallable(Array, Array)
#9 /home/yeajobesk/public_html/backend/vendor/laravel/lumen-framework/src/Concerns/RoutesRequests.php(318): Laravel\\Lumen\\Application->callLumenController(Object(App\\Http\\Controllers\\NotesController), 'getNotes', Array)
#10 /home/yeajobesk/public_html/backend/vendor/laravel/lumen-framework/src/Concerns/RoutesRequests.php(280): Laravel\\Lumen\\Application->callControllerAction(Array)
#11 /home/yeajobesk/public_html/backend/vendor/laravel/lumen-framework/src/Concerns/RoutesRequests.php(265): Laravel\\Lumen\\Application->callActionOnArrayBasedRoute(Array)
#12 /home/yeajobesk/public_html/backend/vendor/laravel/lumen-framework/src/Concerns/RoutesRequests.php(235): Laravel\\Lumen\\Application->handleFoundRoute(Array)
#13 /home/yeajobesk/public_html/backend/vendor/laravel/lumen-framework/src/Concerns/RoutesRequests.php(169): Laravel\\Lumen\\Application->handleDispatcherResponse(Array)
#14 [internal function]: Laravel\\Lumen\\Application->Laravel\\Lumen\\Concerns\\{closure}(Object(Laravel\\Lumen\\Http\\Request))
#15 /home/yeajobesk/public_html/backend/vendor/laravel/lumen-framework/src/Routing/Pipeline.php(52): call_user_func(Object(Closure), Object(Laravel\\Lumen\\Http\\Request))
#16 /home/yeajobesk/public_html/backend/app/Http/Middleware/PreflightResponse.php(32): Laravel\\Lumen\\Routing\\Pipeline->Laravel\\Lumen\\Routing\\{closure}(Object(Laravel\\Lumen\\Http\\Request))
#17 /home/yeajobesk/public_html/backend/vendor/illuminate/pipeline/Pipeline.php(163): App\\Http\\Middleware\\PreflightResponse->handle(Object(Laravel\\Lumen\\Http\\Request), Object(Closure))
#18 [internal function]: Illuminate\\Pipeline\\Pipeline->Illuminate\\Pipeline\\{closure}(Object(Laravel\\Lumen\\Http\\Request))
#19 /home/yeajobesk/public_html/backend/vendor/laravel/lumen-framework/src/Routing/Pipeline.php(32): call_user_func(Object(Closure), Object(Laravel\\Lumen\\Http\\Request))
#20 /home/yeajobesk/public_html/backend/vendor/illuminate/pipeline/Pipeline.php(104): Laravel\\Lumen\\Routing\\Pipeline->Laravel\\Lumen\\Routing\\{closure}(Object(Laravel\\Lumen\\Http\\Request))
#21 /home/yeajobesk/public_html/backend/vendor/laravel/lumen-framework/src/Concerns/RoutesRequests.php(415): Illuminate\\Pipeline\\Pipeline->then(Object(Closure))
#22 /home/yeajobesk/public_html/backend/vendor/laravel/lumen-framework/src/Concerns/RoutesRequests.php(171): Laravel\\Lumen\\Application->sendThroughPipeline(Array, Object(Closure))
#23 /home/yeajobesk/public_html/backend/vendor/laravel/lumen-framework/src/Concerns/RoutesRequests.php(108): Laravel\\Lumen\\Application->dispatch(NULL)
#24 /home/yeajobesk/public_html/backend/public/index.php(28): Laravel\\Lumen\\Application->run()
#25 {main}
"} 
[2019-06-20 12:32:09] local.ERROR: ErrorException: count(): Parameter must be an array or an object that implements Countable in /home/yeajobesk/public_html/backend/app/Http/Controllers/NotesController.php:21
Stack trace:
#0 [internal function]: Laravel\Lumen\Application->Laravel\Lumen\Concerns\{closure}(2, 'count(): Parame...', '/home/yeajobesk...', 21, Array)
#1 /home/yeajobesk/public_html/backend/app/Http/Controllers/NotesController.php(21): count(NULL)
#2 [internal function]: App\Http\Controllers\NotesController->getNotes('5', '1221')
#3 /home/yeajobesk/public_html/backend/vendor/illuminate/container/BoundMethod.php(29): call_user_func_array(Array, Array)
#4 /home/yeajobesk/public_html/backend/vendor/illuminate/container/BoundMethod.php(87): Illuminate\Container\BoundMethod::Illuminate\Container\{closure}()
#5 /home/yeajobesk/public_html/backend/vendor/illuminate/container/BoundMethod.php(31): Illuminate\Container\BoundMethod::callBoundMethod(Object(Laravel\Lumen\Application), Array, Object(Closure))
#6 /home/yeajobesk/public_html/backend/vendor/illuminate/container/Container.php(572): Illuminate\Container\BoundMethod::call(Object(Laravel\Lumen\Application), Array, Array, NULL)
#7 /home/yeajobesk/public_html/backend/vendor/laravel/lumen-framework/src/Concerns/RoutesRequests.php(378): Illuminate\Container\Container->call(Array, Array)
#8 /home/yeajobesk/public_html/backend/vendor/laravel/lumen-framework/src/Concerns/RoutesRequests.php(344): Laravel\Lumen\Application->callControllerCallable(Array, Array)
#9 /home/yeajobesk/public_html/backend/vendor/laravel/lumen-framework/src/Concerns/RoutesRequests.php(318): Laravel\Lumen\Application->callLumenController(Object(App\Http\Controllers\NotesController), 'getNotes', Array)
#10 /home/yeajobesk/public_html/backend/vendor/laravel/lumen-framework/src/Concerns/RoutesRequests.php(280): Laravel\Lumen\Application->callControllerAction(Array)
#11 /home/yeajobesk/public_html/backend/vendor/laravel/lumen-framework/src/Concerns/RoutesRequests.php(265): Laravel\Lumen\Application->callActionOnArrayBasedRoute(Array)
#12 /home/yeajobesk/public_html/backend/vendor/laravel/lumen-framework/src/Concerns/RoutesRequests.php(235): Laravel\Lumen\Application->handleFoundRoute(Array)
#13 /home/yeajobesk/public_html/backend/vendor/laravel/lumen-framework/src/Concerns/RoutesRequests.php(169): Laravel\Lumen\Application->handleDispatcherResponse(Array)
#14 [internal function]: Laravel\Lumen\Application->Laravel\Lumen\Concerns\{closure}(Object(Laravel\Lumen\Http\Request))
#15 /home/yeajobesk/public_html/backend/vendor/laravel/lumen-framework/src/Routing/Pipeline.php(52): call_user_func(Object(Closure), Object(Laravel\Lumen\Http\Request))
#16 /home/yeajobesk/public_html/backend/app/Http/Middleware/PreflightResponse.php(32): Laravel\Lumen\Routing\Pipeline->Laravel\Lumen\Routing\{closure}(Object(Laravel\Lumen\Http\Request))
#17 /home/yeajobesk/public_html/backend/vendor/illuminate/pipeline/Pipeline.php(163): App\Http\Middleware\PreflightResponse->handle(Object(Laravel\Lumen\Http\Request), Object(Closure))
#18 [internal function]: Illuminate\Pipeline\Pipeline->Illuminate\Pipeline\{closure}(Object(Laravel\Lumen\Http\Request))
#19 /home/yeajobesk/public_html/backend/vendor/laravel/lumen-framework/src/Routing/Pipeline.php(32): call_user_func(Object(Closure), Object(Laravel\Lumen\Http\Request))
#20 /home/yeajobesk/public_html/backend/vendor/illuminate/pipeline/Pipeline.php(104): Laravel\Lumen\Routing\Pipeline->Laravel\Lumen\Routing\{closure}(Object(Laravel\Lumen\Http\Request))
#21 /home/yeajobesk/public_html/backend/vendor/laravel/lumen-framework/src/Concerns/RoutesRequests.php(415): Illuminate\Pipeline\Pipeline->then(Object(Closure))
#22 /home/yeajobesk/public_html/backend/vendor/laravel/lumen-framework/src/Concerns/RoutesRequests.php(171): Laravel\Lumen\Application->sendThroughPipeline(Array, Object(Closure))
#23 /home/yeajobesk/public_html/backend/vendor/laravel/lumen-framework/src/Concerns/RoutesRequests.php(108): Laravel\Lumen\Application->dispatch(NULL)
#24 /home/yeajobesk/public_html/backend/public/index.php(28): Laravel\Lumen\Application->run()
#25 {main} {"exception":"[object] (ErrorException(code: 0): count(): Parameter must be an array or an object that implements Countable at /home/yeajobesk/public_html/backend/app/Http/Controllers/NotesController.php:21)
[stacktrace]
#0 [internal function]: Laravel\\Lumen\\Application->Laravel\\Lumen\\Concerns\\{closure}(2, 'count(): Parame...', '/home/yeajobesk...', 21, Array)
#1 /home/yeajobesk/public_html/backend/app/Http/Controllers/NotesController.php(21): count(NULL)
#2 [internal function]: App\\Http\\Controllers\\NotesController->getNotes('5', '1221')
#3 /home/yeajobesk/public_html/backend/vendor/illuminate/container/BoundMethod.php(29): call_user_func_array(Array, Array)
#4 /home/yeajobesk/public_html/backend/vendor/illuminate/container/BoundMethod.php(87): Illuminate\\Container\\BoundMethod::Illuminate\\Container\\{closure}()
#5 /home/yeajobesk/public_html/backend/vendor/illuminate/container/BoundMethod.php(31): Illuminate\\Container\\BoundMethod::callBoundMethod(Object(Laravel\\Lumen\\Application), Array, Object(Closure))
#6 /home/yeajobesk/public_html/backend/vendor/illuminate/container/Container.php(572): Illuminate\\Container\\BoundMethod::call(Object(Laravel\\Lumen\\Application), Array, Array, NULL)
#7 /home/yeajobesk/public_html/backend/vendor/laravel/lumen-framework/src/Concerns/RoutesRequests.php(378): Illuminate\\Container\\Container->call(Array, Array)
#8 /home/yeajobesk/public_html/backend/vendor/laravel/lumen-framework/src/Concerns/RoutesRequests.php(344): Laravel\\Lumen\\Application->callControllerCallable(Array, Array)
#9 /home/yeajobesk/public_html/backend/vendor/laravel/lumen-framework/src/Concerns/RoutesRequests.php(318): Laravel\\Lumen\\Application->callLumenController(Object(App\\Http\\Controllers\\NotesController), 'getNotes', Array)
#10 /home/yeajobesk/public_html/backend/vendor/laravel/lumen-framework/src/Concerns/RoutesRequests.php(280): Laravel\\Lumen\\Application->callControllerAction(Array)
#11 /home/yeajobesk/public_html/backend/vendor/laravel/lumen-framework/src/Concerns/RoutesRequests.php(265): Laravel\\Lumen\\Application->callActionOnArrayBasedRoute(Array)
#12 /home/yeajobesk/public_html/backend/vendor/laravel/lumen-framework/src/Concerns/RoutesRequests.php(235): Laravel\\Lumen\\Application->handleFoundRoute(Array)
#13 /home/yeajobesk/public_html/backend/vendor/laravel/lumen-framework/src/Concerns/RoutesRequests.php(169): Laravel\\Lumen\\Application->handleDispatcherResponse(Array)
#14 [internal function]: Laravel\\Lumen\\Application->Laravel\\Lumen\\Concerns\\{closure}(Object(Laravel\\Lumen\\Http\\Request))
#15 /home/yeajobesk/public_html/backend/vendor/laravel/lumen-framework/src/Routing/Pipeline.php(52): call_user_func(Object(Closure), Object(Laravel\\Lumen\\Http\\Request))
#16 /home/yeajobesk/public_html/backend/app/Http/Middleware/PreflightResponse.php(32): Laravel\\Lumen\\Routing\\Pipeline->Laravel\\Lumen\\Routing\\{closure}(Object(Laravel\\Lumen\\Http\\Request))
#17 /home/yeajobesk/public_html/backend/vendor/illuminate/pipeline/Pipeline.php(163): App\\Http\\Middleware\\PreflightResponse->handle(Object(Laravel\\Lumen\\Http\\Request), Object(Closure))
#18 [internal function]: Illuminate\\Pipeline\\Pipeline->Illuminate\\Pipeline\\{closure}(Object(Laravel\\Lumen\\Http\\Request))
#19 /home/yeajobesk/public_html/backend/vendor/laravel/lumen-framework/src/Routing/Pipeline.php(32): call_user_func(Object(Closure), Object(Laravel\\Lumen\\Http\\Request))
#20 /home/yeajobesk/public_html/backend/vendor/illuminate/pipeline/Pipeline.php(104): Laravel\\Lumen\\Routing\\Pipeline->Laravel\\Lumen\\Routing\\{closure}(Object(Laravel\\Lumen\\Http\\Request))
#21 /home/yeajobesk/public_html/backend/vendor/laravel/lumen-framework/src/Concerns/RoutesRequests.php(415): Illuminate\\Pipeline\\Pipeline->then(Object(Closure))
#22 /home/yeajobesk/public_html/backend/vendor/laravel/lumen-framework/src/Concerns/RoutesRequests.php(171): Laravel\\Lumen\\Application->sendThroughPipeline(Array, Object(Closure))
#23 /home/yeajobesk/public_html/backend/vendor/laravel/lumen-framework/src/Concerns/RoutesRequests.php(108): Laravel\\Lumen\\Application->dispatch(NULL)
#24 /home/yeajobesk/public_html/backend/public/index.php(28): Laravel\\Lumen\\Application->run()
#25 {main}
"} 
[2019-06-20 13:41:02] local.ERROR: ErrorException: array_combine(): Both parameters should have an equal number of elements in /home/yeajobesk/public_html/backend/app/Http/Controllers/userController.php:928
Stack trace:
#0 [internal function]: Laravel\Lumen\Application->Laravel\Lumen\Concerns\{closure}(2, 'array_combine()...', '/home/yeajobesk...', 928, Array)
#1 /home/yeajobesk/public_html/backend/app/Http/Controllers/userController.php(928): array_combine(Array, Array)
#2 /home/yeajobesk/public_html/backend/app/Http/Controllers/userController.php(947): App\Http\Controllers\userController->csvToArray(Object(Symfony\Component\HttpFoundation\File\File))
#3 [internal function]: App\Http\Controllers\userController->import(Object(Laravel\Lumen\Http\Request))
#4 /home/yeajobesk/public_html/backend/vendor/illuminate/container/BoundMethod.php(29): call_user_func_array(Array, Array)
#5 /home/yeajobesk/public_html/backend/vendor/illuminate/container/BoundMethod.php(87): Illuminate\Container\BoundMethod::Illuminate\Container\{closure}()
#6 /home/yeajobesk/public_html/backend/vendor/illuminate/container/BoundMethod.php(31): Illuminate\Container\BoundMethod::callBoundMethod(Object(Laravel\Lumen\Application), Array, Object(Closure))
#7 /home/yeajobesk/public_html/backend/vendor/illuminate/container/Container.php(572): Illuminate\Container\BoundMethod::call(Object(Laravel\Lumen\Application), Array, Array, NULL)
#8 /home/yeajobesk/public_html/backend/vendor/laravel/lumen-framework/src/Concerns/RoutesRequests.php(378): Illuminate\Container\Container->call(Array, Array)
#9 /home/yeajobesk/public_html/backend/vendor/laravel/lumen-framework/src/Concerns/RoutesRequests.php(344): Laravel\Lumen\Application->callControllerCallable(Array, Array)
#10 /home/yeajobesk/public_html/backend/vendor/laravel/lumen-framework/src/Concerns/RoutesRequests.php(318): Laravel\Lumen\Application->callLumenController(Object(App\Http\Controllers\userController), 'import', Array)
#11 /home/yeajobesk/public_html/backend/vendor/laravel/lumen-framework/src/Concerns/RoutesRequests.php(280): Laravel\Lumen\Application->callControllerAction(Array)
#12 /home/yeajobesk/public_html/backend/vendor/laravel/lumen-framework/src/Concerns/RoutesRequests.php(265): Laravel\Lumen\Application->callActionOnArrayBasedRoute(Array)
#13 /home/yeajobesk/public_html/backend/vendor/laravel/lumen-framework/src/Concerns/RoutesRequests.php(165): Laravel\Lumen\Application->handleFoundRoute(Array)
#14 [internal function]: Laravel\Lumen\Application->Laravel\Lumen\Concerns\{closure}(Object(Laravel\Lumen\Http\Request))
#15 /home/yeajobesk/public_html/backend/vendor/laravel/lumen-framework/src/Routing/Pipeline.php(52): call_user_func(Object(Closure), Object(Laravel\Lumen\Http\Request))
#16 /home/yeajobesk/public_html/backend/app/Http/Middleware/PreflightResponse.php(32): Laravel\Lumen\Routing\Pipeline->Laravel\Lumen\Routing\{closure}(Object(Laravel\Lumen\Http\Request))
#17 /home/yeajobesk/public_html/backend/vendor/illuminate/pipeline/Pipeline.php(163): App\Http\Middleware\PreflightResponse->handle(Object(Laravel\Lumen\Http\Request), Object(Closure))
#18 [internal function]: Illuminate\Pipeline\Pipeline->Illuminate\Pipeline\{closure}(Object(Laravel\Lumen\Http\Request))
#19 /home/yeajobesk/public_html/backend/vendor/laravel/lumen-framework/src/Routing/Pipeline.php(32): call_user_func(Object(Closure), Object(Laravel\Lumen\Http\Request))
#20 /home/yeajobesk/public_html/backend/vendor/illuminate/pipeline/Pipeline.php(104): Laravel\Lumen\Routing\Pipeline->Laravel\Lumen\Routing\{closure}(Object(Laravel\Lumen\Http\Request))
#21 /home/yeajobesk/public_html/backend/vendor/laravel/lumen-framework/src/Concerns/RoutesRequests.php(415): Illuminate\Pipeline\Pipeline->then(Object(Closure))
#22 /home/yeajobesk/public_html/backend/vendor/laravel/lumen-framework/src/Concerns/RoutesRequests.php(171): Laravel\Lumen\Application->sendThroughPipeline(Array, Object(Closure))
#23 /home/yeajobesk/public_html/backend/vendor/laravel/lumen-framework/src/Concerns/RoutesRequests.php(108): Laravel\Lumen\Application->dispatch(NULL)
#24 /home/yeajobesk/public_html/backend/public/index.php(28): Laravel\Lumen\Application->run()
#25 {main} {"exception":"[object] (ErrorException(code: 0): array_combine(): Both parameters should have an equal number of elements at /home/yeajobesk/public_html/backend/app/Http/Controllers/userController.php:928)
[stacktrace]
#0 [internal function]: Laravel\\Lumen\\Application->Laravel\\Lumen\\Concerns\\{closure}(2, 'array_combine()...', '/home/yeajobesk...', 928, Array)
#1 /home/yeajobesk/public_html/backend/app/Http/Controllers/userController.php(928): array_combine(Array, Array)
#2 /home/yeajobesk/public_html/backend/app/Http/Controllers/userController.php(947): App\\Http\\Controllers\\userController->csvToArray(Object(Symfony\\Component\\HttpFoundation\\File\\File))
#3 [internal function]: App\\Http\\Controllers\\userController->import(Object(Laravel\\Lumen\\Http\\Request))
#4 /home/yeajobesk/public_html/backend/vendor/illuminate/container/BoundMethod.php(29): call_user_func_array(Array, Array)
#5 /home/yeajobesk/public_html/backend/vendor/illuminate/container/BoundMethod.php(87): Illuminate\\Container\\BoundMethod::Illuminate\\Container\\{closure}()
#6 /home/yeajobesk/public_html/backend/vendor/illuminate/container/BoundMethod.php(31): Illuminate\\Container\\BoundMethod::callBoundMethod(Object(Laravel\\Lumen\\Application), Array, Object(Closure))
#7 /home/yeajobesk/public_html/backend/vendor/illuminate/container/Container.php(572): Illuminate\\Container\\BoundMethod::call(Object(Laravel\\Lumen\\Application), Array, Array, NULL)
#8 /home/yeajobesk/public_html/backend/vendor/laravel/lumen-framework/src/Concerns/RoutesRequests.php(378): Illuminate\\Container\\Container->call(Array, Array)
#9 /home/yeajobesk/public_html/backend/vendor/laravel/lumen-framework/src/Concerns/RoutesRequests.php(344): Laravel\\Lumen\\Application->callControllerCallable(Array, Array)
#10 /home/yeajobesk/public_html/backend/vendor/laravel/lumen-framework/src/Concerns/RoutesRequests.php(318): Laravel\\Lumen\\Application->callLumenController(Object(App\\Http\\Controllers\\userController), 'import', Array)
#11 /home/yeajobesk/public_html/backend/vendor/laravel/lumen-framework/src/Concerns/RoutesRequests.php(280): Laravel\\Lumen\\Application->callControllerAction(Array)
#12 /home/yeajobesk/public_html/backend/vendor/laravel/lumen-framework/src/Concerns/RoutesRequests.php(265): Laravel\\Lumen\\Application->callActionOnArrayBasedRoute(Array)
#13 /home/yeajobesk/public_html/backend/vendor/laravel/lumen-framework/src/Concerns/RoutesRequests.php(165): Laravel\\Lumen\\Application->handleFoundRoute(Array)
#14 [internal function]: Laravel\\Lumen\\Application->Laravel\\Lumen\\Concerns\\{closure}(Object(Laravel\\Lumen\\Http\\Request))
#15 /home/yeajobesk/public_html/backend/vendor/laravel/lumen-framework/src/Routing/Pipeline.php(52): call_user_func(Object(Closure), Object(Laravel\\Lumen\\Http\\Request))
#16 /home/yeajobesk/public_html/backend/app/Http/Middleware/PreflightResponse.php(32): Laravel\\Lumen\\Routing\\Pipeline->Laravel\\Lumen\\Routing\\{closure}(Object(Laravel\\Lumen\\Http\\Request))
#17 /home/yeajobesk/public_html/backend/vendor/illuminate/pipeline/Pipeline.php(163): App\\Http\\Middleware\\PreflightResponse->handle(Object(Laravel\\Lumen\\Http\\Request), Object(Closure))
#18 [internal function]: Illuminate\\Pipeline\\Pipeline->Illuminate\\Pipeline\\{closure}(Object(Laravel\\Lumen\\Http\\Request))
#19 /home/yeajobesk/public_html/backend/vendor/laravel/lumen-framework/src/Routing/Pipeline.php(32): call_user_func(Object(Closure), Object(Laravel\\Lumen\\Http\\Request))
#20 /home/yeajobesk/public_html/backend/vendor/illuminate/pipeline/Pipeline.php(104): Laravel\\Lumen\\Routing\\Pipeline->Laravel\\Lumen\\Routing\\{closure}(Object(Laravel\\Lumen\\Http\\Request))
#21 /home/yeajobesk/public_html/backend/vendor/laravel/lumen-framework/src/Concerns/RoutesRequests.php(415): Illuminate\\Pipeline\\Pipeline->then(Object(Closure))
#22 /home/yeajobesk/public_html/backend/vendor/laravel/lumen-framework/src/Concerns/RoutesRequests.php(171): Laravel\\Lumen\\Application->sendThroughPipeline(Array, Object(Closure))
#23 /home/yeajobesk/public_html/backend/vendor/laravel/lumen-framework/src/Concerns/RoutesRequests.php(108): Laravel\\Lumen\\Application->dispatch(NULL)
#24 /home/yeajobesk/public_html/backend/public/index.php(28): Laravel\\Lumen\\Application->run()
#25 {main}
"} 
[2019-06-20 13:42:26] local.ERROR: ErrorException: Undefined index: Surname in /home/yeajobesk/public_html/backend/app/Http/Controllers/userController.php:963
Stack trace:
#0 /home/yeajobesk/public_html/backend/app/Http/Controllers/userController.php(963): Laravel\Lumen\Application->Laravel\Lumen\Concerns\{closure}(8, 'Undefined index...', '/home/yeajobesk...', 963, Array)
#1 [internal function]: App\Http\Controllers\userController->import(Object(Laravel\Lumen\Http\Request))
#2 /home/yeajobesk/public_html/backend/vendor/illuminate/container/BoundMethod.php(29): call_user_func_array(Array, Array)
#3 /home/yeajobesk/public_html/backend/vendor/illuminate/container/BoundMethod.php(87): Illuminate\Container\BoundMethod::Illuminate\Container\{closure}()
#4 /home/yeajobesk/public_html/backend/vendor/illuminate/container/BoundMethod.php(31): Illuminate\Container\BoundMethod::callBoundMethod(Object(Laravel\Lumen\Application), Array, Object(Closure))
#5 /home/yeajobesk/public_html/backend/vendor/illuminate/container/Container.php(572): Illuminate\Container\BoundMethod::call(Object(Laravel\Lumen\Application), Array, Array, NULL)
#6 /home/yeajobesk/public_html/backend/vendor/laravel/lumen-framework/src/Concerns/RoutesRequests.php(378): Illuminate\Container\Container->call(Array, Array)
#7 /home/yeajobesk/public_html/backend/vendor/laravel/lumen-framework/src/Concerns/RoutesRequests.php(344): Laravel\Lumen\Application->callControllerCallable(Array, Array)
#8 /home/yeajobesk/public_html/backend/vendor/laravel/lumen-framework/src/Concerns/RoutesRequests.php(318): Laravel\Lumen\Application->callLumenController(Object(App\Http\Controllers\userController), 'import', Array)
#9 /home/yeajobesk/public_html/backend/vendor/laravel/lumen-framework/src/Concerns/RoutesRequests.php(280): Laravel\Lumen\Application->callControllerAction(Array)
#10 /home/yeajobesk/public_html/backend/vendor/laravel/lumen-framework/src/Concerns/RoutesRequests.php(265): Laravel\Lumen\Application->callActionOnArrayBasedRoute(Array)
#11 /home/yeajobesk/public_html/backend/vendor/laravel/lumen-framework/src/Concerns/RoutesRequests.php(165): Laravel\Lumen\Application->handleFoundRoute(Array)
#12 [internal function]: Laravel\Lumen\Application->Laravel\Lumen\Concerns\{closure}(Object(Laravel\Lumen\Http\Request))
#13 /home/yeajobesk/public_html/backend/vendor/laravel/lumen-framework/src/Routing/Pipeline.php(52): call_user_func(Object(Closure), Object(Laravel\Lumen\Http\Request))
#14 /home/yeajobesk/public_html/backend/app/Http/Middleware/PreflightResponse.php(32): Laravel\Lumen\Routing\Pipeline->Laravel\Lumen\Routing\{closure}(Object(Laravel\Lumen\Http\Request))
#15 /home/yeajobesk/public_html/backend/vendor/illuminate/pipeline/Pipeline.php(163): App\Http\Middleware\PreflightResponse->handle(Object(Laravel\Lumen\Http\Request), Object(Closure))
#16 [internal function]: Illuminate\Pipeline\Pipeline->Illuminate\Pipeline\{closure}(Object(Laravel\Lumen\Http\Request))
#17 /home/yeajobesk/public_html/backend/vendor/laravel/lumen-framework/src/Routing/Pipeline.php(32): call_user_func(Object(Closure), Object(Laravel\Lumen\Http\Request))
#18 /home/yeajobesk/public_html/backend/vendor/illuminate/pipeline/Pipeline.php(104): Laravel\Lumen\Routing\Pipeline->Laravel\Lumen\Routing\{closure}(Object(Laravel\Lumen\Http\Request))
#19 /home/yeajobesk/public_html/backend/vendor/laravel/lumen-framework/src/Concerns/RoutesRequests.php(415): Illuminate\Pipeline\Pipeline->then(Object(Closure))
#20 /home/yeajobesk/public_html/backend/vendor/laravel/lumen-framework/src/Concerns/RoutesRequests.php(171): Laravel\Lumen\Application->sendThroughPipeline(Array, Object(Closure))
#21 /home/yeajobesk/public_html/backend/vendor/laravel/lumen-framework/src/Concerns/RoutesRequests.php(108): Laravel\Lumen\Application->dispatch(NULL)
#22 /home/yeajobesk/public_html/backend/public/index.php(28): Laravel\Lumen\Application->run()
#23 {main} {"exception":"[object] (ErrorException(code: 0): Undefined index: Surname at /home/yeajobesk/public_html/backend/app/Http/Controllers/userController.php:963)
[stacktrace]
#0 /home/yeajobesk/public_html/backend/app/Http/Controllers/userController.php(963): Laravel\\Lumen\\Application->Laravel\\Lumen\\Concerns\\{closure}(8, 'Undefined index...', '/home/yeajobesk...', 963, Array)
#1 [internal function]: App\\Http\\Controllers\\userController->import(Object(Laravel\\Lumen\\Http\\Request))
#2 /home/yeajobesk/public_html/backend/vendor/illuminate/container/BoundMethod.php(29): call_user_func_array(Array, Array)
#3 /home/yeajobesk/public_html/backend/vendor/illuminate/container/BoundMethod.php(87): Illuminate\\Container\\BoundMethod::Illuminate\\Container\\{closure}()
#4 /home/yeajobesk/public_html/backend/vendor/illuminate/container/BoundMethod.php(31): Illuminate\\Container\\BoundMethod::callBoundMethod(Object(Laravel\\Lumen\\Application), Array, Object(Closure))
#5 /home/yeajobesk/public_html/backend/vendor/illuminate/container/Container.php(572): Illuminate\\Container\\BoundMethod::call(Object(Laravel\\Lumen\\Application), Array, Array, NULL)
#6 /home/yeajobesk/public_html/backend/vendor/laravel/lumen-framework/src/Concerns/RoutesRequests.php(378): Illuminate\\Container\\Container->call(Array, Array)
#7 /home/yeajobesk/public_html/backend/vendor/laravel/lumen-framework/src/Concerns/RoutesRequests.php(344): Laravel\\Lumen\\Application->callControllerCallable(Array, Array)
#8 /home/yeajobesk/public_html/backend/vendor/laravel/lumen-framework/src/Concerns/RoutesRequests.php(318): Laravel\\Lumen\\Application->callLumenController(Object(App\\Http\\Controllers\\userController), 'import', Array)
#9 /home/yeajobesk/public_html/backend/vendor/laravel/lumen-framework/src/Concerns/RoutesRequests.php(280): Laravel\\Lumen\\Application->callControllerAction(Array)
#10 /home/yeajobesk/public_html/backend/vendor/laravel/lumen-framework/src/Concerns/RoutesRequests.php(265): Laravel\\Lumen\\Application->callActionOnArrayBasedRoute(Array)
#11 /home/yeajobesk/public_html/backend/vendor/laravel/lumen-framework/src/Concerns/RoutesRequests.php(165): Laravel\\Lumen\\Application->handleFoundRoute(Array)
#12 [internal function]: Laravel\\Lumen\\Application->Laravel\\Lumen\\Concerns\\{closure}(Object(Laravel\\Lumen\\Http\\Request))
#13 /home/yeajobesk/public_html/backend/vendor/laravel/lumen-framework/src/Routing/Pipeline.php(52): call_user_func(Object(Closure), Object(Laravel\\Lumen\\Http\\Request))
#14 /home/yeajobesk/public_html/backend/app/Http/Middleware/PreflightResponse.php(32): Laravel\\Lumen\\Routing\\Pipeline->Laravel\\Lumen\\Routing\\{closure}(Object(Laravel\\Lumen\\Http\\Request))
#15 /home/yeajobesk/public_html/backend/vendor/illuminate/pipeline/Pipeline.php(163): App\\Http\\Middleware\\PreflightResponse->handle(Object(Laravel\\Lumen\\Http\\Request), Object(Closure))
#16 [internal function]: Illuminate\\Pipeline\\Pipeline->Illuminate\\Pipeline\\{closure}(Object(Laravel\\Lumen\\Http\\Request))
#17 /home/yeajobesk/public_html/backend/vendor/laravel/lumen-framework/src/Routing/Pipeline.php(32): call_user_func(Object(Closure), Object(Laravel\\Lumen\\Http\\Request))
#18 /home/yeajobesk/public_html/backend/vendor/illuminate/pipeline/Pipeline.php(104): Laravel\\Lumen\\Routing\\Pipeline->Laravel\\Lumen\\Routing\\{closure}(Object(Laravel\\Lumen\\Http\\Request))
#19 /home/yeajobesk/public_html/backend/vendor/laravel/lumen-framework/src/Concerns/RoutesRequests.php(415): Illuminate\\Pipeline\\Pipeline->then(Object(Closure))
#20 /home/yeajobesk/public_html/backend/vendor/laravel/lumen-framework/src/Concerns/RoutesRequests.php(171): Laravel\\Lumen\\Application->sendThroughPipeline(Array, Object(Closure))
#21 /home/yeajobesk/public_html/backend/vendor/laravel/lumen-framework/src/Concerns/RoutesRequests.php(108): Laravel\\Lumen\\Application->dispatch(NULL)
#22 /home/yeajobesk/public_html/backend/public/index.php(28): Laravel\\Lumen\\Application->run()
#23 {main}
"} 
[2019-06-20 13:45:52] local.ERROR: ErrorException: array_combine(): Both parameters should have an equal number of elements in /home/yeajobesk/public_html/backend/app/Http/Controllers/userController.php:928
Stack trace:
#0 [internal function]: Laravel\Lumen\Application->Laravel\Lumen\Concerns\{closure}(2, 'array_combine()...', '/home/yeajobesk...', 928, Array)
#1 /home/yeajobesk/public_html/backend/app/Http/Controllers/userController.php(928): array_combine(Array, Array)
#2 /home/yeajobesk/public_html/backend/app/Http/Controllers/userController.php(947): App\Http\Controllers\userController->csvToArray(Object(Symfony\Component\HttpFoundation\File\File))
#3 [internal function]: App\Http\Controllers\userController->import(Object(Laravel\Lumen\Http\Request))
#4 /home/yeajobesk/public_html/backend/vendor/illuminate/container/BoundMethod.php(29): call_user_func_array(Array, Array)
#5 /home/yeajobesk/public_html/backend/vendor/illuminate/container/BoundMethod.php(87): Illuminate\Container\BoundMethod::Illuminate\Container\{closure}()
#6 /home/yeajobesk/public_html/backend/vendor/illuminate/container/BoundMethod.php(31): Illuminate\Container\BoundMethod::callBoundMethod(Object(Laravel\Lumen\Application), Array, Object(Closure))
#7 /home/yeajobesk/public_html/backend/vendor/illuminate/container/Container.php(572): Illuminate\Container\BoundMethod::call(Object(Laravel\Lumen\Application), Array, Array, NULL)
#8 /home/yeajobesk/public_html/backend/vendor/laravel/lumen-framework/src/Concerns/RoutesRequests.php(378): Illuminate\Container\Container->call(Array, Array)
#9 /home/yeajobesk/public_html/backend/vendor/laravel/lumen-framework/src/Concerns/RoutesRequests.php(344): Laravel\Lumen\Application->callControllerCallable(Array, Array)
#10 /home/yeajobesk/public_html/backend/vendor/laravel/lumen-framework/src/Concerns/RoutesRequests.php(318): Laravel\Lumen\Application->callLumenController(Object(App\Http\Controllers\userController), 'import', Array)
#11 /home/yeajobesk/public_html/backend/vendor/laravel/lumen-framework/src/Concerns/RoutesRequests.php(280): Laravel\Lumen\Application->callControllerAction(Array)
#12 /home/yeajobesk/public_html/backend/vendor/laravel/lumen-framework/src/Concerns/RoutesRequests.php(265): Laravel\Lumen\Application->callActionOnArrayBasedRoute(Array)
#13 /home/yeajobesk/public_html/backend/vendor/laravel/lumen-framework/src/Concerns/RoutesRequests.php(165): Laravel\Lumen\Application->handleFoundRoute(Array)
#14 [internal function]: Laravel\Lumen\Application->Laravel\Lumen\Concerns\{closure}(Object(Laravel\Lumen\Http\Request))
#15 /home/yeajobesk/public_html/backend/vendor/laravel/lumen-framework/src/Routing/Pipeline.php(52): call_user_func(Object(Closure), Object(Laravel\Lumen\Http\Request))
#16 /home/yeajobesk/public_html/backend/app/Http/Middleware/PreflightResponse.php(32): Laravel\Lumen\Routing\Pipeline->Laravel\Lumen\Routing\{closure}(Object(Laravel\Lumen\Http\Request))
#17 /home/yeajobesk/public_html/backend/vendor/illuminate/pipeline/Pipeline.php(163): App\Http\Middleware\PreflightResponse->handle(Object(Laravel\Lumen\Http\Request), Object(Closure))
#18 [internal function]: Illuminate\Pipeline\Pipeline->Illuminate\Pipeline\{closure}(Object(Laravel\Lumen\Http\Request))
#19 /home/yeajobesk/public_html/backend/vendor/laravel/lumen-framework/src/Routing/Pipeline.php(32): call_user_func(Object(Closure), Object(Laravel\Lumen\Http\Request))
#20 /home/yeajobesk/public_html/backend/vendor/illuminate/pipeline/Pipeline.php(104): Laravel\Lumen\Routing\Pipeline->Laravel\Lumen\Routing\{closure}(Object(Laravel\Lumen\Http\Request))
#21 /home/yeajobesk/public_html/backend/vendor/laravel/lumen-framework/src/Concerns/RoutesRequests.php(415): Illuminate\Pipeline\Pipeline->then(Object(Closure))
#22 /home/yeajobesk/public_html/backend/vendor/laravel/lumen-framework/src/Concerns/RoutesRequests.php(171): Laravel\Lumen\Application->sendThroughPipeline(Array, Object(Closure))
#23 /home/yeajobesk/public_html/backend/vendor/laravel/lumen-framework/src/Concerns/RoutesRequests.php(108): Laravel\Lumen\Application->dispatch(NULL)
#24 /home/yeajobesk/public_html/backend/public/index.php(28): Laravel\Lumen\Application->run()
#25 {main} {"exception":"[object] (ErrorException(code: 0): array_combine(): Both parameters should have an equal number of elements at /home/yeajobesk/public_html/backend/app/Http/Controllers/userController.php:928)
[stacktrace]
#0 [internal function]: Laravel\\Lumen\\Application->Laravel\\Lumen\\Concerns\\{closure}(2, 'array_combine()...', '/home/yeajobesk...', 928, Array)
#1 /home/yeajobesk/public_html/backend/app/Http/Controllers/userController.php(928): array_combine(Array, Array)
#2 /home/yeajobesk/public_html/backend/app/Http/Controllers/userController.php(947): App\\Http\\Controllers\\userController->csvToArray(Object(Symfony\\Component\\HttpFoundation\\File\\File))
#3 [internal function]: App\\Http\\Controllers\\userController->import(Object(Laravel\\Lumen\\Http\\Request))
#4 /home/yeajobesk/public_html/backend/vendor/illuminate/container/BoundMethod.php(29): call_user_func_array(Array, Array)
#5 /home/yeajobesk/public_html/backend/vendor/illuminate/container/BoundMethod.php(87): Illuminate\\Container\\BoundMethod::Illuminate\\Container\\{closure}()
#6 /home/yeajobesk/public_html/backend/vendor/illuminate/container/BoundMethod.php(31): Illuminate\\Container\\BoundMethod::callBoundMethod(Object(Laravel\\Lumen\\Application), Array, Object(Closure))
#7 /home/yeajobesk/public_html/backend/vendor/illuminate/container/Container.php(572): Illuminate\\Container\\BoundMethod::call(Object(Laravel\\Lumen\\Application), Array, Array, NULL)
#8 /home/yeajobesk/public_html/backend/vendor/laravel/lumen-framework/src/Concerns/RoutesRequests.php(378): Illuminate\\Container\\Container->call(Array, Array)
#9 /home/yeajobesk/public_html/backend/vendor/laravel/lumen-framework/src/Concerns/RoutesRequests.php(344): Laravel\\Lumen\\Application->callControllerCallable(Array, Array)
#10 /home/yeajobesk/public_html/backend/vendor/laravel/lumen-framework/src/Concerns/RoutesRequests.php(318): Laravel\\Lumen\\Application->callLumenController(Object(App\\Http\\Controllers\\userController), 'import', Array)
#11 /home/yeajobesk/public_html/backend/vendor/laravel/lumen-framework/src/Concerns/RoutesRequests.php(280): Laravel\\Lumen\\Application->callControllerAction(Array)
#12 /home/yeajobesk/public_html/backend/vendor/laravel/lumen-framework/src/Concerns/RoutesRequests.php(265): Laravel\\Lumen\\Application->callActionOnArrayBasedRoute(Array)
#13 /home/yeajobesk/public_html/backend/vendor/laravel/lumen-framework/src/Concerns/RoutesRequests.php(165): Laravel\\Lumen\\Application->handleFoundRoute(Array)
#14 [internal function]: Laravel\\Lumen\\Application->Laravel\\Lumen\\Concerns\\{closure}(Object(Laravel\\Lumen\\Http\\Request))
#15 /home/yeajobesk/public_html/backend/vendor/laravel/lumen-framework/src/Routing/Pipeline.php(52): call_user_func(Object(Closure), Object(Laravel\\Lumen\\Http\\Request))
#16 /home/yeajobesk/public_html/backend/app/Http/Middleware/PreflightResponse.php(32): Laravel\\Lumen\\Routing\\Pipeline->Laravel\\Lumen\\Routing\\{closure}(Object(Laravel\\Lumen\\Http\\Request))
#17 /home/yeajobesk/public_html/backend/vendor/illuminate/pipeline/Pipeline.php(163): App\\Http\\Middleware\\PreflightResponse->handle(Object(Laravel\\Lumen\\Http\\Request), Object(Closure))
#18 [internal function]: Illuminate\\Pipeline\\Pipeline->Illuminate\\Pipeline\\{closure}(Object(Laravel\\Lumen\\Http\\Request))
#19 /home/yeajobesk/public_html/backend/vendor/laravel/lumen-framework/src/Routing/Pipeline.php(32): call_user_func(Object(Closure), Object(Laravel\\Lumen\\Http\\Request))
#20 /home/yeajobesk/public_html/backend/vendor/illuminate/pipeline/Pipeline.php(104): Laravel\\Lumen\\Routing\\Pipeline->Laravel\\Lumen\\Routing\\{closure}(Object(Laravel\\Lumen\\Http\\Request))
#21 /home/yeajobesk/public_html/backend/vendor/laravel/lumen-framework/src/Concerns/RoutesRequests.php(415): Illuminate\\Pipeline\\Pipeline->then(Object(Closure))
#22 /home/yeajobesk/public_html/backend/vendor/laravel/lumen-framework/src/Concerns/RoutesRequests.php(171): Laravel\\Lumen\\Application->sendThroughPipeline(Array, Object(Closure))
#23 /home/yeajobesk/public_html/backend/vendor/laravel/lumen-framework/src/Concerns/RoutesRequests.php(108): Laravel\\Lumen\\Application->dispatch(NULL)
#24 /home/yeajobesk/public_html/backend/public/index.php(28): Laravel\\Lumen\\Application->run()
#25 {main}
"} 
[2019-06-20 13:45:59] local.ERROR: ErrorException: Undefined index: Surname in /home/yeajobesk/public_html/backend/app/Http/Controllers/userController.php:963
Stack trace:
#0 /home/yeajobesk/public_html/backend/app/Http/Controllers/userController.php(963): Laravel\Lumen\Application->Laravel\Lumen\Concerns\{closure}(8, 'Undefined index...', '/home/yeajobesk...', 963, Array)
#1 [internal function]: App\Http\Controllers\userController->import(Object(Laravel\Lumen\Http\Request))
#2 /home/yeajobesk/public_html/backend/vendor/illuminate/container/BoundMethod.php(29): call_user_func_array(Array, Array)
#3 /home/yeajobesk/public_html/backend/vendor/illuminate/container/BoundMethod.php(87): Illuminate\Container\BoundMethod::Illuminate\Container\{closure}()
#4 /home/yeajobesk/public_html/backend/vendor/illuminate/container/BoundMethod.php(31): Illuminate\Container\BoundMethod::callBoundMethod(Object(Laravel\Lumen\Application), Array, Object(Closure))
#5 /home/yeajobesk/public_html/backend/vendor/illuminate/container/Container.php(572): Illuminate\Container\BoundMethod::call(Object(Laravel\Lumen\Application), Array, Array, NULL)
#6 /home/yeajobesk/public_html/backend/vendor/laravel/lumen-framework/src/Concerns/RoutesRequests.php(378): Illuminate\Container\Container->call(Array, Array)
#7 /home/yeajobesk/public_html/backend/vendor/laravel/lumen-framework/src/Concerns/RoutesRequests.php(344): Laravel\Lumen\Application->callControllerCallable(Array, Array)
#8 /home/yeajobesk/public_html/backend/vendor/laravel/lumen-framework/src/Concerns/RoutesRequests.php(318): Laravel\Lumen\Application->callLumenController(Object(App\Http\Controllers\userController), 'import', Array)
#9 /home/yeajobesk/public_html/backend/vendor/laravel/lumen-framework/src/Concerns/RoutesRequests.php(280): Laravel\Lumen\Application->callControllerAction(Array)
#10 /home/yeajobesk/public_html/backend/vendor/laravel/lumen-framework/src/Concerns/RoutesRequests.php(265): Laravel\Lumen\Application->callActionOnArrayBasedRoute(Array)
#11 /home/yeajobesk/public_html/backend/vendor/laravel/lumen-framework/src/Concerns/RoutesRequests.php(165): Laravel\Lumen\Application->handleFoundRoute(Array)
#12 [internal function]: Laravel\Lumen\Application->Laravel\Lumen\Concerns\{closure}(Object(Laravel\Lumen\Http\Request))
#13 /home/yeajobesk/public_html/backend/vendor/laravel/lumen-framework/src/Routing/Pipeline.php(52): call_user_func(Object(Closure), Object(Laravel\Lumen\Http\Request))
#14 /home/yeajobesk/public_html/backend/app/Http/Middleware/PreflightResponse.php(32): Laravel\Lumen\Routing\Pipeline->Laravel\Lumen\Routing\{closure}(Object(Laravel\Lumen\Http\Request))
#15 /home/yeajobesk/public_html/backend/vendor/illuminate/pipeline/Pipeline.php(163): App\Http\Middleware\PreflightResponse->handle(Object(Laravel\Lumen\Http\Request), Object(Closure))
#16 [internal function]: Illuminate\Pipeline\Pipeline->Illuminate\Pipeline\{closure}(Object(Laravel\Lumen\Http\Request))
#17 /home/yeajobesk/public_html/backend/vendor/laravel/lumen-framework/src/Routing/Pipeline.php(32): call_user_func(Object(Closure), Object(Laravel\Lumen\Http\Request))
#18 /home/yeajobesk/public_html/backend/vendor/illuminate/pipeline/Pipeline.php(104): Laravel\Lumen\Routing\Pipeline->Laravel\Lumen\Routing\{closure}(Object(Laravel\Lumen\Http\Request))
#19 /home/yeajobesk/public_html/backend/vendor/laravel/lumen-framework/src/Concerns/RoutesRequests.php(415): Illuminate\Pipeline\Pipeline->then(Object(Closure))
#20 /home/yeajobesk/public_html/backend/vendor/laravel/lumen-framework/src/Concerns/RoutesRequests.php(171): Laravel\Lumen\Application->sendThroughPipeline(Array, Object(Closure))
#21 /home/yeajobesk/public_html/backend/vendor/laravel/lumen-framework/src/Concerns/RoutesRequests.php(108): Laravel\Lumen\Application->dispatch(NULL)
#22 /home/yeajobesk/public_html/backend/public/index.php(28): Laravel\Lumen\Application->run()
#23 {main} {"exception":"[object] (ErrorException(code: 0): Undefined index: Surname at /home/yeajobesk/public_html/backend/app/Http/Controllers/userController.php:963)
[stacktrace]
#0 /home/yeajobesk/public_html/backend/app/Http/Controllers/userController.php(963): Laravel\\Lumen\\Application->Laravel\\Lumen\\Concerns\\{closure}(8, 'Undefined index...', '/home/yeajobesk...', 963, Array)
#1 [internal function]: App\\Http\\Controllers\\userController->import(Object(Laravel\\Lumen\\Http\\Request))
#2 /home/yeajobesk/public_html/backend/vendor/illuminate/container/BoundMethod.php(29): call_user_func_array(Array, Array)
#3 /home/yeajobesk/public_html/backend/vendor/illuminate/container/BoundMethod.php(87): Illuminate\\Container\\BoundMethod::Illuminate\\Container\\{closure}()
#4 /home/yeajobesk/public_html/backend/vendor/illuminate/container/BoundMethod.php(31): Illuminate\\Container\\BoundMethod::callBoundMethod(Object(Laravel\\Lumen\\Application), Array, Object(Closure))
#5 /home/yeajobesk/public_html/backend/vendor/illuminate/container/Container.php(572): Illuminate\\Container\\BoundMethod::call(Object(Laravel\\Lumen\\Application), Array, Array, NULL)
#6 /home/yeajobesk/public_html/backend/vendor/laravel/lumen-framework/src/Concerns/RoutesRequests.php(378): Illuminate\\Container\\Container->call(Array, Array)
#7 /home/yeajobesk/public_html/backend/vendor/laravel/lumen-framework/src/Concerns/RoutesRequests.php(344): Laravel\\Lumen\\Application->callControllerCallable(Array, Array)
#8 /home/yeajobesk/public_html/backend/vendor/laravel/lumen-framework/src/Concerns/RoutesRequests.php(318): Laravel\\Lumen\\Application->callLumenController(Object(App\\Http\\Controllers\\userController), 'import', Array)
#9 /home/yeajobesk/public_html/backend/vendor/laravel/lumen-framework/src/Concerns/RoutesRequests.php(280): Laravel\\Lumen\\Application->callControllerAction(Array)
#10 /home/yeajobesk/public_html/backend/vendor/laravel/lumen-framework/src/Concerns/RoutesRequests.php(265): Laravel\\Lumen\\Application->callActionOnArrayBasedRoute(Array)
#11 /home/yeajobesk/public_html/backend/vendor/laravel/lumen-framework/src/Concerns/RoutesRequests.php(165): Laravel\\Lumen\\Application->handleFoundRoute(Array)
#12 [internal function]: Laravel\\Lumen\\Application->Laravel\\Lumen\\Concerns\\{closure}(Object(Laravel\\Lumen\\Http\\Request))
#13 /home/yeajobesk/public_html/backend/vendor/laravel/lumen-framework/src/Routing/Pipeline.php(52): call_user_func(Object(Closure), Object(Laravel\\Lumen\\Http\\Request))
#14 /home/yeajobesk/public_html/backend/app/Http/Middleware/PreflightResponse.php(32): Laravel\\Lumen\\Routing\\Pipeline->Laravel\\Lumen\\Routing\\{closure}(Object(Laravel\\Lumen\\Http\\Request))
#15 /home/yeajobesk/public_html/backend/vendor/illuminate/pipeline/Pipeline.php(163): App\\Http\\Middleware\\PreflightResponse->handle(Object(Laravel\\Lumen\\Http\\Request), Object(Closure))
#16 [internal function]: Illuminate\\Pipeline\\Pipeline->Illuminate\\Pipeline\\{closure}(Object(Laravel\\Lumen\\Http\\Request))
#17 /home/yeajobesk/public_html/backend/vendor/laravel/lumen-framework/src/Routing/Pipeline.php(32): call_user_func(Object(Closure), Object(Laravel\\Lumen\\Http\\Request))
#18 /home/yeajobesk/public_html/backend/vendor/illuminate/pipeline/Pipeline.php(104): Laravel\\Lumen\\Routing\\Pipeline->Laravel\\Lumen\\Routing\\{closure}(Object(Laravel\\Lumen\\Http\\Request))
#19 /home/yeajobesk/public_html/backend/vendor/laravel/lumen-framework/src/Concerns/RoutesRequests.php(415): Illuminate\\Pipeline\\Pipeline->then(Object(Closure))
#20 /home/yeajobesk/public_html/backend/vendor/laravel/lumen-framework/src/Concerns/RoutesRequests.php(171): Laravel\\Lumen\\Application->sendThroughPipeline(Array, Object(Closure))
#21 /home/yeajobesk/public_html/backend/vendor/laravel/lumen-framework/src/Concerns/RoutesRequests.php(108): Laravel\\Lumen\\Application->dispatch(NULL)
#22 /home/yeajobesk/public_html/backend/public/index.php(28): Laravel\\Lumen\\Application->run()
#23 {main}
"} 
[2019-06-20 13:47:47] local.ERROR: ErrorException: Undefined index: speakerName in /home/yeajobesk/public_html/backend/app/Http/Controllers/speakerController.php:291
Stack trace:
#0 /home/yeajobesk/public_html/backend/app/Http/Controllers/speakerController.php(291): Laravel\Lumen\Application->Laravel\Lumen\Concerns\{closure}(8, 'Undefined index...', '/home/yeajobesk...', 291, Array)
#1 [internal function]: App\Http\Controllers\speakerController->importSpeakerCSV(Object(Laravel\Lumen\Http\Request))
#2 /home/yeajobesk/public_html/backend/vendor/illuminate/container/BoundMethod.php(29): call_user_func_array(Array, Array)
#3 /home/yeajobesk/public_html/backend/vendor/illuminate/container/BoundMethod.php(87): Illuminate\Container\BoundMethod::Illuminate\Container\{closure}()
#4 /home/yeajobesk/public_html/backend/vendor/illuminate/container/BoundMethod.php(31): Illuminate\Container\BoundMethod::callBoundMethod(Object(Laravel\Lumen\Application), Array, Object(Closure))
#5 /home/yeajobesk/public_html/backend/vendor/illuminate/container/Container.php(572): Illuminate\Container\BoundMethod::call(Object(Laravel\Lumen\Application), Array, Array, NULL)
#6 /home/yeajobesk/public_html/backend/vendor/laravel/lumen-framework/src/Concerns/RoutesRequests.php(378): Illuminate\Container\Container->call(Array, Array)
#7 /home/yeajobesk/public_html/backend/vendor/laravel/lumen-framework/src/Concerns/RoutesRequests.php(344): Laravel\Lumen\Application->callControllerCallable(Array, Array)
#8 /home/yeajobesk/public_html/backend/vendor/laravel/lumen-framework/src/Concerns/RoutesRequests.php(318): Laravel\Lumen\Application->callLumenController(Object(App\Http\Controllers\speakerController), 'importSpeakerCS...', Array)
#9 /home/yeajobesk/public_html/backend/vendor/laravel/lumen-framework/src/Concerns/RoutesRequests.php(280): Laravel\Lumen\Application->callControllerAction(Array)
#10 /home/yeajobesk/public_html/backend/vendor/laravel/lumen-framework/src/Concerns/RoutesRequests.php(265): Laravel\Lumen\Application->callActionOnArrayBasedRoute(Array)
#11 /home/yeajobesk/public_html/backend/vendor/laravel/lumen-framework/src/Concerns/RoutesRequests.php(165): Laravel\Lumen\Application->handleFoundRoute(Array)
#12 [internal function]: Laravel\Lumen\Application->Laravel\Lumen\Concerns\{closure}(Object(Laravel\Lumen\Http\Request))
#13 /home/yeajobesk/public_html/backend/vendor/laravel/lumen-framework/src/Routing/Pipeline.php(52): call_user_func(Object(Closure), Object(Laravel\Lumen\Http\Request))
#14 /home/yeajobesk/public_html/backend/app/Http/Middleware/PreflightResponse.php(32): Laravel\Lumen\Routing\Pipeline->Laravel\Lumen\Routing\{closure}(Object(Laravel\Lumen\Http\Request))
#15 /home/yeajobesk/public_html/backend/vendor/illuminate/pipeline/Pipeline.php(163): App\Http\Middleware\PreflightResponse->handle(Object(Laravel\Lumen\Http\Request), Object(Closure))
#16 [internal function]: Illuminate\Pipeline\Pipeline->Illuminate\Pipeline\{closure}(Object(Laravel\Lumen\Http\Request))
#17 /home/yeajobesk/public_html/backend/vendor/laravel/lumen-framework/src/Routing/Pipeline.php(32): call_user_func(Object(Closure), Object(Laravel\Lumen\Http\Request))
#18 /home/yeajobesk/public_html/backend/vendor/illuminate/pipeline/Pipeline.php(104): Laravel\Lumen\Routing\Pipeline->Laravel\Lumen\Routing\{closure}(Object(Laravel\Lumen\Http\Request))
#19 /home/yeajobesk/public_html/backend/vendor/laravel/lumen-framework/src/Concerns/RoutesRequests.php(415): Illuminate\Pipeline\Pipeline->then(Object(Closure))
#20 /home/yeajobesk/public_html/backend/vendor/laravel/lumen-framework/src/Concerns/RoutesRequests.php(171): Laravel\Lumen\Application->sendThroughPipeline(Array, Object(Closure))
#21 /home/yeajobesk/public_html/backend/vendor/laravel/lumen-framework/src/Concerns/RoutesRequests.php(108): Laravel\Lumen\Application->dispatch(NULL)
#22 /home/yeajobesk/public_html/backend/public/index.php(28): Laravel\Lumen\Application->run()
#23 {main} {"exception":"[object] (ErrorException(code: 0): Undefined index: speakerName at /home/yeajobesk/public_html/backend/app/Http/Controllers/speakerController.php:291)
[stacktrace]
#0 /home/yeajobesk/public_html/backend/app/Http/Controllers/speakerController.php(291): Laravel\\Lumen\\Application->Laravel\\Lumen\\Concerns\\{closure}(8, 'Undefined index...', '/home/yeajobesk...', 291, Array)
#1 [internal function]: App\\Http\\Controllers\\speakerController->importSpeakerCSV(Object(Laravel\\Lumen\\Http\\Request))
#2 /home/yeajobesk/public_html/backend/vendor/illuminate/container/BoundMethod.php(29): call_user_func_array(Array, Array)
#3 /home/yeajobesk/public_html/backend/vendor/illuminate/container/BoundMethod.php(87): Illuminate\\Container\\BoundMethod::Illuminate\\Container\\{closure}()
#4 /home/yeajobesk/public_html/backend/vendor/illuminate/container/BoundMethod.php(31): Illuminate\\Container\\BoundMethod::callBoundMethod(Object(Laravel\\Lumen\\Application), Array, Object(Closure))
#5 /home/yeajobesk/public_html/backend/vendor/illuminate/container/Container.php(572): Illuminate\\Container\\BoundMethod::call(Object(Laravel\\Lumen\\Application), Array, Array, NULL)
#6 /home/yeajobesk/public_html/backend/vendor/laravel/lumen-framework/src/Concerns/RoutesRequests.php(378): Illuminate\\Container\\Container->call(Array, Array)
#7 /home/yeajobesk/public_html/backend/vendor/laravel/lumen-framework/src/Concerns/RoutesRequests.php(344): Laravel\\Lumen\\Application->callControllerCallable(Array, Array)
#8 /home/yeajobesk/public_html/backend/vendor/laravel/lumen-framework/src/Concerns/RoutesRequests.php(318): Laravel\\Lumen\\Application->callLumenController(Object(App\\Http\\Controllers\\speakerController), 'importSpeakerCS...', Array)
#9 /home/yeajobesk/public_html/backend/vendor/laravel/lumen-framework/src/Concerns/RoutesRequests.php(280): Laravel\\Lumen\\Application->callControllerAction(Array)
#10 /home/yeajobesk/public_html/backend/vendor/laravel/lumen-framework/src/Concerns/RoutesRequests.php(265): Laravel\\Lumen\\Application->callActionOnArrayBasedRoute(Array)
#11 /home/yeajobesk/public_html/backend/vendor/laravel/lumen-framework/src/Concerns/RoutesRequests.php(165): Laravel\\Lumen\\Application->handleFoundRoute(Array)
#12 [internal function]: Laravel\\Lumen\\Application->Laravel\\Lumen\\Concerns\\{closure}(Object(Laravel\\Lumen\\Http\\Request))
#13 /home/yeajobesk/public_html/backend/vendor/laravel/lumen-framework/src/Routing/Pipeline.php(52): call_user_func(Object(Closure), Object(Laravel\\Lumen\\Http\\Request))
#14 /home/yeajobesk/public_html/backend/app/Http/Middleware/PreflightResponse.php(32): Laravel\\Lumen\\Routing\\Pipeline->Laravel\\Lumen\\Routing\\{closure}(Object(Laravel\\Lumen\\Http\\Request))
#15 /home/yeajobesk/public_html/backend/vendor/illuminate/pipeline/Pipeline.php(163): App\\Http\\Middleware\\PreflightResponse->handle(Object(Laravel\\Lumen\\Http\\Request), Object(Closure))
#16 [internal function]: Illuminate\\Pipeline\\Pipeline->Illuminate\\Pipeline\\{closure}(Object(Laravel\\Lumen\\Http\\Request))
#17 /home/yeajobesk/public_html/backend/vendor/laravel/lumen-framework/src/Routing/Pipeline.php(32): call_user_func(Object(Closure), Object(Laravel\\Lumen\\Http\\Request))
#18 /home/yeajobesk/public_html/backend/vendor/illuminate/pipeline/Pipeline.php(104): Laravel\\Lumen\\Routing\\Pipeline->Laravel\\Lumen\\Routing\\{closure}(Object(Laravel\\Lumen\\Http\\Request))
#19 /home/yeajobesk/public_html/backend/vendor/laravel/lumen-framework/src/Concerns/RoutesRequests.php(415): Illuminate\\Pipeline\\Pipeline->then(Object(Closure))
#20 /home/yeajobesk/public_html/backend/vendor/laravel/lumen-framework/src/Concerns/RoutesRequests.php(171): Laravel\\Lumen\\Application->sendThroughPipeline(Array, Object(Closure))
#21 /home/yeajobesk/public_html/backend/vendor/laravel/lumen-framework/src/Concerns/RoutesRequests.php(108): Laravel\\Lumen\\Application->dispatch(NULL)
#22 /home/yeajobesk/public_html/backend/public/index.php(28): Laravel\\Lumen\\Application->run()
#23 {main}
"} 
[2019-06-20 13:47:59] local.ERROR: ErrorException: array_combine(): Both parameters should have an equal number of elements in /home/yeajobesk/public_html/backend/app/Http/Controllers/speakerController.php:265
Stack trace:
#0 [internal function]: Laravel\Lumen\Application->Laravel\Lumen\Concerns\{closure}(2, 'array_combine()...', '/home/yeajobesk...', 265, Array)
#1 /home/yeajobesk/public_html/backend/app/Http/Controllers/speakerController.php(265): array_combine(Array, Array)
#2 /home/yeajobesk/public_html/backend/app/Http/Controllers/speakerController.php(286): App\Http\Controllers\speakerController->csvToArray(Object(Symfony\Component\HttpFoundation\File\File))
#3 [internal function]: App\Http\Controllers\speakerController->importSpeakerCSV(Object(Laravel\Lumen\Http\Request))
#4 /home/yeajobesk/public_html/backend/vendor/illuminate/container/BoundMethod.php(29): call_user_func_array(Array, Array)
#5 /home/yeajobesk/public_html/backend/vendor/illuminate/container/BoundMethod.php(87): Illuminate\Container\BoundMethod::Illuminate\Container\{closure}()
#6 /home/yeajobesk/public_html/backend/vendor/illuminate/container/BoundMethod.php(31): Illuminate\Container\BoundMethod::callBoundMethod(Object(Laravel\Lumen\Application), Array, Object(Closure))
#7 /home/yeajobesk/public_html/backend/vendor/illuminate/container/Container.php(572): Illuminate\Container\BoundMethod::call(Object(Laravel\Lumen\Application), Array, Array, NULL)
#8 /home/yeajobesk/public_html/backend/vendor/laravel/lumen-framework/src/Concerns/RoutesRequests.php(378): Illuminate\Container\Container->call(Array, Array)
#9 /home/yeajobesk/public_html/backend/vendor/laravel/lumen-framework/src/Concerns/RoutesRequests.php(344): Laravel\Lumen\Application->callControllerCallable(Array, Array)
#10 /home/yeajobesk/public_html/backend/vendor/laravel/lumen-framework/src/Concerns/RoutesRequests.php(318): Laravel\Lumen\Application->callLumenController(Object(App\Http\Controllers\speakerController), 'importSpeakerCS...', Array)
#11 /home/yeajobesk/public_html/backend/vendor/laravel/lumen-framework/src/Concerns/RoutesRequests.php(280): Laravel\Lumen\Application->callControllerAction(Array)
#12 /home/yeajobesk/public_html/backend/vendor/laravel/lumen-framework/src/Concerns/RoutesRequests.php(265): Laravel\Lumen\Application->callActionOnArrayBasedRoute(Array)
#13 /home/yeajobesk/public_html/backend/vendor/laravel/lumen-framework/src/Concerns/RoutesRequests.php(165): Laravel\Lumen\Application->handleFoundRoute(Array)
#14 [internal function]: Laravel\Lumen\Application->Laravel\Lumen\Concerns\{closure}(Object(Laravel\Lumen\Http\Request))
#15 /home/yeajobesk/public_html/backend/vendor/laravel/lumen-framework/src/Routing/Pipeline.php(52): call_user_func(Object(Closure), Object(Laravel\Lumen\Http\Request))
#16 /home/yeajobesk/public_html/backend/app/Http/Middleware/PreflightResponse.php(32): Laravel\Lumen\Routing\Pipeline->Laravel\Lumen\Routing\{closure}(Object(Laravel\Lumen\Http\Request))
#17 /home/yeajobesk/public_html/backend/vendor/illuminate/pipeline/Pipeline.php(163): App\Http\Middleware\PreflightResponse->handle(Object(Laravel\Lumen\Http\Request), Object(Closure))
#18 [internal function]: Illuminate\Pipeline\Pipeline->Illuminate\Pipeline\{closure}(Object(Laravel\Lumen\Http\Request))
#19 /home/yeajobesk/public_html/backend/vendor/laravel/lumen-framework/src/Routing/Pipeline.php(32): call_user_func(Object(Closure), Object(Laravel\Lumen\Http\Request))
#20 /home/yeajobesk/public_html/backend/vendor/illuminate/pipeline/Pipeline.php(104): Laravel\Lumen\Routing\Pipeline->Laravel\Lumen\Routing\{closure}(Object(Laravel\Lumen\Http\Request))
#21 /home/yeajobesk/public_html/backend/vendor/laravel/lumen-framework/src/Concerns/RoutesRequests.php(415): Illuminate\Pipeline\Pipeline->then(Object(Closure))
#22 /home/yeajobesk/public_html/backend/vendor/laravel/lumen-framework/src/Concerns/RoutesRequests.php(171): Laravel\Lumen\Application->sendThroughPipeline(Array, Object(Closure))
#23 /home/yeajobesk/public_html/backend/vendor/laravel/lumen-framework/src/Concerns/RoutesRequests.php(108): Laravel\Lumen\Application->dispatch(NULL)
#24 /home/yeajobesk/public_html/backend/public/index.php(28): Laravel\Lumen\Application->run()
#25 {main} {"exception":"[object] (ErrorException(code: 0): array_combine(): Both parameters should have an equal number of elements at /home/yeajobesk/public_html/backend/app/Http/Controllers/speakerController.php:265)
[stacktrace]
#0 [internal function]: Laravel\\Lumen\\Application->Laravel\\Lumen\\Concerns\\{closure}(2, 'array_combine()...', '/home/yeajobesk...', 265, Array)
#1 /home/yeajobesk/public_html/backend/app/Http/Controllers/speakerController.php(265): array_combine(Array, Array)
#2 /home/yeajobesk/public_html/backend/app/Http/Controllers/speakerController.php(286): App\\Http\\Controllers\\speakerController->csvToArray(Object(Symfony\\Component\\HttpFoundation\\File\\File))
#3 [internal function]: App\\Http\\Controllers\\speakerController->importSpeakerCSV(Object(Laravel\\Lumen\\Http\\Request))
#4 /home/yeajobesk/public_html/backend/vendor/illuminate/container/BoundMethod.php(29): call_user_func_array(Array, Array)
#5 /home/yeajobesk/public_html/backend/vendor/illuminate/container/BoundMethod.php(87): Illuminate\\Container\\BoundMethod::Illuminate\\Container\\{closure}()
#6 /home/yeajobesk/public_html/backend/vendor/illuminate/container/BoundMethod.php(31): Illuminate\\Container\\BoundMethod::callBoundMethod(Object(Laravel\\Lumen\\Application), Array, Object(Closure))
#7 /home/yeajobesk/public_html/backend/vendor/illuminate/container/Container.php(572): Illuminate\\Container\\BoundMethod::call(Object(Laravel\\Lumen\\Application), Array, Array, NULL)
#8 /home/yeajobesk/public_html/backend/vendor/laravel/lumen-framework/src/Concerns/RoutesRequests.php(378): Illuminate\\Container\\Container->call(Array, Array)
#9 /home/yeajobesk/public_html/backend/vendor/laravel/lumen-framework/src/Concerns/RoutesRequests.php(344): Laravel\\Lumen\\Application->callControllerCallable(Array, Array)
#10 /home/yeajobesk/public_html/backend/vendor/laravel/lumen-framework/src/Concerns/RoutesRequests.php(318): Laravel\\Lumen\\Application->callLumenController(Object(App\\Http\\Controllers\\speakerController), 'importSpeakerCS...', Array)
#11 /home/yeajobesk/public_html/backend/vendor/laravel/lumen-framework/src/Concerns/RoutesRequests.php(280): Laravel\\Lumen\\Application->callControllerAction(Array)
#12 /home/yeajobesk/public_html/backend/vendor/laravel/lumen-framework/src/Concerns/RoutesRequests.php(265): Laravel\\Lumen\\Application->callActionOnArrayBasedRoute(Array)
#13 /home/yeajobesk/public_html/backend/vendor/laravel/lumen-framework/src/Concerns/RoutesRequests.php(165): Laravel\\Lumen\\Application->handleFoundRoute(Array)
#14 [internal function]: Laravel\\Lumen\\Application->Laravel\\Lumen\\Concerns\\{closure}(Object(Laravel\\Lumen\\Http\\Request))
#15 /home/yeajobesk/public_html/backend/vendor/laravel/lumen-framework/src/Routing/Pipeline.php(52): call_user_func(Object(Closure), Object(Laravel\\Lumen\\Http\\Request))
#16 /home/yeajobesk/public_html/backend/app/Http/Middleware/PreflightResponse.php(32): Laravel\\Lumen\\Routing\\Pipeline->Laravel\\Lumen\\Routing\\{closure}(Object(Laravel\\Lumen\\Http\\Request))
#17 /home/yeajobesk/public_html/backend/vendor/illuminate/pipeline/Pipeline.php(163): App\\Http\\Middleware\\PreflightResponse->handle(Object(Laravel\\Lumen\\Http\\Request), Object(Closure))
#18 [internal function]: Illuminate\\Pipeline\\Pipeline->Illuminate\\Pipeline\\{closure}(Object(Laravel\\Lumen\\Http\\Request))
#19 /home/yeajobesk/public_html/backend/vendor/laravel/lumen-framework/src/Routing/Pipeline.php(32): call_user_func(Object(Closure), Object(Laravel\\Lumen\\Http\\Request))
#20 /home/yeajobesk/public_html/backend/vendor/illuminate/pipeline/Pipeline.php(104): Laravel\\Lumen\\Routing\\Pipeline->Laravel\\Lumen\\Routing\\{closure}(Object(Laravel\\Lumen\\Http\\Request))
#21 /home/yeajobesk/public_html/backend/vendor/laravel/lumen-framework/src/Concerns/RoutesRequests.php(415): Illuminate\\Pipeline\\Pipeline->then(Object(Closure))
#22 /home/yeajobesk/public_html/backend/vendor/laravel/lumen-framework/src/Concerns/RoutesRequests.php(171): Laravel\\Lumen\\Application->sendThroughPipeline(Array, Object(Closure))
#23 /home/yeajobesk/public_html/backend/vendor/laravel/lumen-framework/src/Concerns/RoutesRequests.php(108): Laravel\\Lumen\\Application->dispatch(NULL)
#24 /home/yeajobesk/public_html/backend/public/index.php(28): Laravel\\Lumen\\Application->run()
#25 {main}
"} 
